#
# A fatal error has been detected by the Java Runtime Environment:
#
#  EXCEPTION_ACCESS_VIOLATION (0xc0000005) at pc=0x00007ff94a686ac1, pid=15676, tid=30692
#
# JRE version: Java(TM) SE Runtime Environment (17.0.13+10) (build 17.0.13+10-LTS-268)
# Java VM: Java HotSpot(TM) 64-Bit Server VM (17.0.13+10-LTS-268, mixed mode, sharing, tiered, compressed oops, compressed class ptrs, g1 gc, windows-amd64)
# Problematic frame:
# C  [dpDevCtlx64.dll+0x16ac1]
#
# No core dump will be written. Minidumps are not enabled by default on client versions of Windows
#
# If you would like to submit a bug report, please visit:
#   https://bugreport.java.com/bugreport/crash.jsp
#

---------------  S U M M A R Y ------------

Command Line: com.unicesar.proyectogym.views.dashboard

Host: AMD Ryzen 7 7700X 8-Core Processor             , 16 cores, 31G,  Windows 11 , 64 bit Build 26100 (10.0.26100.8328)
Time: Mon Jun  8 17:12:21 2026 Hora est. Pacífico, Sudamérica elapsed time: 129.200299 seconds (0d 0h 2m 9s)

---------------  T H R E A D  ---------------

Current thread (0x0000022bf86c4370):  VMThread "VM Thread" [stack: 0x000000a4d9d00000,0x000000a4d9e00000] [id=30692]

Stack: [0x000000a4d9d00000,0x000000a4d9e00000],  sp=0x000000a4d9dfe820,  free space=1018k
Native frames: (J=compiled Java code, j=interpreted, Vv=VM code, C=native code)
C  [dpDevCtlx64.dll+0x16ac1]


siginfo: EXCEPTION_ACCESS_VIOLATION (0xc0000005), writing address 0x0000000000000008


Registers:
RAX=0x0000000000000000, RBX=0x0000022bfe17cda0, RCX=0x0000022bcb290a50, RDX=0x000000a4d9dfe900
RSP=0x000000a4d9dfe820, RBP=0x0000022bfe17cdb8, RSI=0x000000a4d9dfeac0, RDI=0x0000022bfe17cda0
R8 =0x0000022bcabfc4c0, R9 =0x0000000000000000, R10=0x0000022bcc8a0000, R11=0x0000000000000246
R12=0x000000007ffe0385, R13=0x0000000000000001, R14=0x00003c5e58e82649, R15=0x0000022bfe17cda0
RIP=0x00007ff94a686ac1, EFLAGS=0x0000000000010202


Register to memory mapping:

RIP=0x00007ff94a686ac1 dpDevCtlx64.dll
RAX=0x0 is NULL
RBX=0x0000022bfe17cda0 points into unknown readable memory: 0x00003c5e58e82649 | 49 26 e8 58 5e 3c 00 00
RCX=0x0000022bcb290a50 points into unknown readable memory: 0x0000000000000000 | 00 00 00 00 00 00 00 00
RDX=0x000000a4d9dfe900 points into unknown readable memory: 0x0000000000002710 | 10 27 00 00 00 00 00 00
RSP=0x000000a4d9dfe820 points into unknown readable memory: 0x0000000000000000 | 00 00 00 00 00 00 00 00
RBP=0x0000022bfe17cdb8 points into unknown readable memory: 0x00003c5e58e82649 | 49 26 e8 58 5e 3c 00 00
RSI=0x000000a4d9dfeac0 points into unknown readable memory: 0x000000a4d9dfeae0 | e0 ea df d9 a4 00 00 00
RDI=0x0000022bfe17cda0 points into unknown readable memory: 0x00003c5e58e82649 | 49 26 e8 58 5e 3c 00 00
R8 =0x0000022bcabfc4c0 points into unknown readable memory: 0x0000000000000000 | 00 00 00 00 00 00 00 00
R9 =0x0 is NULL
R10=0x0000022bcc8a0000 points into unknown readable memory: 0x0000000000000000 | 00 00 00 00 00 00 00 00
R11=0x0000000000000246 is an unknown value
R12=0x000000007ffe0385 points into unknown readable memory: 00 00 00
R13=0x0000000000000001 is an unknown value
R14=0x00003c5e58e82649 is an unknown value
R15=0x0000022bfe17cda0 points into unknown readable memory: 0x00003c5e58e82649 | 49 26 e8 58 5e 3c 00 00


Top of Stack: (sp=0x000000a4d9dfe820)
0x000000a4d9dfe820:   0000000000000000 0000000000000000
0x000000a4d9dfe830:   0000022bfe17cda0 00003c5e58e82649
0x000000a4d9dfe840:   0000000000000001 00007ff94a722550
0x000000a4d9dfe850:   0000022bfe17cda0 000000a4d9dfeac0
0x000000a4d9dfe860:   0000022bfe17cda0 0000000000000000
0x000000a4d9dfe870:   0000022bcc9f0000 0000000000000000
0x000000a4d9dfe880:   0000022bcafdfc00 000000a4d9dfeac0
0x000000a4d9dfe890:   0000022bfe17cda0 00007ff94a685d2f
0x000000a4d9dfe8a0:   00007ff94a722550 000000a4d9dfe900
0x000000a4d9dfe8b0:   0000022bcabfc4c0 00007ffa68b38c59
0x000000a4d9dfe8c0:   0000000000000c00 0000022bcabfc4c0
0x000000a4d9dfe8d0:   0000022bcabfc4c0 0000022bcabfc4d0
0x000000a4d9dfe8e0:   0000022bcabfc4d0 0000022bcafdfc00
0x000000a4d9dfe8f0:   0000022bcabfc4c0 00007ff94a722550
0x000000a4d9dfe900:   0000000000002710 000000a4d9dfeac0
0x000000a4d9dfe910:   0000000000000000 00007ff94a686048 

Instructions: (pc=0x00007ff94a686ac1)
0x00007ff94a6869c1:   20 01 48 b8 aa aa aa aa aa aa aa 0a 48 89 44 24
0x00007ff94a6869d1:   38 48 b8 aa aa aa aa aa aa aa 0a 48 39 44 24 58
0x00007ff94a6869e1:   76 05 e8 40 ce fe ff 48 6b 44 24 58 18 48 89 44
0x00007ff94a6869f1:   24 28 48 81 7c 24 28 00 10 00 00 72 11 48 8b 4c
0x00007ff94a686a01:   24 28 e8 39 c4 fe ff 48 89 44 24 30 eb 22 48 83
0x00007ff94a686a11:   7c 24 28 00 74 11 48 8b 4c 24 28 e8 0a a8 fe ff
0x00007ff94a686a21:   48 89 44 24 30 eb 09 48 c7 44 24 30 00 00 00 00
0x00007ff94a686a31:   48 8b 44 24 30 48 83 c4 48 c3 cc cc cc cc cc cc
0x00007ff94a686a41:   cc cc cc cc cc cc cc cc cc cc cc cc cc cc cc cc
0x00007ff94a686a51:   cc cc cc cc cc cc cc cc cc cc cc cc cc cc cc 4c
0x00007ff94a686a61:   89 44 24 18 48 89 54 24 10 48 89 4c 24 08 48 83
0x00007ff94a686a71:   ec 78 48 8b 84 24 90 00 00 00 48 8b 00 48 89 44
0x00007ff94a686a81:   24 48 48 8b 84 24 80 00 00 00 48 89 44 24 28 48
0x00007ff94a686a91:   8b 84 24 90 00 00 00 48 8b 40 08 48 8b 8c 24 90
0x00007ff94a686aa1:   00 00 00 48 8b 09 48 89 08 48 8b 84 24 90 00 00
0x00007ff94a686ab1:   00 48 8b 00 48 8b 8c 24 90 00 00 00 48 8b 49 08
0x00007ff94a686ac1:   48 89 48 08 48 8b 44 24 28 48 8b 40 08 48 ff c8
0x00007ff94a686ad1:   48 8b 4c 24 28 48 89 41 08 48 8b 84 24 90 00 00
0x00007ff94a686ae1:   00 48 89 44 24 30 48 8b 84 24 80 00 00 00 48 89
0x00007ff94a686af1:   44 24 40 48 8b 44 24 40 48 89 44 24 50 48 8b 44
0x00007ff94a686b01:   24 30 48 83 c0 10 48 89 44 24 58 b8 01 00 00 00
0x00007ff94a686b11:   48 6b c0 18 48 89 44 24 20 48 8b 44 24 30 48 89
0x00007ff94a686b21:   44 24 38 48 81 7c 24 20 00 10 00 00 72 0f 48 8d
0x00007ff94a686b31:   54 24 20 48 8d 4c 24 38 e8 8f af fe ff 48 8b 54
0x00007ff94a686b41:   24 20 48 8b 4c 24 38 e8 ad cd fe ff 90 48 8b 84
0x00007ff94a686b51:   24 80 00 00 00 48 89 44 24 60 48 8b 84 24 88 00
0x00007ff94a686b61:   00 00 48 8b 4c 24 48 48 89 08 48 8b 84 24 88 00
0x00007ff94a686b71:   00 00 48 83 c4 78 c3 cc cc cc cc cc cc cc cc cc
0x00007ff94a686b81:   cc cc cc cc cc cc cc cc cc cc cc cc cc cc cc cc
0x00007ff94a686b91:   cc cc cc cc cc cc cc cc cc cc cc cc cc cc cc cc
0x00007ff94a686ba1:   cc cc cc cc cc cc cc cc cc cc cc cc cc cc cc cc
0x00007ff94a686bb1:   cc cc cc cc cc cc cc cc cc cc cc cc cc cc cc 48 


Stack slot to memory mapping:
stack at sp + 0 slots: 0x0 is NULL
stack at sp + 1 slots: 0x0 is NULL
stack at sp + 2 slots: 0x0000022bfe17cda0 points into unknown readable memory: 0x00003c5e58e82649 | 49 26 e8 58 5e 3c 00 00
stack at sp + 3 slots: 0x00003c5e58e82649 is an unknown value
stack at sp + 4 slots: 0x0000000000000001 is an unknown value
stack at sp + 5 slots: 0x00007ff94a722550 dpDevCtlx64.dll
stack at sp + 6 slots: 0x0000022bfe17cda0 points into unknown readable memory: 0x00003c5e58e82649 | 49 26 e8 58 5e 3c 00 00
stack at sp + 7 slots: 0x000000a4d9dfeac0 points into unknown readable memory: 0x000000a4d9dfeae0 | e0 ea df d9 a4 00 00 00

VM_Operation (0x000000a4daefeda0): Exit, mode: safepoint, requested by thread 0x0000022bc53e3660


---------------  P R O C E S S  ---------------

Threads class SMR info:
_java_thread_list=0x0000022bcabf78d0, length=21, elements={
0x0000022bf86c7d20, 0x0000022bf86ca310, 0x0000022bf86ddd30, 0x0000022bf86de210,
0x0000022bf86de6f0, 0x0000022bf86e2be0, 0x0000022bf86ed410, 0x0000022bf86eef50,
0x0000022bf86ef470, 0x0000022bfb728420, 0x0000022bfb72c2e0, 0x0000022bc5326bc0,
0x0000022bc53270a0, 0x0000022bc53e3660, 0x0000022bcce73c10, 0x0000022bc5952f70,
0x0000022bc59552e0, 0x0000022bff132fa0, 0x0000022bff1334b0, 0x0000022bfddb23f0,
0x0000022bfddb2900
}

Java Threads: ( => current thread )
  0x0000022bf86c7d20 JavaThread "Reference Handler" daemon [_thread_blocked, id=26972, stack(0x000000a4d9e00000,0x000000a4d9f00000)]
  0x0000022bf86ca310 JavaThread "Finalizer" daemon [_thread_blocked, id=28196, stack(0x000000a4d9f00000,0x000000a4da000000)]
  0x0000022bf86ddd30 JavaThread "Signal Dispatcher" daemon [_thread_blocked, id=12148, stack(0x000000a4da000000,0x000000a4da100000)]
  0x0000022bf86de210 JavaThread "Attach Listener" daemon [_thread_blocked, id=3388, stack(0x000000a4da100000,0x000000a4da200000)]
  0x0000022bf86de6f0 JavaThread "Service Thread" daemon [_thread_blocked, id=16936, stack(0x000000a4da200000,0x000000a4da300000)]
  0x0000022bf86e2be0 JavaThread "Monitor Deflation Thread" daemon [_thread_blocked, id=26860, stack(0x000000a4da300000,0x000000a4da400000)]
  0x0000022bf86ed410 JavaThread "C2 CompilerThread0" daemon [_thread_blocked, id=11056, stack(0x000000a4da400000,0x000000a4da500000)]
  0x0000022bf86eef50 JavaThread "C1 CompilerThread0" daemon [_thread_blocked, id=27148, stack(0x000000a4da500000,0x000000a4da600000)]
  0x0000022bf86ef470 JavaThread "Sweeper thread" daemon [_thread_blocked, id=22532, stack(0x000000a4da600000,0x000000a4da700000)]
  0x0000022bfb728420 JavaThread "Notification Thread" daemon [_thread_blocked, id=8540, stack(0x000000a4da800000,0x000000a4da900000)]
  0x0000022bfb72c2e0 JavaThread "Common-Cleaner" daemon [_thread_blocked, id=30292, stack(0x000000a4daa00000,0x000000a4dab00000)]
  0x0000022bc5326bc0 JavaThread "Java2D Disposer" daemon [_thread_blocked, id=28320, stack(0x000000a4dab00000,0x000000a4dac00000)]
  0x0000022bc53270a0 JavaThread "AWT-Shutdown" [_thread_blocked, id=27204, stack(0x000000a4dac00000,0x000000a4dad00000)]
  0x0000022bc53e3660 JavaThread "AWT-EventQueue-0" [_thread_blocked, id=27976, stack(0x000000a4dae00000,0x000000a4daf00000)]
  0x0000022bcce73c10 JavaThread "DestroyJavaVM" [_thread_blocked, id=28128, stack(0x000000a4d9700000,0x000000a4d9800000)]
  0x0000022bc5952f70 JavaThread "TimerQueue" daemon [_thread_blocked, id=26992, stack(0x000000a4db3b0000,0x000000a4db4b0000)]
  0x0000022bc59552e0 JavaThread "SwingWorker-pool-1-thread-1" daemon [_thread_blocked, id=30424, stack(0x000000a4db7b0000,0x000000a4db8b0000)]
  0x0000022bff132fa0 JavaThread "SwingWorker-pool-1-thread-2" daemon [_thread_blocked, id=11016, stack(0x000000a4d9400000,0x000000a4d9500000)]
  0x0000022bff1334b0 JavaThread "SwingWorker-pool-1-thread-3" daemon [_thread_blocked, id=24788, stack(0x000000a4d9500000,0x000000a4d9600000)]
  0x0000022bfddb23f0 JavaThread "SwingWorker-pool-1-thread-4" daemon [_thread_blocked, id=3632, stack(0x000000a4d9600000,0x000000a4d9700000)]
  0x0000022bfddb2900 JavaThread "SwingWorker-pool-1-thread-5" daemon [_thread_blocked, id=28276, stack(0x000000a4daf00000,0x000000a4db000000)]

Other Threads:
=>0x0000022bf86c4370 VMThread "VM Thread" [stack: 0x000000a4d9d00000,0x000000a4d9e00000] [id=30692]
  0x0000022bccf1ff20 GCTaskThread "GC Thread#0" [stack: 0x000000a4d9800000,0x000000a4d9900000] [id=8168]
  0x0000022bcac1c720 GCTaskThread "GC Thread#1" [stack: 0x000000a4db8b0000,0x000000a4db9b0000] [id=17084]
  0x0000022bcb988020 GCTaskThread "GC Thread#2" [stack: 0x000000a4db9b0000,0x000000a4dbab0000] [id=30108]
  0x0000022bff0bdc80 GCTaskThread "GC Thread#3" [stack: 0x000000a4dbab0000,0x000000a4dbbb0000] [id=29000]
  0x0000022bcb82a410 GCTaskThread "GC Thread#4" [stack: 0x000000a4dbbb0000,0x000000a4dbcb0000] [id=25148]
  0x0000022bff28dfb0 GCTaskThread "GC Thread#5" [stack: 0x000000a4dbcb0000,0x000000a4dbdb0000] [id=29952]
  0x0000022bff28e270 GCTaskThread "GC Thread#6" [stack: 0x000000a4dbdb0000,0x000000a4dbeb0000] [id=29376]
  0x0000022bff28e530 GCTaskThread "GC Thread#7" [stack: 0x000000a4dbeb0000,0x000000a4dbfb0000] [id=28208]
  0x0000022bff13d100 GCTaskThread "GC Thread#8" [stack: 0x000000a4dbfb0000,0x000000a4dc0b0000] [id=28028]
  0x0000022bff13d3c0 GCTaskThread "GC Thread#9" [stack: 0x000000a4dc0b0000,0x000000a4dc1b0000] [id=27768]
  0x0000022bff13d680 GCTaskThread "GC Thread#10" [stack: 0x000000a4dc1b0000,0x000000a4dc2b0000] [id=26916]
  0x0000022bff13c8c0 GCTaskThread "GC Thread#11" [stack: 0x000000a4dc2b0000,0x000000a4dc3b0000] [id=24924]
  0x0000022bff13d940 GCTaskThread "GC Thread#12" [stack: 0x000000a4dc3b0000,0x000000a4dc4b0000] [id=19364]
  0x0000022bccf308d0 ConcurrentGCThread "G1 Main Marker" terminated
  0x0000022bccf32d00 ConcurrentGCThread "G1 Conc#0" [stack: 0x000000a4d9a00000,0x000000a4d9b00000] [id=9072]
  0x0000022bf86006a0 ConcurrentGCThread "G1 Refine#0" terminated
  0x0000022bf8601aa0 ConcurrentGCThread "G1 Service" terminated

Threads with active compile tasks:

VM state: at safepoint (shutting down)

VM Mutex/Monitor currently owned by a thread:  ([mutex/lock_event])
[0x0000022bcce71320] Threads_lock - owner thread: 0x0000022bf86c4370
[0x0000022bcce6faf0] Heap_lock - owner thread: 0x0000022bc53e3660

Heap address: 0x000000060e000000, size: 7968 MB, Compressed Oops mode: Zero based, Oop shift amount: 3

CDS archive(s) mapped at: [0x0000022b80000000-0x0000022b80bd0000-0x0000022b80bd0000), size 12386304, SharedBaseAddress: 0x0000022b80000000, ArchiveRelocationMode: 1.
Compressed class space mapped at: 0x0000022b81000000-0x0000022bc1000000, reserved size: 1073741824
Narrow klass base: 0x0000022b80000000, Narrow klass shift: 0, Narrow klass range: 0x100000000

GC Precious Log:
 CPUs: 16 total, 16 available
 Memory: 31862M
 Large Page Support: Disabled
 NUMA Support: Disabled
 Compressed Oops: Enabled (Zero based)
 Heap Region Size: 4M
 Heap Min Capacity: 8M
 Heap Initial Capacity: 500M
 Heap Max Capacity: 7968M
 Pre-touch: Disabled
 Parallel Workers: 13
 Concurrent Workers: 3
 Concurrent Refinement Workers: 13
 Periodic GC: Disabled

Heap:
 garbage-first heap   total 512000K, used 6022K [0x000000060e000000, 0x0000000800000000)
  region size 4096K, 2 young (8192K), 1 survivors (4096K)
 Metaspace       used 16522K, committed 16704K, reserved 1114112K
  class space    used 1809K, committed 1920K, reserved 1048576K

Heap Regions: E=young(eden), S=young(survivor), O=old, HS=humongous(starts), HC=humongous(continues), CS=collection set, F=free, OA=open archive, CA=closed archive, TAMS=top-at-mark-start (previous, next)
|   0|0x000000060e000000, 0x000000060e3d2400, 0x000000060e400000| 95%| O|  |TAMS 0x000000060e000000, 0x000000060e000000| Untracked 
|   1|0x000000060e400000, 0x000000060e400000, 0x000000060e800000|  0%| F|  |TAMS 0x000000060e400000, 0x000000060e400000| Untracked 
|   2|0x000000060e800000, 0x000000060e800000, 0x000000060ec00000|  0%| F|  |TAMS 0x000000060e800000, 0x000000060e800000| Untracked 
|   3|0x000000060ec00000, 0x000000060ec00000, 0x000000060f000000|  0%| F|  |TAMS 0x000000060ec00000, 0x000000060ec00000| Untracked 
|   4|0x000000060f000000, 0x000000060f000000, 0x000000060f400000|  0%| F|  |TAMS 0x000000060f000000, 0x000000060f000000| Untracked 
|   5|0x000000060f400000, 0x000000060f400000, 0x000000060f800000|  0%| F|  |TAMS 0x000000060f400000, 0x000000060f400000| Untracked 
|   6|0x000000060f800000, 0x000000060f800000, 0x000000060fc00000|  0%| F|  |TAMS 0x000000060f800000, 0x000000060f800000| Untracked 
|   7|0x000000060fc00000, 0x000000060fc00000, 0x0000000610000000|  0%| F|  |TAMS 0x000000060fc00000, 0x000000060fc00000| Untracked 
|   8|0x0000000610000000, 0x0000000610000000, 0x0000000610400000|  0%| F|  |TAMS 0x0000000610000000, 0x0000000610000000| Untracked 
|   9|0x0000000610400000, 0x0000000610400000, 0x0000000610800000|  0%| F|  |TAMS 0x0000000610400000, 0x0000000610400000| Untracked 
|  10|0x0000000610800000, 0x0000000610800000, 0x0000000610c00000|  0%| F|  |TAMS 0x0000000610800000, 0x0000000610800000| Untracked 
|  11|0x0000000610c00000, 0x0000000610c00000, 0x0000000611000000|  0%| F|  |TAMS 0x0000000610c00000, 0x0000000610c00000| Untracked 
|  12|0x0000000611000000, 0x0000000611000000, 0x0000000611400000|  0%| F|  |TAMS 0x0000000611000000, 0x0000000611000000| Untracked 
|  13|0x0000000611400000, 0x0000000611400000, 0x0000000611800000|  0%| F|  |TAMS 0x0000000611400000, 0x0000000611400000| Untracked 
|  14|0x0000000611800000, 0x0000000611800000, 0x0000000611c00000|  0%| F|  |TAMS 0x0000000611800000, 0x0000000611800000| Untracked 
|  15|0x0000000611c00000, 0x0000000611c00000, 0x0000000612000000|  0%| F|  |TAMS 0x0000000611c00000, 0x0000000611c00000| Untracked 
|  16|0x0000000612000000, 0x0000000612000000, 0x0000000612400000|  0%| F|  |TAMS 0x0000000612000000, 0x0000000612000000| Untracked 
|  17|0x0000000612400000, 0x0000000612400000, 0x0000000612800000|  0%| F|  |TAMS 0x0000000612400000, 0x0000000612400000| Untracked 
|  18|0x0000000612800000, 0x0000000612800000, 0x0000000612c00000|  0%| F|  |TAMS 0x0000000612800000, 0x0000000612800000| Untracked 
|  19|0x0000000612c00000, 0x0000000612c00000, 0x0000000613000000|  0%| F|  |TAMS 0x0000000612c00000, 0x0000000612c00000| Untracked 
|  20|0x0000000613000000, 0x0000000613000000, 0x0000000613400000|  0%| F|  |TAMS 0x0000000613000000, 0x0000000613000000| Untracked 
|  21|0x0000000613400000, 0x0000000613400000, 0x0000000613800000|  0%| F|  |TAMS 0x0000000613400000, 0x0000000613400000| Untracked 
|  22|0x0000000613800000, 0x0000000613800000, 0x0000000613c00000|  0%| F|  |TAMS 0x0000000613800000, 0x0000000613800000| Untracked 
|  23|0x0000000613c00000, 0x0000000613c00000, 0x0000000614000000|  0%| F|  |TAMS 0x0000000613c00000, 0x0000000613c00000| Untracked 
|  24|0x0000000614000000, 0x0000000614000000, 0x0000000614400000|  0%| F|  |TAMS 0x0000000614000000, 0x0000000614000000| Untracked 
|  25|0x0000000614400000, 0x0000000614400000, 0x0000000614800000|  0%| F|  |TAMS 0x0000000614400000, 0x0000000614400000| Untracked 
|  26|0x0000000614800000, 0x0000000614800000, 0x0000000614c00000|  0%| F|  |TAMS 0x0000000614800000, 0x0000000614800000| Untracked 
|  27|0x0000000614c00000, 0x0000000614c00000, 0x0000000615000000|  0%| F|  |TAMS 0x0000000614c00000, 0x0000000614c00000| Untracked 
|  28|0x0000000615000000, 0x0000000615000000, 0x0000000615400000|  0%| F|  |TAMS 0x0000000615000000, 0x0000000615000000| Untracked 
|  29|0x0000000615400000, 0x0000000615400000, 0x0000000615800000|  0%| F|  |TAMS 0x0000000615400000, 0x0000000615400000| Untracked 
|  30|0x0000000615800000, 0x0000000615800000, 0x0000000615c00000|  0%| F|  |TAMS 0x0000000615800000, 0x0000000615800000| Untracked 
|  31|0x0000000615c00000, 0x0000000615c00000, 0x0000000616000000|  0%| F|  |TAMS 0x0000000615c00000, 0x0000000615c00000| Untracked 
|  32|0x0000000616000000, 0x0000000616000000, 0x0000000616400000|  0%| F|  |TAMS 0x0000000616000000, 0x0000000616000000| Untracked 
|  33|0x0000000616400000, 0x0000000616400000, 0x0000000616800000|  0%| F|  |TAMS 0x0000000616400000, 0x0000000616400000| Untracked 
|  34|0x0000000616800000, 0x0000000616800000, 0x0000000616c00000|  0%| F|  |TAMS 0x0000000616800000, 0x0000000616800000| Untracked 
|  35|0x0000000616c00000, 0x0000000616c00000, 0x0000000617000000|  0%| F|  |TAMS 0x0000000616c00000, 0x0000000616c00000| Untracked 
|  36|0x0000000617000000, 0x0000000617000000, 0x0000000617400000|  0%| F|  |TAMS 0x0000000617000000, 0x0000000617000000| Untracked 
|  37|0x0000000617400000, 0x0000000617400000, 0x0000000617800000|  0%| F|  |TAMS 0x0000000617400000, 0x0000000617400000| Untracked 
|  38|0x0000000617800000, 0x0000000617800000, 0x0000000617c00000|  0%| F|  |TAMS 0x0000000617800000, 0x0000000617800000| Untracked 
|  39|0x0000000617c00000, 0x0000000617c00000, 0x0000000618000000|  0%| F|  |TAMS 0x0000000617c00000, 0x0000000617c00000| Untracked 
|  40|0x0000000618000000, 0x0000000618000000, 0x0000000618400000|  0%| F|  |TAMS 0x0000000618000000, 0x0000000618000000| Untracked 
|  41|0x0000000618400000, 0x0000000618400000, 0x0000000618800000|  0%| F|  |TAMS 0x0000000618400000, 0x0000000618400000| Untracked 
|  42|0x0000000618800000, 0x0000000618800000, 0x0000000618c00000|  0%| F|  |TAMS 0x0000000618800000, 0x0000000618800000| Untracked 
|  43|0x0000000618c00000, 0x0000000618c00000, 0x0000000619000000|  0%| F|  |TAMS 0x0000000618c00000, 0x0000000618c00000| Untracked 
|  44|0x0000000619000000, 0x0000000619000000, 0x0000000619400000|  0%| F|  |TAMS 0x0000000619000000, 0x0000000619000000| Untracked 
|  45|0x0000000619400000, 0x0000000619400000, 0x0000000619800000|  0%| F|  |TAMS 0x0000000619400000, 0x0000000619400000| Untracked 
|  46|0x0000000619800000, 0x0000000619800000, 0x0000000619c00000|  0%| F|  |TAMS 0x0000000619800000, 0x0000000619800000| Untracked 
|  47|0x0000000619c00000, 0x0000000619c00000, 0x000000061a000000|  0%| F|  |TAMS 0x0000000619c00000, 0x0000000619c00000| Untracked 
|  48|0x000000061a000000, 0x000000061a000000, 0x000000061a400000|  0%| F|  |TAMS 0x000000061a000000, 0x000000061a000000| Untracked 
|  49|0x000000061a400000, 0x000000061a400000, 0x000000061a800000|  0%| F|  |TAMS 0x000000061a400000, 0x000000061a400000| Untracked 
|  50|0x000000061a800000, 0x000000061a800000, 0x000000061ac00000|  0%| F|  |TAMS 0x000000061a800000, 0x000000061a800000| Untracked 
|  51|0x000000061ac00000, 0x000000061ac00000, 0x000000061b000000|  0%| F|  |TAMS 0x000000061ac00000, 0x000000061ac00000| Untracked 
|  52|0x000000061b000000, 0x000000061b000000, 0x000000061b400000|  0%| F|  |TAMS 0x000000061b000000, 0x000000061b000000| Untracked 
|  53|0x000000061b400000, 0x000000061b400000, 0x000000061b800000|  0%| F|  |TAMS 0x000000061b400000, 0x000000061b400000| Untracked 
|  54|0x000000061b800000, 0x000000061b800000, 0x000000061bc00000|  0%| F|  |TAMS 0x000000061b800000, 0x000000061b800000| Untracked 
|  55|0x000000061bc00000, 0x000000061bc00000, 0x000000061c000000|  0%| F|  |TAMS 0x000000061bc00000, 0x000000061bc00000| Untracked 
|  56|0x000000061c000000, 0x000000061c000000, 0x000000061c400000|  0%| F|  |TAMS 0x000000061c000000, 0x000000061c000000| Untracked 
|  57|0x000000061c400000, 0x000000061c400000, 0x000000061c800000|  0%| F|  |TAMS 0x000000061c400000, 0x000000061c400000| Untracked 
|  58|0x000000061c800000, 0x000000061c800000, 0x000000061cc00000|  0%| F|  |TAMS 0x000000061c800000, 0x000000061c800000| Untracked 
|  59|0x000000061cc00000, 0x000000061cc00000, 0x000000061d000000|  0%| F|  |TAMS 0x000000061cc00000, 0x000000061cc00000| Untracked 
|  60|0x000000061d000000, 0x000000061d000000, 0x000000061d400000|  0%| F|  |TAMS 0x000000061d000000, 0x000000061d000000| Untracked 
|  61|0x000000061d400000, 0x000000061d400000, 0x000000061d800000|  0%| F|  |TAMS 0x000000061d400000, 0x000000061d400000| Untracked 
|  62|0x000000061d800000, 0x000000061d800000, 0x000000061dc00000|  0%| F|  |TAMS 0x000000061d800000, 0x000000061d800000| Untracked 
|  63|0x000000061dc00000, 0x000000061dc00000, 0x000000061e000000|  0%| F|  |TAMS 0x000000061dc00000, 0x000000061dc00000| Untracked 
|  64|0x000000061e000000, 0x000000061e000000, 0x000000061e400000|  0%| F|  |TAMS 0x000000061e000000, 0x000000061e000000| Untracked 
|  65|0x000000061e400000, 0x000000061e400000, 0x000000061e800000|  0%| F|  |TAMS 0x000000061e400000, 0x000000061e400000| Untracked 
|  66|0x000000061e800000, 0x000000061e800000, 0x000000061ec00000|  0%| F|  |TAMS 0x000000061e800000, 0x000000061e800000| Untracked 
|  67|0x000000061ec00000, 0x000000061ec00000, 0x000000061f000000|  0%| F|  |TAMS 0x000000061ec00000, 0x000000061ec00000| Untracked 
|  68|0x000000061f000000, 0x000000061f000000, 0x000000061f400000|  0%| F|  |TAMS 0x000000061f000000, 0x000000061f000000| Untracked 
|  69|0x000000061f400000, 0x000000061f400000, 0x000000061f800000|  0%| F|  |TAMS 0x000000061f400000, 0x000000061f400000| Untracked 
|  70|0x000000061f800000, 0x000000061f800000, 0x000000061fc00000|  0%| F|  |TAMS 0x000000061f800000, 0x000000061f800000| Untracked 
|  71|0x000000061fc00000, 0x000000061fc00000, 0x0000000620000000|  0%| F|  |TAMS 0x000000061fc00000, 0x000000061fc00000| Untracked 
|  72|0x0000000620000000, 0x0000000620000000, 0x0000000620400000|  0%| F|  |TAMS 0x0000000620000000, 0x0000000620000000| Untracked 
|  73|0x0000000620400000, 0x0000000620400000, 0x0000000620800000|  0%| F|  |TAMS 0x0000000620400000, 0x0000000620400000| Untracked 
|  74|0x0000000620800000, 0x0000000620800000, 0x0000000620c00000|  0%| F|  |TAMS 0x0000000620800000, 0x0000000620800000| Untracked 
|  75|0x0000000620c00000, 0x0000000620c00000, 0x0000000621000000|  0%| F|  |TAMS 0x0000000620c00000, 0x0000000620c00000| Untracked 
|  76|0x0000000621000000, 0x0000000621000000, 0x0000000621400000|  0%| F|  |TAMS 0x0000000621000000, 0x0000000621000000| Untracked 
|  77|0x0000000621400000, 0x0000000621400000, 0x0000000621800000|  0%| F|  |TAMS 0x0000000621400000, 0x0000000621400000| Untracked 
|  78|0x0000000621800000, 0x0000000621800000, 0x0000000621c00000|  0%| F|  |TAMS 0x0000000621800000, 0x0000000621800000| Untracked 
|  79|0x0000000621c00000, 0x0000000621c00000, 0x0000000622000000|  0%| F|  |TAMS 0x0000000621c00000, 0x0000000621c00000| Untracked 
|  80|0x0000000622000000, 0x0000000622000000, 0x0000000622400000|  0%| F|  |TAMS 0x0000000622000000, 0x0000000622000000| Untracked 
|  81|0x0000000622400000, 0x0000000622400000, 0x0000000622800000|  0%| F|  |TAMS 0x0000000622400000, 0x0000000622400000| Untracked 
|  82|0x0000000622800000, 0x0000000622800000, 0x0000000622c00000|  0%| F|  |TAMS 0x0000000622800000, 0x0000000622800000| Untracked 
|  83|0x0000000622c00000, 0x0000000622c00000, 0x0000000623000000|  0%| F|  |TAMS 0x0000000622c00000, 0x0000000622c00000| Untracked 
|  84|0x0000000623000000, 0x0000000623000000, 0x0000000623400000|  0%| F|  |TAMS 0x0000000623000000, 0x0000000623000000| Untracked 
|  85|0x0000000623400000, 0x0000000623400000, 0x0000000623800000|  0%| F|  |TAMS 0x0000000623400000, 0x0000000623400000| Untracked 
|  86|0x0000000623800000, 0x0000000623800000, 0x0000000623c00000|  0%| F|  |TAMS 0x0000000623800000, 0x0000000623800000| Untracked 
|  87|0x0000000623c00000, 0x0000000623c00000, 0x0000000624000000|  0%| F|  |TAMS 0x0000000623c00000, 0x0000000623c00000| Untracked 
|  88|0x0000000624000000, 0x0000000624000000, 0x0000000624400000|  0%| F|  |TAMS 0x0000000624000000, 0x0000000624000000| Untracked 
|  89|0x0000000624400000, 0x0000000624400000, 0x0000000624800000|  0%| F|  |TAMS 0x0000000624400000, 0x0000000624400000| Untracked 
|  90|0x0000000624800000, 0x0000000624800000, 0x0000000624c00000|  0%| F|  |TAMS 0x0000000624800000, 0x0000000624800000| Untracked 
|  91|0x0000000624c00000, 0x0000000624c00000, 0x0000000625000000|  0%| F|  |TAMS 0x0000000624c00000, 0x0000000624c00000| Untracked 
|  92|0x0000000625000000, 0x0000000625000000, 0x0000000625400000|  0%| F|  |TAMS 0x0000000625000000, 0x0000000625000000| Untracked 
|  93|0x0000000625400000, 0x0000000625400000, 0x0000000625800000|  0%| F|  |TAMS 0x0000000625400000, 0x0000000625400000| Untracked 
|  94|0x0000000625800000, 0x0000000625800000, 0x0000000625c00000|  0%| F|  |TAMS 0x0000000625800000, 0x0000000625800000| Untracked 
|  95|0x0000000625c00000, 0x0000000625c00000, 0x0000000626000000|  0%| F|  |TAMS 0x0000000625c00000, 0x0000000625c00000| Untracked 
|  96|0x0000000626000000, 0x0000000626000000, 0x0000000626400000|  0%| F|  |TAMS 0x0000000626000000, 0x0000000626000000| Untracked 
|  97|0x0000000626400000, 0x0000000626400000, 0x0000000626800000|  0%| F|  |TAMS 0x0000000626400000, 0x0000000626400000| Untracked 
|  98|0x0000000626800000, 0x0000000626800000, 0x0000000626c00000|  0%| F|  |TAMS 0x0000000626800000, 0x0000000626800000| Untracked 
|  99|0x0000000626c00000, 0x0000000626c00000, 0x0000000627000000|  0%| F|  |TAMS 0x0000000626c00000, 0x0000000626c00000| Untracked 
| 100|0x0000000627000000, 0x0000000627000000, 0x0000000627400000|  0%| F|  |TAMS 0x0000000627000000, 0x0000000627000000| Untracked 
| 101|0x0000000627400000, 0x0000000627400000, 0x0000000627800000|  0%| F|  |TAMS 0x0000000627400000, 0x0000000627400000| Untracked 
| 102|0x0000000627800000, 0x0000000627800000, 0x0000000627c00000|  0%| F|  |TAMS 0x0000000627800000, 0x0000000627800000| Untracked 
| 103|0x0000000627c00000, 0x0000000627c00000, 0x0000000628000000|  0%| F|  |TAMS 0x0000000627c00000, 0x0000000627c00000| Untracked 
| 104|0x0000000628000000, 0x0000000628000000, 0x0000000628400000|  0%| F|  |TAMS 0x0000000628000000, 0x0000000628000000| Untracked 
| 105|0x0000000628400000, 0x0000000628400000, 0x0000000628800000|  0%| F|  |TAMS 0x0000000628400000, 0x0000000628400000| Untracked 
| 106|0x0000000628800000, 0x0000000628800000, 0x0000000628c00000|  0%| F|  |TAMS 0x0000000628800000, 0x0000000628800000| Untracked 
| 107|0x0000000628c00000, 0x0000000628c00000, 0x0000000629000000|  0%| F|  |TAMS 0x0000000628c00000, 0x0000000628c00000| Untracked 
| 108|0x0000000629000000, 0x0000000629000000, 0x0000000629400000|  0%| F|  |TAMS 0x0000000629000000, 0x0000000629000000| Untracked 
| 109|0x0000000629400000, 0x0000000629400000, 0x0000000629800000|  0%| F|  |TAMS 0x0000000629400000, 0x0000000629400000| Untracked 
| 110|0x0000000629800000, 0x0000000629800000, 0x0000000629c00000|  0%| F|  |TAMS 0x0000000629800000, 0x0000000629800000| Untracked 
| 111|0x0000000629c00000, 0x0000000629c00000, 0x000000062a000000|  0%| F|  |TAMS 0x0000000629c00000, 0x0000000629c00000| Untracked 
| 112|0x000000062a000000, 0x000000062a000000, 0x000000062a400000|  0%| F|  |TAMS 0x000000062a000000, 0x000000062a000000| Untracked 
| 113|0x000000062a400000, 0x000000062a400000, 0x000000062a800000|  0%| F|  |TAMS 0x000000062a400000, 0x000000062a400000| Untracked 
| 114|0x000000062a800000, 0x000000062a800000, 0x000000062ac00000|  0%| F|  |TAMS 0x000000062a800000, 0x000000062a800000| Untracked 
| 115|0x000000062ac00000, 0x000000062ac00000, 0x000000062b000000|  0%| F|  |TAMS 0x000000062ac00000, 0x000000062ac00000| Untracked 
| 116|0x000000062b000000, 0x000000062b000000, 0x000000062b400000|  0%| F|  |TAMS 0x000000062b000000, 0x000000062b000000| Untracked 
| 117|0x000000062b400000, 0x000000062b60f5f8, 0x000000062b800000| 51%| S|CS|TAMS 0x000000062b400000, 0x000000062b400000| Complete 
| 118|0x000000062b800000, 0x000000062b800000, 0x000000062bc00000|  0%| F|  |TAMS 0x000000062b800000, 0x000000062b800000| Untracked 
| 119|0x000000062bc00000, 0x000000062bc00000, 0x000000062c000000|  0%| F|  |TAMS 0x000000062bc00000, 0x000000062bc00000| Untracked 
| 120|0x000000062c000000, 0x000000062c000000, 0x000000062c400000|  0%| F|  |TAMS 0x000000062c000000, 0x000000062c000000| Untracked 
| 121|0x000000062c400000, 0x000000062c400000, 0x000000062c800000|  0%| F|  |TAMS 0x000000062c400000, 0x000000062c400000| Untracked 
| 122|0x000000062c800000, 0x000000062c800000, 0x000000062cc00000|  0%| F|  |TAMS 0x000000062c800000, 0x000000062c800000| Untracked 
| 123|0x000000062cc00000, 0x000000062cc00000, 0x000000062d000000|  0%| F|  |TAMS 0x000000062cc00000, 0x000000062cc00000| Untracked 
| 124|0x000000062d000000, 0x000000062d2ac9e8, 0x000000062d400000| 66%| E|  |TAMS 0x000000062d000000, 0x000000062d000000| Complete 

Card table byte_map: [0x0000022be6c30000,0x0000022be7bc0000] _byte_map_base: 0x0000022be3bc0000

Marking Bits (Prev, Next): (CMBitMap*) 0x0000022bccf20540, (CMBitMap*) 0x0000022bccf20580
 Prev Bits: [0x0000022be8b50000, 0x0000022bf07d0000)
 Next Bits: [0x0000022bf07d0000, 0x0000022bf8450000)

Polling page: 0x0000022bcc9a0000

Metaspace:

Usage:
  Non-class:     14.37 MB used.
      Class:      1.77 MB used.
       Both:     16.14 MB used.

Virtual space:
  Non-class space:       64.00 MB reserved,      14.44 MB ( 23%) committed,  1 nodes.
      Class space:        1.00 GB reserved,       1.88 MB ( <1%) committed,  1 nodes.
             Both:        1.06 GB reserved,      16.31 MB (  1%) committed. 

Chunk freelists:
   Non-Class:  992.00 KB
       Class:  14.07 MB
        Both:  15.04 MB

MaxMetaspaceSize: unlimited
CompressedClassSpaceSize: 1.00 GB
Initial GC threshold: 21.00 MB
Current GC threshold: 21.00 MB
CDS: on
MetaspaceReclaimPolicy: balanced
 - commit_granule_bytes: 65536.
 - commit_granule_words: 8192.
 - virtual_space_node_default_size: 8388608.
 - enlarge_chunks_in_place: 1.
 - new_chunks_are_fully_committed: 0.
 - uncommit_free_chunks: 1.
 - use_allocation_guard: 0.
 - handle_deallocations: 1.


Internal statistics:

num_allocs_failed_limit: 0.
num_arena_births: 140.
num_arena_deaths: 0.
num_vsnodes_births: 2.
num_vsnodes_deaths: 0.
num_space_committed: 261.
num_space_uncommitted: 0.
num_chunks_returned_to_freelist: 0.
num_chunks_taken_from_freelist: 247.
num_chunk_merges: 0.
num_chunk_splits: 127.
num_chunks_enlarged: 48.
num_inconsistent_stats: 0.

CodeHeap 'non-profiled nmethods': size=119168Kb used=2350Kb max_used=2350Kb free=116817Kb
 bounds [0x0000022bdd890000, 0x0000022bddb00000, 0x0000022be4cf0000]
CodeHeap 'profiled nmethods': size=119104Kb used=7620Kb max_used=7620Kb free=111483Kb
 bounds [0x0000022bd5cf0000, 0x0000022bd6470000, 0x0000022bdd140000]
CodeHeap 'non-nmethods': size=7488Kb used=1383Kb max_used=3096Kb free=6104Kb
 bounds [0x0000022bdd140000, 0x0000022bdd450000, 0x0000022bdd890000]
 total_blobs=4398 nmethods=3676 adapters=634
 compilation: enabled
              stopped_count=0, restarted_count=0
 full_count=0

Compilation events (20 events):
Event: 120.201 Thread 0x0000022bcaa12c20 nmethod 3667 0x0000022bddac9190 code [0x0000022bddac9320, 0x0000022bddac9628]
Event: 120.292 Thread 0x0000022bf86ed410 nmethod 3660 0x0000022bddac9790 code [0x0000022bddac9ec0, 0x0000022bddad3520]
Event: 122.276 Thread 0x0000022bf86ed410 3669       4       java.util.Arrays::copyOf (40 bytes)
Event: 122.277 Thread 0x0000022bf86ed410 nmethod 3669 0x0000022bddad9190 code [0x0000022bddad9320, 0x0000022bddad9758]
Event: 122.814 Thread 0x0000022bf86ed410 3670       4       java.util.HashMap::clear (50 bytes)
Event: 122.816 Thread 0x0000022bf86ed410 nmethod 3670 0x0000022bddad9990 code [0x0000022bddad9b00, 0x0000022bddad9d98]
Event: 123.532 Thread 0x0000022bf86ed410 3671       4       java.util.ArrayList::fastRemove (44 bytes)
Event: 123.532 Thread 0x0000022bf86ed410 nmethod 3671 0x0000022bddad9e90 code [0x0000022bddada000, 0x0000022bddada1d8]
Event: 124.678 Thread 0x0000022bf86eef50 3672       1       javax.swing.AbstractButton::isRolloverEnabled (5 bytes)
Event: 124.679 Thread 0x0000022bf86eef50 nmethod 3672 0x0000022bddada310 code [0x0000022bddada4a0, 0x0000022bddada578]
Event: 124.679 Thread 0x0000022bf86ed410 3673       4       sun.swing.SwingUtilities2::getFRCFromCache (128 bytes)
Event: 124.682 Thread 0x0000022bf86ed410 nmethod 3673 0x0000022bddada610 code [0x0000022bddada7e0, 0x0000022bddadae08]
Event: 127.705 Thread 0x0000022bf86ed410 3674       4       java.beans.PropertyChangeSupport::fire (39 bytes)
Event: 127.706 Thread 0x0000022bf86ed410 nmethod 3674 0x0000022bddadb390 code [0x0000022bddadb500, 0x0000022bddadb5f8]
Event: 127.708 Thread 0x0000022bf86eef50 3676       3       sun.util.locale.BaseLocale$Key::hashCode (178 bytes)
Event: 127.709 Thread 0x0000022bf86ed410 3677       4       java.lang.ref.WeakReference::<init> (6 bytes)
Event: 127.710 Thread 0x0000022bf86eef50 nmethod 3676 0x0000022bd645d590 code [0x0000022bd645d9a0, 0x0000022bd645fa58]
Event: 127.710 Thread 0x0000022bf86eef50 3675       3       sun.util.locale.BaseLocale::<init> (76 bytes)
Event: 127.710 Thread 0x0000022bf86eef50 nmethod 3675 0x0000022bd6460810 code [0x0000022bd6460a40, 0x0000022bd64610a8]
Event: 127.710 Thread 0x0000022bf86ed410 nmethod 3677 0x0000022bddadb710 code [0x0000022bddadb880, 0x0000022bddadbab8]

GC Heap History (4 events):
Event: 56.370 GC heap before
{Heap before GC invocations=0 (full 0):
 garbage-first heap   total 512000K, used 24576K [0x000000060e000000, 0x0000000800000000)
  region size 4096K, 6 young (24576K), 0 survivors (0K)
 Metaspace       used 13724K, committed 13888K, reserved 1114112K
  class space    used 1518K, committed 1600K, reserved 1048576K
}
Event: 56.372 GC heap after
{Heap after GC invocations=1 (full 0):
 garbage-first heap   total 512000K, used 4157K [0x000000060e000000, 0x0000000800000000)
  region size 4096K, 1 young (4096K), 1 survivors (4096K)
 Metaspace       used 13724K, committed 13888K, reserved 1114112K
  class space    used 1518K, committed 1600K, reserved 1048576K
}
Event: 122.810 GC heap before
{Heap before GC invocations=1 (full 0):
 garbage-first heap   total 512000K, used 24637K [0x000000060e000000, 0x0000000800000000)
  region size 4096K, 7 young (28672K), 1 survivors (4096K)
 Metaspace       used 16520K, committed 16704K, reserved 1114112K
  class space    used 1809K, committed 1920K, reserved 1048576K
}
Event: 122.813 GC heap after
{Heap after GC invocations=2 (full 0):
 garbage-first heap   total 512000K, used 6022K [0x000000060e000000, 0x0000000800000000)
  region size 4096K, 1 young (4096K), 1 survivors (4096K)
 Metaspace       used 16520K, committed 16704K, reserved 1114112K
  class space    used 1809K, committed 1920K, reserved 1048576K
}

Deoptimization events (20 events):
Event: 115.490 Thread 0x0000022bc53e3660 Uncommon trap: trap_request=0xffffffc6 fr.pc=0x0000022bdd969180 relative=0x00000000000001c0
Event: 115.490 Thread 0x0000022bc53e3660 Uncommon trap: reason=bimorphic_or_optimized_type_check action=maybe_recompile pc=0x0000022bdd969180 method=sun.java2d.SunGraphics2D.validateColor()V @ 95 c2
Event: 115.490 Thread 0x0000022bc53e3660 DEOPT PACKING pc=0x0000022bdd969180 sp=0x000000a4daefd9a0
Event: 115.490 Thread 0x0000022bc53e3660 DEOPT UNPACKING pc=0x0000022bdd195ba3 sp=0x000000a4daefd918 mode 2
Event: 118.143 Thread 0x0000022bc53e3660 Uncommon trap: trap_request=0xffffffc6 fr.pc=0x0000022bdd8f5ca8 relative=0x00000000000005c8
Event: 118.143 Thread 0x0000022bc53e3660 Uncommon trap: reason=bimorphic_or_optimized_type_check action=maybe_recompile pc=0x0000022bdd8f5ca8 method=java.util.concurrent.ConcurrentHashMap.get(Ljava/lang/Object;)Ljava/lang/Object; @ 149 c2
Event: 118.143 Thread 0x0000022bc53e3660 DEOPT PACKING pc=0x0000022bdd8f5ca8 sp=0x000000a4daefdbe0
Event: 118.143 Thread 0x0000022bc53e3660 DEOPT UNPACKING pc=0x0000022bdd195ba3 sp=0x000000a4daefdb70 mode 2
Event: 120.192 Thread 0x0000022bc53e3660 Uncommon trap: trap_request=0xffffffc6 fr.pc=0x0000022bdd8f5ca8 relative=0x00000000000005c8
Event: 120.192 Thread 0x0000022bc53e3660 Uncommon trap: reason=bimorphic_or_optimized_type_check action=maybe_recompile pc=0x0000022bdd8f5ca8 method=java.util.concurrent.ConcurrentHashMap.get(Ljava/lang/Object;)Ljava/lang/Object; @ 149 c2
Event: 120.192 Thread 0x0000022bc53e3660 DEOPT PACKING pc=0x0000022bdd8f5ca8 sp=0x000000a4daefdbe0
Event: 120.192 Thread 0x0000022bc53e3660 DEOPT UNPACKING pc=0x0000022bdd195ba3 sp=0x000000a4daefdb70 mode 2
Event: 122.385 Thread 0x0000022bc5953990 Uncommon trap: trap_request=0xffffffcc fr.pc=0x0000022bddad9568 relative=0x0000000000000248
Event: 122.385 Thread 0x0000022bc5953990 Uncommon trap: reason=intrinsic_or_type_checked_inlining action=make_not_entrant pc=0x0000022bddad9568 method=java.util.Arrays.copyOf([Ljava/lang/Object;ILjava/lang/Class;)[Ljava/lang/Object; @ 35 c2
Event: 122.385 Thread 0x0000022bc5953990 DEOPT PACKING pc=0x0000022bddad9568 sp=0x000000a4db29f1c0
Event: 122.385 Thread 0x0000022bc5953990 DEOPT UNPACKING pc=0x0000022bdd195ba3 sp=0x000000a4db29f150 mode 2
Event: 129.073 Thread 0x0000022bc52f6a00 Uncommon trap: trap_request=0xffffff45 fr.pc=0x0000022bddac66f8 relative=0x0000000000000078
Event: 129.073 Thread 0x0000022bc52f6a00 Uncommon trap: reason=unstable_if action=reinterpret pc=0x0000022bddac66f8 method=sun.awt.windows.WWindowPeer.preprocessPostEvent(Ljava/awt/AWTEvent;)V @ 4 c2
Event: 129.073 Thread 0x0000022bc52f6a00 DEOPT PACKING pc=0x0000022bddac66f8 sp=0x000000a4dadfc430
Event: 129.073 Thread 0x0000022bc52f6a00 DEOPT UNPACKING pc=0x0000022bdd195ba3 sp=0x000000a4dadfc3b8 mode 2

Classes unloaded (0 events):
No events

Classes redefined (0 events):
No events

Internal exceptions (20 events):
Event: 0.251 Thread 0x0000022bc53e3660 Exception <a 'java/lang/ClassNotFoundException'{0x000000062ce7e758}: com/sun/swing/internal/plaf/synth/resources/spi/synthProvider> (0x000000062ce7e758) 
thrown [s\open\src\hotspot\share\classfile\systemDictionary.cpp, line 256]
Event: 0.266 Thread 0x0000022bc52f6a00 Exception <a 'java/lang/NoSuchMethodError'{0x000000062d36c000}: 'void java.lang.invoke.DirectMethodHandle$Holder.invokeVirtual(java.lang.Object, java.lang.Object)'> (0x000000062d36c000) 
thrown [s\open\src\hotspot\share\interpreter\linkResolver.cpp, line 759]
Event: 0.272 Thread 0x0000022bc53e3660 Exception <a 'java/lang/NoSuchMethodError'{0x000000062cef34b0}: 'void java.lang.invoke.DirectMethodHandle$Holder.invokeStaticInit(java.lang.Object)'> (0x000000062cef34b0) 
thrown [s\open\src\hotspot\share\interpreter\linkResolver.cpp, line 759]
Event: 2.408 Thread 0x0000022bc53e3660 Exception <a 'java/lang/ClassNotFoundException'{0x000000062ca48090}: sun/util/logging/resources/spi/loggingProvider> (0x000000062ca48090) 
thrown [s\open\src\hotspot\share\classfile\systemDictionary.cpp, line 256]
Event: 42.201 Thread 0x0000022bc53e3660 Exception <a 'java/lang/NoSuchMethodError'{0x000000062c37f230}: 'int java.lang.invoke.DirectMethodHandle$Holder.invokeStatic(java.lang.Object)'> (0x000000062c37f230) 
thrown [s\open\src\hotspot\share\interpreter\linkResolver.cpp, line 759]
Event: 60.991 Thread 0x0000022bc53e3660 Exception <a 'sun/nio/fs/WindowsException'{0x000000062d3f1768}> (0x000000062d3f1768) 
thrown [s\open\src\hotspot\share\prims\jni.cpp, line 516]
Event: 60.999 Thread 0x0000022bc53e3660 Implicit null exception at 0x0000022bdda0b876 to 0x0000022bdda0b930
Event: 61.000 Thread 0x0000022bc53e3660 Implicit null exception at 0x0000022bdda0bcf6 to 0x0000022bdda0bd9c
Event: 61.017 Thread 0x0000022bc53e3660 Implicit null exception at 0x0000022bdda426d5 to 0x0000022bdda42ca6
Event: 61.017 Thread 0x0000022bc53e3660 Implicit null exception at 0x0000022bdda3ec29 to 0x0000022bdda3f330
Event: 61.017 Thread 0x0000022bc53e3660 Implicit null exception at 0x0000022bdda426d5 to 0x0000022bdda42ca6
Event: 61.017 Thread 0x0000022bc53e3660 Implicit null exception at 0x0000022bdda426d5 to 0x0000022bdda42ca6
Event: 61.017 Thread 0x0000022bc53e3660 Implicit null exception at 0x0000022bdda3ec29 to 0x0000022bdda3f330
Event: 62.626 Thread 0x0000022bc53e3660 Implicit null exception at 0x0000022bdda2e08b to 0x0000022bdda2e62c
Event: 100.057 Thread 0x0000022bc53e3660 Implicit null exception at 0x0000022bdd994b5b to 0x0000022bdd995c38
Event: 100.057 Thread 0x0000022bc53e3660 Implicit null exception at 0x0000022bdd967dd6 to 0x0000022bdd968058
Event: 105.137 Thread 0x0000022bc53e3660 Exception <a 'sun/nio/fs/WindowsException'{0x000000062c03c268}> (0x000000062c03c268) 
thrown [s\open\src\hotspot\share\prims\jni.cpp, line 516]
Event: 105.138 Thread 0x0000022bc53e3660 Exception <a 'java/lang/NoSuchMethodError'{0x000000062c03e660}: static [B.<clinit>()V> (0x000000062c03e660) 
thrown [s\open\src\hotspot\share\prims\jni.cpp, line 1112]
Event: 115.464 Thread 0x0000022bc53e3660 Exception <a 'java/lang/NoSuchMethodError'{0x000000062bcc0918}: 'void java.lang.invoke.DirectMethodHandle$Holder.invokeStatic(java.lang.Object, java.lang.Object, java.lang.Object)'> (0x000000062bcc0918) 
thrown [s\open\src\hotspot\share\interpreter\linkResolver.cpp, line 759]
Event: 115.464 Thread 0x0000022bc53e3660 Exception <a 'java/lang/NoSuchMethodError'{0x000000062bcc6ec8}: 'void java.lang.invoke.DirectMethodHandle$Holder.invokeStatic(java.lang.Object, java.lang.Object)'> (0x000000062bcc6ec8) 
thrown [s\open\src\hotspot\share\interpreter\linkResolver.cpp, line 759]

VM Operations (20 events):
Event: 114.234 Executing VM operation: Cleanup done
Event: 115.249 Executing VM operation: Cleanup
Event: 115.249 Executing VM operation: Cleanup done
Event: 115.484 Executing VM operation: HandshakeAllThreads
Event: 115.484 Executing VM operation: HandshakeAllThreads done
Event: 116.498 Executing VM operation: Cleanup
Event: 116.498 Executing VM operation: Cleanup done
Event: 118.513 Executing VM operation: Cleanup
Event: 118.513 Executing VM operation: Cleanup done
Event: 120.420 Executing VM operation: HandshakeAllThreads
Event: 120.420 Executing VM operation: HandshakeAllThreads done
Event: 120.420 Executing VM operation: Cleanup
Event: 120.420 Executing VM operation: Cleanup done
Event: 122.810 Executing VM operation: G1CollectForAllocation
Event: 122.813 Executing VM operation: G1CollectForAllocation done
Event: 123.820 Executing VM operation: Cleanup
Event: 123.820 Executing VM operation: Cleanup done
Event: 127.850 Executing VM operation: Cleanup
Event: 127.851 Executing VM operation: Cleanup done
Event: 129.175 Executing VM operation: Exit

Events (20 events):
Event: 115.485 loading class javax/swing/plaf/nimbus/InnerShadowEffect done
Event: 115.485 loading class javax/swing/plaf/nimbus/Effect$ArrayCache
Event: 115.485 loading class javax/swing/plaf/nimbus/Effect$ArrayCache done
Event: 115.485 loading class javax/swing/plaf/nimbus/EffectUtils
Event: 115.485 loading class javax/swing/plaf/nimbus/EffectUtils done
Event: 115.486 loading class java/lang/FdLibm$Cbrt
Event: 115.486 loading class java/lang/FdLibm$Cbrt done
Event: 115.486 loading class java/lang/FdLibm
Event: 115.486 loading class java/lang/FdLibm done
Event: 118.139 Thread 0x0000022bfddb2900 Thread added: 0x0000022bfddb2900
Event: 120.197 Thread 0x0000022bcaa12c20 Thread added: 0x0000022bcaa12c20
Event: 122.276 Thread 0x0000022bcaa12c20 Thread exited: 0x0000022bcaa12c20
Event: 129.073 Thread 0x0000022bfddb14c0 Thread added: 0x0000022bfddb14c0
Event: 129.073 Thread 0x0000022bfddb3320 Thread added: 0x0000022bfddb3320
Event: 129.073 Thread 0x0000022bfddb3d40 Thread added: 0x0000022bfddb3d40
Event: 129.074 Thread 0x0000022bfddb14c0 Thread exited: 0x0000022bfddb14c0
Event: 129.074 Thread 0x0000022bc5953990 Thread exited: 0x0000022bc5953990
Event: 129.074 Thread 0x0000022bfddb3320 Thread exited: 0x0000022bfddb3320
Event: 129.112 Thread 0x0000022bc52f6a00 Thread exited: 0x0000022bc52f6a00
Event: 129.175 Thread 0x0000022bfddb3d40 Thread exited: 0x0000022bfddb3d40


Dynamic libraries:
0x00007ff732800000 - 0x00007ff732810000 	C:\Program Files\Java\jdk-17\bin\java.exe
0x00007ffa6c020000 - 0x00007ffa6c287000 	C:\WINDOWS\SYSTEM32\ntdll.dll
0x00007ffa6af90000 - 0x00007ffa6b059000 	C:\WINDOWS\System32\KERNEL32.DLL
0x00007ffa68b00000 - 0x00007ffa68ef7000 	C:\WINDOWS\System32\KERNELBASE.dll
0x00007ffa69c50000 - 0x00007ffa69d9b000 	C:\WINDOWS\System32\ucrtbase.dll
0x00007ffa440f0000 - 0x00007ffa44109000 	C:\Program Files\Java\jdk-17\bin\jli.dll
0x00007ffa5b9f0000 - 0x00007ffa5ba0b000 	C:\Program Files\Java\jdk-17\bin\VCRUNTIME140.dll
0x00007ffa6b110000 - 0x00007ffa6b1c6000 	C:\WINDOWS\System32\ADVAPI32.dll
0x00007ffa6b060000 - 0x00007ffa6b109000 	C:\WINDOWS\System32\msvcrt.dll
0x00007ffa6b260000 - 0x00007ffa6b307000 	C:\WINDOWS\System32\sechost.dll
0x00007ffa69ec0000 - 0x00007ffa69fd8000 	C:\WINDOWS\System32\RPCRT4.dll
0x00007ffa6ab60000 - 0x00007ffa6ad26000 	C:\WINDOWS\System32\USER32.dll
0x00007ffa69230000 - 0x00007ffa69257000 	C:\WINDOWS\System32\win32u.dll
0x00007ffa4a750000 - 0x00007ffa4a9e2000 	C:\WINDOWS\WinSxS\amd64_microsoft.windows.common-controls_6595b64144ccf1df_6.0.26100.8457_none_3e0b2faee331e92d\COMCTL32.dll
0x00007ffa6a5b0000 - 0x00007ffa6a5db000 	C:\WINDOWS\System32\GDI32.dll
0x00007ffa69100000 - 0x00007ffa6922c000 	C:\WINDOWS\System32\gdi32full.dll
0x00007ffa68a50000 - 0x00007ffa68af3000 	C:\WINDOWS\System32\msvcp_win.dll
0x00007ffa61960000 - 0x00007ffa6196b000 	C:\WINDOWS\SYSTEM32\VERSION.dll
0x00007ffa6a2d0000 - 0x00007ffa6a302000 	C:\WINDOWS\System32\IMM32.DLL
0x00007ffa64200000 - 0x00007ffa6420c000 	C:\Program Files\Java\jdk-17\bin\vcruntime140_1.dll
0x00007ffa3eb70000 - 0x00007ffa3ebfe000 	C:\Program Files\Java\jdk-17\bin\msvcp140.dll
0x00007ff950850000 - 0x00007ff951431000 	C:\Program Files\Java\jdk-17\bin\server\jvm.dll
0x00007ffa69eb0000 - 0x00007ffa69eb8000 	C:\WINDOWS\System32\PSAPI.DLL
0x00007ffa48a80000 - 0x00007ffa48a8a000 	C:\WINDOWS\SYSTEM32\WSOCK32.dll
0x00007ffa6a4b0000 - 0x00007ffa6a530000 	C:\WINDOWS\System32\WS2_32.dll
0x00007ffa59ed0000 - 0x00007ffa59f06000 	C:\WINDOWS\SYSTEM32\WINMM.dll
0x00007ffa67700000 - 0x00007ffa6771b000 	C:\WINDOWS\SYSTEM32\kernel.appcore.dll
0x00007ffa5bb30000 - 0x00007ffa5bb3a000 	C:\Program Files\Java\jdk-17\bin\jimage.dll
0x00007ffa5a640000 - 0x00007ffa5a882000 	C:\WINDOWS\SYSTEM32\DBGHELP.DLL
0x00007ffa6b4d0000 - 0x00007ffa6b853000 	C:\WINDOWS\System32\combase.dll
0x00007ffa6a5f0000 - 0x00007ffa6a6c9000 	C:\WINDOWS\System32\OLEAUT32.dll
0x00007ffa3f7d0000 - 0x00007ffa3f80b000 	C:\WINDOWS\SYSTEM32\dbgcore.DLL
0x00007ffa68f00000 - 0x00007ffa68fa8000 	C:\WINDOWS\System32\bcryptPrimitives.dll
0x00007ffa48af0000 - 0x00007ffa48b15000 	C:\Program Files\Java\jdk-17\bin\java.dll
0x00007ffa3bf90000 - 0x00007ffa3c067000 	C:\Program Files\Java\jdk-17\bin\jsvml.dll
0x00007ffa6b860000 - 0x00007ffa6bfce000 	C:\WINDOWS\System32\SHELL32.dll
0x00007ffa693e0000 - 0x00007ffa69c4c000 	C:\WINDOWS\System32\windows.storage.dll
0x00007ffa6ad30000 - 0x00007ffa6ae26000 	C:\WINDOWS\System32\SHCORE.dll
0x00007ffa6a540000 - 0x00007ffa6a5a6000 	C:\WINDOWS\System32\shlwapi.dll
0x00007ffa68970000 - 0x00007ffa68999000 	C:\WINDOWS\SYSTEM32\profapi.dll
0x00007ffa440b0000 - 0x00007ffa440c9000 	C:\Program Files\Java\jdk-17\bin\net.dll
0x00007ffa613e0000 - 0x00007ffa61509000 	C:\WINDOWS\SYSTEM32\WINHTTP.dll
0x00007ffa67cf0000 - 0x00007ffa67d5c000 	C:\WINDOWS\system32\mswsock.dll
0x00007ffa43f80000 - 0x00007ffa43f96000 	C:\Program Files\Java\jdk-17\bin\nio.dll
0x00007ffa43dd0000 - 0x00007ffa43de8000 	C:\Program Files\Java\jdk-17\bin\zip.dll
0x00007ff9ac040000 - 0x00007ff9ac1d1000 	C:\Program Files\Java\jdk-17\bin\awt.dll
0x00007ffa66410000 - 0x00007ffa664b0000 	C:\WINDOWS\SYSTEM32\apphelp.dll
0x00007ffa66530000 - 0x00007ffa665da000 	C:\WINDOWS\system32\uxtheme.dll
0x00007ffa6b310000 - 0x00007ffa6b46c000 	C:\WINDOWS\System32\MSCTF.dll
0x00007ffa6a310000 - 0x00007ffa6a4a7000 	C:\WINDOWS\System32\ole32.dll
0x00007ffa667d0000 - 0x00007ffa667ff000 	C:\WINDOWS\system32\DWMAPI.DLL
0x00007ffa3d350000 - 0x00007ffa3d3d7000 	C:\Program Files\Java\jdk-17\bin\freetype.dll
0x00007ffa37790000 - 0x00007ffa37871000 	C:\Program Files\Java\jdk-17\bin\fontmanager.dll
0x00007ff9dc670000 - 0x00007ff9dc77f000 	C:\WINDOWS\system32\opengl32.dll
0x00007ff9dc640000 - 0x00007ff9dc66d000 	C:\WINDOWS\SYSTEM32\GLU32.dll
0x00007ffa66610000 - 0x00007ffa66655000 	C:\WINDOWS\SYSTEM32\dxcore.dll
0x00007ffa68150000 - 0x00007ffa68163000 	C:\WINDOWS\SYSTEM32\msasn1.dll
0x00007ffa61510000 - 0x00007ffa6154b000 	C:\WINDOWS\SYSTEM32\cryptnet.dll
0x00007ffa69260000 - 0x00007ffa693d8000 	C:\WINDOWS\System32\CRYPT32.dll
0x00007ffa67f50000 - 0x00007ffa67f5c000 	C:\WINDOWS\SYSTEM32\cryptbase.dll
0x00007ffa67ff0000 - 0x00007ffa6805a000 	C:\WINDOWS\SYSTEM32\wldp.dll
0x00007ffa61260000 - 0x00007ffa613d8000 	C:\WINDOWS\SYSTEM32\drvstore.dll
0x00007ffa68660000 - 0x00007ffa6868d000 	C:\WINDOWS\SYSTEM32\devobj.dll
0x00007ffa68600000 - 0x00007ffa68651000 	C:\WINDOWS\SYSTEM32\cfgmgr32.dll
0x00007ffa68fb0000 - 0x00007ffa69032000 	C:\WINDOWS\System32\wintrust.dll
0x00007ffa69ff0000 - 0x00007ffa6a010000 	C:\WINDOWS\System32\imagehlp.dll
0x00007ffa680f0000 - 0x00007ffa6810b000 	C:\WINDOWS\SYSTEM32\CRYPTSP.dll
0x00007ffa67720000 - 0x00007ffa67759000 	C:\WINDOWS\system32\rsaenh.dll
0x00007ffa68940000 - 0x00007ffa6896a000 	C:\WINDOWS\SYSTEM32\bcrypt.dll
0x00007ff9aaf70000 - 0x00007ff9ab0b7000 	C:\WINDOWS\system32\nvspcap64.dll
0x00007ffa678c0000 - 0x00007ffa678f6000 	C:\WINDOWS\SYSTEM32\ntmarta.dll
0x00007ffa67d60000 - 0x00007ffa67d8f000 	C:\WINDOWS\SYSTEM32\gpapi.dll
0x00007ffa2de60000 - 0x00007ffa2e017000 	C:\WINDOWS\System32\DriverStore\FileRepository\nv_dispig.inf_amd64_f4c7a2fd13e0f763\nvppex.dll
0x00007ffa4a540000 - 0x00007ffa4a686000 	C:\WINDOWS\SYSTEM32\textinputframework.dll
0x00007ffa66030000 - 0x00007ffa66157000 	C:\WINDOWS\SYSTEM32\CoreMessaging.dll
0x00007ffa62050000 - 0x00007ffa62332000 	C:\WINDOWS\SYSTEM32\CoreUIComponents.dll
0x00007ffa630e0000 - 0x00007ffa6324a000 	C:\WINDOWS\SYSTEM32\wintypes.dll
0x00007ffa6ae30000 - 0x00007ffa6aede000 	C:\WINDOWS\System32\clbcatq.dll
0x00007ffa64720000 - 0x00007ffa6494d000 	C:\WINDOWS\SYSTEM32\WindowsCodecs.dll
0x00007ffa2e9d0000 - 0x00007ffa2ea2a000 	C:\WINDOWS\system32\dataexchange.dll
0x00007ffa59a00000 - 0x00007ffa59c4e000 	C:\WINDOWS\system32\twinapi.appcore.dll
0x00007ffa433d0000 - 0x00007ffa43401000 	C:\Windows\System32\dpuareu_jni.dll
0x00007ffa42f20000 - 0x00007ffa42f86000 	C:\WINDOWS\SYSTEM32\dpfj.dll
0x00007ffa3e8b0000 - 0x00007ffa3e8f2000 	C:\WINDOWS\SYSTEM32\dpfr6.dll
0x00007ffa3e870000 - 0x00007ffa3e8ad000 	C:\WINDOWS\SYSTEM32\dpfpdd.dll
0x00007ffa3cfd0000 - 0x00007ffa3d043000 	C:\WINDOWS\SYSTEM32\nex_sdk.dll
0x00007ff94dd60000 - 0x00007ff94de0f000 	C:\WINDOWS\SYSTEM32\DPFPApi.DLL
0x00007ffa67da0000 - 0x00007ffa67dd3000 	C:\WINDOWS\SYSTEM32\USERENV.dll
0x00007ff9b49e0000 - 0x00007ff9b4a38000 	C:\WINDOWS\system32\DPCLBACK.dll
0x00007ffa4bdb0000 - 0x00007ffa4bdca000 	C:\WINDOWS\SYSTEM32\NETAPI32.dll
0x00007ffa67150000 - 0x00007ffa6715d000 	C:\WINDOWS\SYSTEM32\NETUTILS.DLL
0x00007ffa3cf90000 - 0x00007ffa3cfc4000 	C:\WINDOWS\SYSTEM32\dpfpdd_4k.dll
0x00007ff94a5c0000 - 0x00007ff94a66f000 	C:\WINDOWS\SYSTEM32\dpDevDatx64.dll
0x00007ff94a670000 - 0x00007ff94a737000 	C:\WINDOWS\SYSTEM32\dpDevCtlx64.dll
0x00007ffa6a6d0000 - 0x00007ffa6ab57000 	C:\WINDOWS\System32\SETUPAPI.dll
0x00007ffa367d0000 - 0x00007ffa36837000 	C:\WINDOWS\SYSTEM32\dpfpdd5000.dll
0x00007ffa42e40000 - 0x00007ffa42e6f000 	C:\WINDOWS\SYSTEM32\dpfpdd_ptapi.dll
0x0000000047000000 - 0x000000004710b000 	C:\WINDOWS\SYSTEM32\tfm.dll
0x00007ffa66e80000 - 0x00007ffa66e8f000 	C:\WINDOWS\SYSTEM32\HID.DLL
0x00007ffa2f2c0000 - 0x00007ffa2f30b000 	C:\WINDOWS\SYSTEM32\dpfpdd7k.dll

dbghelp: loaded successfully - version: 4.0.5 - missing functions: none
symbol engine: initialized successfully - sym options: 0x614 - pdb path: .;C:\Program Files\Java\jdk-17\bin;C:\WINDOWS\SYSTEM32;C:\WINDOWS\WinSxS\amd64_microsoft.windows.common-controls_6595b64144ccf1df_6.0.26100.8457_none_3e0b2faee331e92d;C:\Program Files\Java\jdk-17\bin\server;C:\WINDOWS\System32\DriverStore\FileRepository\nv_dispig.inf_amd64_f4c7a2fd13e0f763

VM Arguments:
java_command: com.unicesar.proyectogym.views.dashboard
java_class_path (initial): C:\Users\USUARIO\Documents\NetBeansProjects\ProyectoGym\target\classes;C:\Users\USUARIO\.m2\repository\com\digitalpersona\uareu\2.3.0\uareu-2.3.0.jar
Launcher Type: SUN_STANDARD

[Global flags]
     intx CICompilerCount                          = 12                                        {product} {ergonomic}
     uint ConcGCThreads                            = 3                                         {product} {ergonomic}
     uint G1ConcRefinementThreads                  = 13                                        {product} {ergonomic}
   size_t G1HeapRegionSize                         = 4194304                                   {product} {ergonomic}
    uintx GCDrainStackTargetSize                   = 64                                        {product} {ergonomic}
   size_t InitialHeapSize                          = 524288000                                 {product} {ergonomic}
   size_t MarkStackSize                            = 4194304                                   {product} {ergonomic}
   size_t MaxHeapSize                              = 8355053568                                {product} {ergonomic}
   size_t MaxNewSize                               = 5012193280                                {product} {ergonomic}
   size_t MinHeapDeltaBytes                        = 4194304                                   {product} {ergonomic}
   size_t MinHeapSize                              = 8388608                                   {product} {ergonomic}
    uintx NonNMethodCodeHeapSize                   = 7602480                                {pd product} {ergonomic}
    uintx NonProfiledCodeHeapSize                  = 122027880                              {pd product} {ergonomic}
    uintx ProfiledCodeHeapSize                     = 122027880                              {pd product} {ergonomic}
    uintx ReservedCodeCacheSize                    = 251658240                              {pd product} {ergonomic}
     bool SegmentedCodeCache                       = true                                      {product} {ergonomic}
   size_t SoftMaxHeapSize                          = 8355053568                             {manageable} {ergonomic}
     bool UseCompressedClassPointers               = true                           {product lp64_product} {ergonomic}
     bool UseCompressedOops                        = true                           {product lp64_product} {ergonomic}
     bool UseG1GC                                  = true                                      {product} {ergonomic}
     bool UseLargePagesIndividualAllocation        = false                                  {pd product} {ergonomic}

Logging:
Log output configuration:
 #0: stdout all=off uptime,level,tags
 #1: stderr all=off uptime,level,tags

Environment Variables:
JAVA_HOME=C:\Program Files\Java\jdk-17
PATH=C:\oraclexe\app\oracle\product\11.2.0\server\bin;C:\Program Files\Common Files\Oracle\Java\javapath;C:\WINDOWS\system32;C:\WINDOWS;C:\WINDOWS\System32\Wbem;C:\WINDOWS\System32\WindowsPowerShell\v1.0\;C:\WINDOWS\System32\OpenSSH\;C:\Program Files\NVIDIA Corporation\NVIDIA app\NvDLISR;C:\Program Files (x86)\NVIDIA Corporation\PhysX\Common;C:\Program Files\Docker\Docker\resources\bin;C:\Program Files\Git\cmd;C:\Users\USUARIO\AppData\Local\nvm;C:\nvm4w\nodejs;C:\Program Files\dotnet\;C:\Program Files (x86)\Bitvise SSH Client;C:\Program Files\nodejs\;C:\Users\USUARIO\AppData\Local\Programs\Python\Python313\Scripts\;C:\Users\USUARIO\AppData\Local\Programs\Python\Python313\;C:\Users\USUARIO\AppData\Local\Programs\Python\Launcher\;C:\Users\USUARIO\AppData\Local\Microsoft\WindowsApps;C:\Program Files\JetBrains\IntelliJ IDEA 2024.3.4.1\bin;;C:\Program Files\JetBrains\WebStorm 2024.3.4\bin;;C:\Program Files\JetBrains\DataGrip 2024.3.5\bin;;C:\Users\USUARIO\AppData\Local\nvm;C:\nvm4w\nodejs;C:\Program Files\JetBrains\PyCharm 2025.2\bin;C:\Program Files\JetBrains\JetBrains Rider 2025.3.0.1\bin;C:\Users\USUARIO\AppData\Local\Programs\Antigravity\bin;C:\Users\USUARIO\AppData\Roaming\npm;C:\Users\USUARIO\AppData\Local\Programs\Antigravity IDE\bin
USERNAME=USUARIO
OS=Windows_NT
PROCESSOR_IDENTIFIER=AMD64 Family 25 Model 97 Stepping 2, AuthenticAMD



---------------  S Y S T E M  ---------------

OS:
 Windows 11 , 64 bit Build 26100 (10.0.26100.8328)
OS uptime: 0 days 4:17 hours
Hyper-V role detected

CPU: total 16 (initial active 16) (16 cores per cpu, 2 threads per core) family 25 model 97 stepping 2 microcode 0xa601206, cx8, cmov, fxsr, ht, mmx, 3dnowpref, sse, sse2, sse3, ssse3, sse4a, sse4.1, sse4.2, popcnt, lzcnt, tsc, tscinvbit, avx, avx2, aes, erms, clmul, bmi1, bmi2, adx, avx512f, avx512dq, avx512cd, avx512bw, avx512vl, sha, fma, vzeroupper, avx512_vpopcntdq, avx512_vpclmulqdq, avx512_vaes, avx512_vnni, clflush, clflushopt, avx512_vbmi2, avx512_vbmi, hv

Memory: 4k page, system-wide physical 31862M (16605M free)
TotalPageFile size 33910M (AvailPageFile size 13550M)
current process WorkingSet (physical memory assigned to process): 138M, peak: 180M
current process commit charge ("private bytes"): 704M, peak: 761M

vm_info: Java HotSpot(TM) 64-Bit Server VM (17.0.13+10-LTS-268) for windows-amd64 JRE (17.0.13+10-LTS-268), built on Sep 30 2024 06:33:13 by "mach5one" with MS VC++ 17.6 (VS2022)

END.
