#
# A fatal error has been detected by the Java Runtime Environment:
#
#  EXCEPTION_ACCESS_VIOLATION (0xc0000005) at pc=0x00007ff94a686ac1, pid=28956, tid=29624
#
# JRE version: Java(TM) SE Runtime Environment (17.0.13+10) (build 17.0.13+10-LTS-268)
# Java VM: Java HotSpot(TM) 64-Bit Server VM (17.0.13+10-LTS-268, mixed mode, sharing, tiered, compressed oops, compressed class ptrs, g1 gc, windows-amd64)
# Problematic frame:
# C  [dpDevCtlx64.dll+0x16ac1]
#
# No core dump will be written. Minidumps are not enabled by default on client versions of Windows
#
# If you would like to submit a bug report, please visit:
#   https://bugreport.java.com/bugreport/crash.jsp
#

---------------  S U M M A R Y ------------

Command Line: com.unicesar.proyectogym.views.LoginFrame

Host: AMD Ryzen 7 7700X 8-Core Processor             , 16 cores, 31G,  Windows 11 , 64 bit Build 26100 (10.0.26100.8328)
Time: Mon Jun  8 18:25:31 2026 Hora est. Pac璗ico, Sudam廨ica elapsed time: 2270.354041 seconds (0d 0h 37m 50s)

---------------  T H R E A D  ---------------

Current thread (0x00000188fe4adf60):  VMThread "VM Thread" [stack: 0x0000003b1f300000,0x0000003b1f400000] [id=29624]

Stack: [0x0000003b1f300000,0x0000003b1f400000],  sp=0x0000003b1f3feb40,  free space=1018k
Native frames: (J=compiled Java code, j=interpreted, Vv=VM code, C=native code)
C  [dpDevCtlx64.dll+0x16ac1]


siginfo: EXCEPTION_ACCESS_VIOLATION (0xc0000005), writing address 0x0000000000000008


Registers:
RAX=0x0000000000000000, RBX=0x00000188ebc58600, RCX=0x00000188ebe558f0, RDX=0x0000003b1f3fec20
RSP=0x0000003b1f3feb40, RBP=0x00000188ebc58618, RSI=0x0000003b1f3fede0, RDI=0x00000188ebc58600
R8 =0x00000188ebe56050, R9 =0x0000000000000000, R10=0x00000188eecb0000, R11=0x0000000000000246
R12=0x000000007ffe0385, R13=0x0000000000000001, R14=0x00009edbe6253ba4, R15=0x00000188ebc58600
RIP=0x00007ff94a686ac1, EFLAGS=0x0000000000010202


Register to memory mapping:

RIP=0x00007ff94a686ac1 dpDevCtlx64.dll
RAX=0x0 is NULL
RBX=0x00000188ebc58600 points into unknown readable memory: 0x00009edbe6253ba4 | a4 3b 25 e6 db 9e 00 00
RCX=0x00000188ebe558f0 points into unknown readable memory: 0x0000000000000000 | 00 00 00 00 00 00 00 00
RDX=0x0000003b1f3fec20 points into unknown readable memory: 0x0000000000002710 | 10 27 00 00 00 00 00 00
RSP=0x0000003b1f3feb40 points into unknown readable memory: 0x0000000000000000 | 00 00 00 00 00 00 00 00
RBP=0x00000188ebc58618 points into unknown readable memory: 0x00009edbe6253ba4 | a4 3b 25 e6 db 9e 00 00
RSI=0x0000003b1f3fede0 points into unknown readable memory: 0x0000003b1f3fee00 | 00 ee 3f 1f 3b 00 00 00
RDI=0x00000188ebc58600 points into unknown readable memory: 0x00009edbe6253ba4 | a4 3b 25 e6 db 9e 00 00
R8 =0x00000188ebe56050 points into unknown readable memory: 0x0000000000000000 | 00 00 00 00 00 00 00 00
R9 =0x0 is NULL
R10=0x00000188eecb0000 points into unknown readable memory: 0x0000000000000000 | 00 00 00 00 00 00 00 00
R11=0x0000000000000246 is an unknown value
R12=0x000000007ffe0385 points into unknown readable memory: 00 00 00
R13=0x0000000000000001 is an unknown value
R14=0x00009edbe6253ba4 is an unknown value
R15=0x00000188ebc58600 points into unknown readable memory: 0x00009edbe6253ba4 | a4 3b 25 e6 db 9e 00 00


Top of Stack: (sp=0x0000003b1f3feb40)
0x0000003b1f3feb40:   0000000000000000 0000000000000000
0x0000003b1f3feb50:   00000188ebc58600 00009edbe6253ba4
0x0000003b1f3feb60:   0000000000000001 00007ff94a722550
0x0000003b1f3feb70:   00000188ebc58600 0000003b1f3fede0
0x0000003b1f3feb80:   00000188ebc58600 0000000000000000
0x0000003b1f3feb90:   00000188eed30000 0000000000000000
0x0000003b1f3feba0:   00000188e473db50 0000003b1f3fede0
0x0000003b1f3febb0:   00000188ebc58600 00007ff94a685d2f
0x0000003b1f3febc0:   00007ff94a722550 0000003b1f3fec20
0x0000003b1f3febd0:   00000188ebe56050 00007ffa68b38c59
0x0000003b1f3febe0:   0000000000000b00 00000188ebe56050
0x0000003b1f3febf0:   00000188ebe56050 00000188ebe56060
0x0000003b1f3fec00:   00000188ebe56060 00000188e473db50
0x0000003b1f3fec10:   00000188ebe56050 00007ff94a722550
0x0000003b1f3fec20:   0000000000002710 0000003b1f3fede0
0x0000003b1f3fec30:   0000000000000000 00007ff94a686048 

Instructions: (pc=0x00007ff94a686ac1)
0x00007ff94a6869c1:   20 01 48 b8 aa aa aa aa aa aa aa 0a 48 89 44 24
0x00007ff94a6869d1:   38 48 b8 aa aa aa aa aa aa aa 0a 48 39 44 24 58
0x00007ff94a6869e1:   76 05 e8 40 ce fe ff 48 6b 44 24 58 18 48 89 44
0x00007ff94a6869f1:   24 28 48 81 7c 24 28 00 10 00 00 72 11 48 8b 4c
0x00007ff94a686a01:   24 28 e8 39 c4 fe ff 48 89 44 24 30 eb 22 48 83
0x00007ff94a686a11:   7c 24 28 00 74 11 48 8b 4c 24 28 e8 0a a8 fe ff
0x00007ff94a686a21:   48 89 44 24 30 eb 09 48 c7 44 24 30 00 00 00 00
0x00007ff94a686a31:   48 8b 44 24 30 48 83 c4 48 c3 cc cc cc cc cc cc
0x00007ff94a686a41:   cc cc cc cc cc cc cc cc cc cc cc cc cc cc cc cc
0x00007ff94a686a51:   cc cc cc cc cc cc cc cc cc cc cc cc cc cc cc 4c
0x00007ff94a686a61:   89 44 24 18 48 89 54 24 10 48 89 4c 24 08 48 83
0x00007ff94a686a71:   ec 78 48 8b 84 24 90 00 00 00 48 8b 00 48 89 44
0x00007ff94a686a81:   24 48 48 8b 84 24 80 00 00 00 48 89 44 24 28 48
0x00007ff94a686a91:   8b 84 24 90 00 00 00 48 8b 40 08 48 8b 8c 24 90
0x00007ff94a686aa1:   00 00 00 48 8b 09 48 89 08 48 8b 84 24 90 00 00
0x00007ff94a686ab1:   00 48 8b 00 48 8b 8c 24 90 00 00 00 48 8b 49 08
0x00007ff94a686ac1:   48 89 48 08 48 8b 44 24 28 48 8b 40 08 48 ff c8
0x00007ff94a686ad1:   48 8b 4c 24 28 48 89 41 08 48 8b 84 24 90 00 00
0x00007ff94a686ae1:   00 48 89 44 24 30 48 8b 84 24 80 00 00 00 48 89
0x00007ff94a686af1:   44 24 40 48 8b 44 24 40 48 89 44 24 50 48 8b 44
0x00007ff94a686b01:   24 30 48 83 c0 10 48 89 44 24 58 b8 01 00 00 00
0x00007ff94a686b11:   48 6b c0 18 48 89 44 24 20 48 8b 44 24 30 48 89
0x00007ff94a686b21:   44 24 38 48 81 7c 24 20 00 10 00 00 72 0f 48 8d
0x00007ff94a686b31:   54 24 20 48 8d 4c 24 38 e8 8f af fe ff 48 8b 54
0x00007ff94a686b41:   24 20 48 8b 4c 24 38 e8 ad cd fe ff 90 48 8b 84
0x00007ff94a686b51:   24 80 00 00 00 48 89 44 24 60 48 8b 84 24 88 00
0x00007ff94a686b61:   00 00 48 8b 4c 24 48 48 89 08 48 8b 84 24 88 00
0x00007ff94a686b71:   00 00 48 83 c4 78 c3 cc cc cc cc cc cc cc cc cc
0x00007ff94a686b81:   cc cc cc cc cc cc cc cc cc cc cc cc cc cc cc cc
0x00007ff94a686b91:   cc cc cc cc cc cc cc cc cc cc cc cc cc cc cc cc
0x00007ff94a686ba1:   cc cc cc cc cc cc cc cc cc cc cc cc cc cc cc cc
0x00007ff94a686bb1:   cc cc cc cc cc cc cc cc cc cc cc cc cc cc cc 48 


Stack slot to memory mapping:
stack at sp + 0 slots: 0x0 is NULL
stack at sp + 1 slots: 0x0 is NULL
stack at sp + 2 slots: 0x00000188ebc58600 points into unknown readable memory: 0x00009edbe6253ba4 | a4 3b 25 e6 db 9e 00 00
stack at sp + 3 slots: 0x00009edbe6253ba4 is an unknown value
stack at sp + 4 slots: 0x0000000000000001 is an unknown value
stack at sp + 5 slots: 0x00007ff94a722550 dpDevCtlx64.dll
stack at sp + 6 slots: 0x00000188ebc58600 points into unknown readable memory: 0x00009edbe6253ba4 | a4 3b 25 e6 db 9e 00 00
stack at sp + 7 slots: 0x0000003b1f3fede0 points into unknown readable memory: 0x0000003b1f3fee00 | 00 ee 3f 1f 3b 00 00 00

VM_Operation (0x0000003b205fee40): Exit, mode: safepoint, requested by thread 0x00000188e400d670


---------------  P R O C E S S  ---------------

Threads class SMR info:
_java_thread_list=0x000001889ebee380, length=20, elements={
0x00000188fe4b2570, 0x00000188fe4b5bb0, 0x00000188fe4ca6d0, 0x00000188fe4cb090,
0x00000188fe4cc5c0, 0x00000188fe4cdaf0, 0x00000188fe4da910, 0x00000188fe4e7ec0,
0x00000188fe4ea8d0, 0x000001889eac7620, 0x000001889eacb710, 0x000001889ece2e00,
0x000001889ecfe4e0, 0x00000188e400d670, 0x00000188f10e3e50, 0x00000188e4566a40,
0x00000188e45650f0, 0x00000188ebc73d20, 0x00000188ebc723d0, 0x00000188ebc73810
}

Java Threads: ( => current thread )
  0x00000188fe4b2570 JavaThread "Reference Handler" daemon [_thread_blocked, id=21732, stack(0x0000003b1f400000,0x0000003b1f500000)]
  0x00000188fe4b5bb0 JavaThread "Finalizer" daemon [_thread_blocked, id=29500, stack(0x0000003b1f500000,0x0000003b1f600000)]
  0x00000188fe4ca6d0 JavaThread "Signal Dispatcher" daemon [_thread_blocked, id=24136, stack(0x0000003b1f600000,0x0000003b1f700000)]
  0x00000188fe4cb090 JavaThread "Attach Listener" daemon [_thread_blocked, id=28488, stack(0x0000003b1f700000,0x0000003b1f800000)]
  0x00000188fe4cc5c0 JavaThread "Service Thread" daemon [_thread_blocked, id=29496, stack(0x0000003b1f800000,0x0000003b1f900000)]
  0x00000188fe4cdaf0 JavaThread "Monitor Deflation Thread" daemon [_thread_blocked, id=24424, stack(0x0000003b1f900000,0x0000003b1fa00000)]
  0x00000188fe4da910 JavaThread "C2 CompilerThread0" daemon [_thread_blocked, id=30004, stack(0x0000003b1fa00000,0x0000003b1fb00000)]
  0x00000188fe4e7ec0 JavaThread "C1 CompilerThread0" daemon [_thread_blocked, id=22444, stack(0x0000003b1fb00000,0x0000003b1fc00000)]
  0x00000188fe4ea8d0 JavaThread "Sweeper thread" daemon [_thread_blocked, id=29632, stack(0x0000003b1fc00000,0x0000003b1fd00000)]
  0x000001889eac7620 JavaThread "Notification Thread" daemon [_thread_blocked, id=23584, stack(0x0000003b1ff00000,0x0000003b20000000)]
  0x000001889eacb710 JavaThread "Common-Cleaner" daemon [_thread_blocked, id=13056, stack(0x0000003b20100000,0x0000003b20200000)]
  0x000001889ece2e00 JavaThread "Java2D Disposer" daemon [_thread_blocked, id=28624, stack(0x0000003b20200000,0x0000003b20300000)]
  0x000001889ecfe4e0 JavaThread "AWT-Shutdown" [_thread_blocked, id=28776, stack(0x0000003b20300000,0x0000003b20400000)]
  0x00000188e400d670 JavaThread "AWT-EventQueue-0" [_thread_blocked, id=19804, stack(0x0000003b20500000,0x0000003b20600000)]
  0x00000188f10e3e50 JavaThread "DestroyJavaVM" [_thread_blocked, id=27412, stack(0x0000003b1ed00000,0x0000003b1ee00000)]
  0x00000188e4566a40 JavaThread "TimerQueue" daemon [_thread_blocked, id=29492, stack(0x0000003b20d20000,0x0000003b20e20000)]
  0x00000188e45650f0 JavaThread "SwingWorker-pool-1-thread-1" daemon [_thread_blocked, id=12156, stack(0x0000003b20910000,0x0000003b20a10000)]
  0x00000188ebc73d20 JavaThread "SwingWorker-pool-1-thread-2" daemon [_thread_blocked, id=1424, stack(0x0000003b21c20000,0x0000003b21d20000)]
  0x00000188ebc723d0 JavaThread "SwingWorker-pool-1-thread-3" daemon [_thread_blocked, id=21200, stack(0x0000003b20a10000,0x0000003b20b10000)]
  0x00000188ebc73810 JavaThread "SwingWorker-pool-1-thread-4" daemon [_thread_blocked, id=27748, stack(0x0000003b20e20000,0x0000003b20f20000)]

Other Threads:
=>0x00000188fe4adf60 VMThread "VM Thread" [stack: 0x0000003b1f300000,0x0000003b1f400000] [id=29624]
  0x00000188f1190310 GCTaskThread "GC Thread#0" [stack: 0x0000003b1ee00000,0x0000003b1ef00000] [id=28272]
  0x00000188ec0dbcb0 GCTaskThread "GC Thread#1" [stack: 0x0000003b1ea00000,0x0000003b1eb00000] [id=25816]
  0x000001889ea64310 GCTaskThread "GC Thread#2" [stack: 0x0000003b1eb00000,0x0000003b1ec00000] [id=25432]
  0x000001889eba8850 GCTaskThread "GC Thread#3" [stack: 0x0000003b1ec00000,0x0000003b1ed00000] [id=26836]
  0x00000188ec1dd000 GCTaskThread "GC Thread#4" [stack: 0x0000003b1fd00000,0x0000003b1fe00000] [id=30108]
  0x000001889ec50c10 GCTaskThread "GC Thread#5" [stack: 0x0000003b21520000,0x0000003b21620000] [id=30388]
  0x00000188ebee2450 GCTaskThread "GC Thread#6" [stack: 0x0000003b21620000,0x0000003b21720000] [id=23136]
  0x00000188ebee2710 GCTaskThread "GC Thread#7" [stack: 0x0000003b21720000,0x0000003b21820000] [id=2264]
  0x00000188ebdb9420 GCTaskThread "GC Thread#8" [stack: 0x0000003b21820000,0x0000003b21920000] [id=27608]
  0x00000188ebdb9ae0 GCTaskThread "GC Thread#9" [stack: 0x0000003b21920000,0x0000003b21a20000] [id=30512]
  0x00000188ec5794e0 GCTaskThread "GC Thread#10" [stack: 0x0000003b21a20000,0x0000003b21b20000] [id=26980]
  0x00000188ec57a3c0 GCTaskThread "GC Thread#11" [stack: 0x0000003b21b20000,0x0000003b21c20000] [id=27888]
  0x00000188f11a1830 ConcurrentGCThread "G1 Main Marker" terminated
  0x00000188f11a2240 ConcurrentGCThread "G1 Conc#0" [stack: 0x0000003b1f000000,0x0000003b1f100000] [id=26104]
  0x00000188fe3e8e50 ConcurrentGCThread "G1 Refine#0" terminated
  0x00000188fe3e9720 ConcurrentGCThread "G1 Service" terminated

Threads with active compile tasks:

VM state: at safepoint (shutting down)

VM Mutex/Monitor currently owned by a thread:  ([mutex/lock_event])
[0x00000188f10e03f0] Threads_lock - owner thread: 0x00000188fe4adf60
[0x00000188f10e1050] Heap_lock - owner thread: 0x00000188e400d670

Heap address: 0x000000060e000000, size: 7968 MB, Compressed Oops mode: Zero based, Oop shift amount: 3

CDS archive(s) mapped at: [0x000001889f000000-0x000001889fbd0000-0x000001889fbd0000), size 12386304, SharedBaseAddress: 0x000001889f000000, ArchiveRelocationMode: 1.
Compressed class space mapped at: 0x00000188a0000000-0x00000188e0000000, reserved size: 1073741824
Narrow klass base: 0x000001889f000000, Narrow klass shift: 0, Narrow klass range: 0x100000000

GC Precious Log:
 CPUs: 16 total, 16 available
 Memory: 31862M
 Large Page Support: Disabled
 NUMA Support: Disabled
 Compressed Oops: Enabled (Zero based)
 Heap Region Size: 4M
 Heap Min Capacity: 8M
 Heap Initial Capacity: 500M
 Heap Max Capacity: 7968M
 Pre-touch: Disabled
 Parallel Workers: 13
 Concurrent Workers: 3
 Concurrent Refinement Workers: 13
 Periodic GC: Disabled

Heap:
 garbage-first heap   total 512000K, used 20255K [0x000000060e000000, 0x0000000800000000)
  region size 4096K, 7 young (28672K), 1 survivors (4096K)
 Metaspace       used 15184K, committed 15360K, reserved 1114112K
  class space    used 1725K, committed 1792K, reserved 1048576K

Heap Regions: E=young(eden), S=young(survivor), O=old, HS=humongous(starts), HC=humongous(continues), CS=collection set, F=free, OA=open archive, CA=closed archive, TAMS=top-at-mark-start (previous, next)
|   0|0x000000060e000000, 0x000000060e000000, 0x000000060e400000|  0%| F|  |TAMS 0x000000060e000000, 0x000000060e000000| Untracked 
|   1|0x000000060e400000, 0x000000060e400000, 0x000000060e800000|  0%| F|  |TAMS 0x000000060e400000, 0x000000060e400000| Untracked 
|   2|0x000000060e800000, 0x000000060e800000, 0x000000060ec00000|  0%| F|  |TAMS 0x000000060e800000, 0x000000060e800000| Untracked 
|   3|0x000000060ec00000, 0x000000060ec00000, 0x000000060f000000|  0%| F|  |TAMS 0x000000060ec00000, 0x000000060ec00000| Untracked 
|   4|0x000000060f000000, 0x000000060f000000, 0x000000060f400000|  0%| F|  |TAMS 0x000000060f000000, 0x000000060f000000| Untracked 
|   5|0x000000060f400000, 0x000000060f400000, 0x000000060f800000|  0%| F|  |TAMS 0x000000060f400000, 0x000000060f400000| Untracked 
|   6|0x000000060f800000, 0x000000060f800000, 0x000000060fc00000|  0%| F|  |TAMS 0x000000060f800000, 0x000000060f800000| Untracked 
|   7|0x000000060fc00000, 0x000000060fc00000, 0x0000000610000000|  0%| F|  |TAMS 0x000000060fc00000, 0x000000060fc00000| Untracked 
|   8|0x0000000610000000, 0x0000000610000000, 0x0000000610400000|  0%| F|  |TAMS 0x0000000610000000, 0x0000000610000000| Untracked 
|   9|0x0000000610400000, 0x0000000610400000, 0x0000000610800000|  0%| F|  |TAMS 0x0000000610400000, 0x0000000610400000| Untracked 
|  10|0x0000000610800000, 0x0000000610800000, 0x0000000610c00000|  0%| F|  |TAMS 0x0000000610800000, 0x0000000610800000| Untracked 
|  11|0x0000000610c00000, 0x0000000610c00000, 0x0000000611000000|  0%| F|  |TAMS 0x0000000610c00000, 0x0000000610c00000| Untracked 
|  12|0x0000000611000000, 0x0000000611000000, 0x0000000611400000|  0%| F|  |TAMS 0x0000000611000000, 0x0000000611000000| Untracked 
|  13|0x0000000611400000, 0x0000000611400000, 0x0000000611800000|  0%| F|  |TAMS 0x0000000611400000, 0x0000000611400000| Untracked 
|  14|0x0000000611800000, 0x0000000611800000, 0x0000000611c00000|  0%| F|  |TAMS 0x0000000611800000, 0x0000000611800000| Untracked 
|  15|0x0000000611c00000, 0x0000000611c00000, 0x0000000612000000|  0%| F|  |TAMS 0x0000000611c00000, 0x0000000611c00000| Untracked 
|  16|0x0000000612000000, 0x0000000612000000, 0x0000000612400000|  0%| F|  |TAMS 0x0000000612000000, 0x0000000612000000| Untracked 
|  17|0x0000000612400000, 0x0000000612400000, 0x0000000612800000|  0%| F|  |TAMS 0x0000000612400000, 0x0000000612400000| Untracked 
|  18|0x0000000612800000, 0x0000000612800000, 0x0000000612c00000|  0%| F|  |TAMS 0x0000000612800000, 0x0000000612800000| Untracked 
|  19|0x0000000612c00000, 0x0000000612c00000, 0x0000000613000000|  0%| F|  |TAMS 0x0000000612c00000, 0x0000000612c00000| Untracked 
|  20|0x0000000613000000, 0x0000000613000000, 0x0000000613400000|  0%| F|  |TAMS 0x0000000613000000, 0x0000000613000000| Untracked 
|  21|0x0000000613400000, 0x0000000613400000, 0x0000000613800000|  0%| F|  |TAMS 0x0000000613400000, 0x0000000613400000| Untracked 
|  22|0x0000000613800000, 0x0000000613800000, 0x0000000613c00000|  0%| F|  |TAMS 0x0000000613800000, 0x0000000613800000| Untracked 
|  23|0x0000000613c00000, 0x0000000613c00000, 0x0000000614000000|  0%| F|  |TAMS 0x0000000613c00000, 0x0000000613c00000| Untracked 
|  24|0x0000000614000000, 0x0000000614000000, 0x0000000614400000|  0%| F|  |TAMS 0x0000000614000000, 0x0000000614000000| Untracked 
|  25|0x0000000614400000, 0x0000000614400000, 0x0000000614800000|  0%| F|  |TAMS 0x0000000614400000, 0x0000000614400000| Untracked 
|  26|0x0000000614800000, 0x0000000614800000, 0x0000000614c00000|  0%| F|  |TAMS 0x0000000614800000, 0x0000000614800000| Untracked 
|  27|0x0000000614c00000, 0x0000000614c00000, 0x0000000615000000|  0%| F|  |TAMS 0x0000000614c00000, 0x0000000614c00000| Untracked 
|  28|0x0000000615000000, 0x0000000615000000, 0x0000000615400000|  0%| F|  |TAMS 0x0000000615000000, 0x0000000615000000| Untracked 
|  29|0x0000000615400000, 0x0000000615400000, 0x0000000615800000|  0%| F|  |TAMS 0x0000000615400000, 0x0000000615400000| Untracked 
|  30|0x0000000615800000, 0x0000000615800000, 0x0000000615c00000|  0%| F|  |TAMS 0x0000000615800000, 0x0000000615800000| Untracked 
|  31|0x0000000615c00000, 0x0000000615c00000, 0x0000000616000000|  0%| F|  |TAMS 0x0000000615c00000, 0x0000000615c00000| Untracked 
|  32|0x0000000616000000, 0x0000000616000000, 0x0000000616400000|  0%| F|  |TAMS 0x0000000616000000, 0x0000000616000000| Untracked 
|  33|0x0000000616400000, 0x0000000616400000, 0x0000000616800000|  0%| F|  |TAMS 0x0000000616400000, 0x0000000616400000| Untracked 
|  34|0x0000000616800000, 0x0000000616800000, 0x0000000616c00000|  0%| F|  |TAMS 0x0000000616800000, 0x0000000616800000| Untracked 
|  35|0x0000000616c00000, 0x0000000616c00000, 0x0000000617000000|  0%| F|  |TAMS 0x0000000616c00000, 0x0000000616c00000| Untracked 
|  36|0x0000000617000000, 0x0000000617000000, 0x0000000617400000|  0%| F|  |TAMS 0x0000000617000000, 0x0000000617000000| Untracked 
|  37|0x0000000617400000, 0x0000000617400000, 0x0000000617800000|  0%| F|  |TAMS 0x0000000617400000, 0x0000000617400000| Untracked 
|  38|0x0000000617800000, 0x0000000617800000, 0x0000000617c00000|  0%| F|  |TAMS 0x0000000617800000, 0x0000000617800000| Untracked 
|  39|0x0000000617c00000, 0x0000000617c00000, 0x0000000618000000|  0%| F|  |TAMS 0x0000000617c00000, 0x0000000617c00000| Untracked 
|  40|0x0000000618000000, 0x0000000618000000, 0x0000000618400000|  0%| F|  |TAMS 0x0000000618000000, 0x0000000618000000| Untracked 
|  41|0x0000000618400000, 0x0000000618400000, 0x0000000618800000|  0%| F|  |TAMS 0x0000000618400000, 0x0000000618400000| Untracked 
|  42|0x0000000618800000, 0x0000000618800000, 0x0000000618c00000|  0%| F|  |TAMS 0x0000000618800000, 0x0000000618800000| Untracked 
|  43|0x0000000618c00000, 0x0000000618c00000, 0x0000000619000000|  0%| F|  |TAMS 0x0000000618c00000, 0x0000000618c00000| Untracked 
|  44|0x0000000619000000, 0x0000000619000000, 0x0000000619400000|  0%| F|  |TAMS 0x0000000619000000, 0x0000000619000000| Untracked 
|  45|0x0000000619400000, 0x0000000619400000, 0x0000000619800000|  0%| F|  |TAMS 0x0000000619400000, 0x0000000619400000| Untracked 
|  46|0x0000000619800000, 0x0000000619800000, 0x0000000619c00000|  0%| F|  |TAMS 0x0000000619800000, 0x0000000619800000| Untracked 
|  47|0x0000000619c00000, 0x0000000619c00000, 0x000000061a000000|  0%| F|  |TAMS 0x0000000619c00000, 0x0000000619c00000| Untracked 
|  48|0x000000061a000000, 0x000000061a000000, 0x000000061a400000|  0%| F|  |TAMS 0x000000061a000000, 0x000000061a000000| Untracked 
|  49|0x000000061a400000, 0x000000061a400000, 0x000000061a800000|  0%| F|  |TAMS 0x000000061a400000, 0x000000061a400000| Untracked 
|  50|0x000000061a800000, 0x000000061a800000, 0x000000061ac00000|  0%| F|  |TAMS 0x000000061a800000, 0x000000061a800000| Untracked 
|  51|0x000000061ac00000, 0x000000061ac00000, 0x000000061b000000|  0%| F|  |TAMS 0x000000061ac00000, 0x000000061ac00000| Untracked 
|  52|0x000000061b000000, 0x000000061b000000, 0x000000061b400000|  0%| F|  |TAMS 0x000000061b000000, 0x000000061b000000| Untracked 
|  53|0x000000061b400000, 0x000000061b400000, 0x000000061b800000|  0%| F|  |TAMS 0x000000061b400000, 0x000000061b400000| Untracked 
|  54|0x000000061b800000, 0x000000061b800000, 0x000000061bc00000|  0%| F|  |TAMS 0x000000061b800000, 0x000000061b800000| Untracked 
|  55|0x000000061bc00000, 0x000000061bc00000, 0x000000061c000000|  0%| F|  |TAMS 0x000000061bc00000, 0x000000061bc00000| Untracked 
|  56|0x000000061c000000, 0x000000061c000000, 0x000000061c400000|  0%| F|  |TAMS 0x000000061c000000, 0x000000061c000000| Untracked 
|  57|0x000000061c400000, 0x000000061c400000, 0x000000061c800000|  0%| F|  |TAMS 0x000000061c400000, 0x000000061c400000| Untracked 
|  58|0x000000061c800000, 0x000000061c800000, 0x000000061cc00000|  0%| F|  |TAMS 0x000000061c800000, 0x000000061c800000| Untracked 
|  59|0x000000061cc00000, 0x000000061cc00000, 0x000000061d000000|  0%| F|  |TAMS 0x000000061cc00000, 0x000000061cc00000| Untracked 
|  60|0x000000061d000000, 0x000000061d000000, 0x000000061d400000|  0%| F|  |TAMS 0x000000061d000000, 0x000000061d000000| Untracked 
|  61|0x000000061d400000, 0x000000061d400000, 0x000000061d800000|  0%| F|  |TAMS 0x000000061d400000, 0x000000061d400000| Untracked 
|  62|0x000000061d800000, 0x000000061d800000, 0x000000061dc00000|  0%| F|  |TAMS 0x000000061d800000, 0x000000061d800000| Untracked 
|  63|0x000000061dc00000, 0x000000061dc00000, 0x000000061e000000|  0%| F|  |TAMS 0x000000061dc00000, 0x000000061dc00000| Untracked 
|  64|0x000000061e000000, 0x000000061e000000, 0x000000061e400000|  0%| F|  |TAMS 0x000000061e000000, 0x000000061e000000| Untracked 
|  65|0x000000061e400000, 0x000000061e400000, 0x000000061e800000|  0%| F|  |TAMS 0x000000061e400000, 0x000000061e400000| Untracked 
|  66|0x000000061e800000, 0x000000061e800000, 0x000000061ec00000|  0%| F|  |TAMS 0x000000061e800000, 0x000000061e800000| Untracked 
|  67|0x000000061ec00000, 0x000000061ec00000, 0x000000061f000000|  0%| F|  |TAMS 0x000000061ec00000, 0x000000061ec00000| Untracked 
|  68|0x000000061f000000, 0x000000061f000000, 0x000000061f400000|  0%| F|  |TAMS 0x000000061f000000, 0x000000061f000000| Untracked 
|  69|0x000000061f400000, 0x000000061f400000, 0x000000061f800000|  0%| F|  |TAMS 0x000000061f400000, 0x000000061f400000| Untracked 
|  70|0x000000061f800000, 0x000000061f800000, 0x000000061fc00000|  0%| F|  |TAMS 0x000000061f800000, 0x000000061f800000| Untracked 
|  71|0x000000061fc00000, 0x000000061fc00000, 0x0000000620000000|  0%| F|  |TAMS 0x000000061fc00000, 0x000000061fc00000| Untracked 
|  72|0x0000000620000000, 0x0000000620000000, 0x0000000620400000|  0%| F|  |TAMS 0x0000000620000000, 0x0000000620000000| Untracked 
|  73|0x0000000620400000, 0x0000000620400000, 0x0000000620800000|  0%| F|  |TAMS 0x0000000620400000, 0x0000000620400000| Untracked 
|  74|0x0000000620800000, 0x0000000620800000, 0x0000000620c00000|  0%| F|  |TAMS 0x0000000620800000, 0x0000000620800000| Untracked 
|  75|0x0000000620c00000, 0x0000000620c00000, 0x0000000621000000|  0%| F|  |TAMS 0x0000000620c00000, 0x0000000620c00000| Untracked 
|  76|0x0000000621000000, 0x0000000621000000, 0x0000000621400000|  0%| F|  |TAMS 0x0000000621000000, 0x0000000621000000| Untracked 
|  77|0x0000000621400000, 0x0000000621400000, 0x0000000621800000|  0%| F|  |TAMS 0x0000000621400000, 0x0000000621400000| Untracked 
|  78|0x0000000621800000, 0x0000000621800000, 0x0000000621c00000|  0%| F|  |TAMS 0x0000000621800000, 0x0000000621800000| Untracked 
|  79|0x0000000621c00000, 0x0000000621c00000, 0x0000000622000000|  0%| F|  |TAMS 0x0000000621c00000, 0x0000000621c00000| Untracked 
|  80|0x0000000622000000, 0x0000000622000000, 0x0000000622400000|  0%| F|  |TAMS 0x0000000622000000, 0x0000000622000000| Untracked 
|  81|0x0000000622400000, 0x0000000622400000, 0x0000000622800000|  0%| F|  |TAMS 0x0000000622400000, 0x0000000622400000| Untracked 
|  82|0x0000000622800000, 0x0000000622800000, 0x0000000622c00000|  0%| F|  |TAMS 0x0000000622800000, 0x0000000622800000| Untracked 
|  83|0x0000000622c00000, 0x0000000622c00000, 0x0000000623000000|  0%| F|  |TAMS 0x0000000622c00000, 0x0000000622c00000| Untracked 
|  84|0x0000000623000000, 0x0000000623000000, 0x0000000623400000|  0%| F|  |TAMS 0x0000000623000000, 0x0000000623000000| Untracked 
|  85|0x0000000623400000, 0x0000000623400000, 0x0000000623800000|  0%| F|  |TAMS 0x0000000623400000, 0x0000000623400000| Untracked 
|  86|0x0000000623800000, 0x0000000623800000, 0x0000000623c00000|  0%| F|  |TAMS 0x0000000623800000, 0x0000000623800000| Untracked 
|  87|0x0000000623c00000, 0x0000000623c00000, 0x0000000624000000|  0%| F|  |TAMS 0x0000000623c00000, 0x0000000623c00000| Untracked 
|  88|0x0000000624000000, 0x0000000624000000, 0x0000000624400000|  0%| F|  |TAMS 0x0000000624000000, 0x0000000624000000| Untracked 
|  89|0x0000000624400000, 0x0000000624400000, 0x0000000624800000|  0%| F|  |TAMS 0x0000000624400000, 0x0000000624400000| Untracked 
|  90|0x0000000624800000, 0x0000000624800000, 0x0000000624c00000|  0%| F|  |TAMS 0x0000000624800000, 0x0000000624800000| Untracked 
|  91|0x0000000624c00000, 0x0000000624c00000, 0x0000000625000000|  0%| F|  |TAMS 0x0000000624c00000, 0x0000000624c00000| Untracked 
|  92|0x0000000625000000, 0x0000000625000000, 0x0000000625400000|  0%| F|  |TAMS 0x0000000625000000, 0x0000000625000000| Untracked 
|  93|0x0000000625400000, 0x0000000625400000, 0x0000000625800000|  0%| F|  |TAMS 0x0000000625400000, 0x0000000625400000| Untracked 
|  94|0x0000000625800000, 0x0000000625800000, 0x0000000625c00000|  0%| F|  |TAMS 0x0000000625800000, 0x0000000625800000| Untracked 
|  95|0x0000000625c00000, 0x0000000625c00000, 0x0000000626000000|  0%| F|  |TAMS 0x0000000625c00000, 0x0000000625c00000| Untracked 
|  96|0x0000000626000000, 0x0000000626000000, 0x0000000626400000|  0%| F|  |TAMS 0x0000000626000000, 0x0000000626000000| Untracked 
|  97|0x0000000626400000, 0x0000000626400000, 0x0000000626800000|  0%| F|  |TAMS 0x0000000626400000, 0x0000000626400000| Untracked 
|  98|0x0000000626800000, 0x0000000626800000, 0x0000000626c00000|  0%| F|  |TAMS 0x0000000626800000, 0x0000000626800000| Untracked 
|  99|0x0000000626c00000, 0x0000000626c00000, 0x0000000627000000|  0%| F|  |TAMS 0x0000000626c00000, 0x0000000626c00000| Untracked 
| 100|0x0000000627000000, 0x0000000627000000, 0x0000000627400000|  0%| F|  |TAMS 0x0000000627000000, 0x0000000627000000| Untracked 
| 101|0x0000000627400000, 0x0000000627400000, 0x0000000627800000|  0%| F|  |TAMS 0x0000000627400000, 0x0000000627400000| Untracked 
| 102|0x0000000627800000, 0x0000000627800000, 0x0000000627c00000|  0%| F|  |TAMS 0x0000000627800000, 0x0000000627800000| Untracked 
| 103|0x0000000627c00000, 0x0000000627c00000, 0x0000000628000000|  0%| F|  |TAMS 0x0000000627c00000, 0x0000000627c00000| Untracked 
| 104|0x0000000628000000, 0x0000000628000000, 0x0000000628400000|  0%| F|  |TAMS 0x0000000628000000, 0x0000000628000000| Untracked 
| 105|0x0000000628400000, 0x0000000628400000, 0x0000000628800000|  0%| F|  |TAMS 0x0000000628400000, 0x0000000628400000| Untracked 
| 106|0x0000000628800000, 0x0000000628800000, 0x0000000628c00000|  0%| F|  |TAMS 0x0000000628800000, 0x0000000628800000| Untracked 
| 107|0x0000000628c00000, 0x0000000628c00000, 0x0000000629000000|  0%| F|  |TAMS 0x0000000628c00000, 0x0000000628c00000| Untracked 
| 108|0x0000000629000000, 0x0000000629000000, 0x0000000629400000|  0%| F|  |TAMS 0x0000000629000000, 0x0000000629000000| Untracked 
| 109|0x0000000629400000, 0x0000000629400000, 0x0000000629800000|  0%| F|  |TAMS 0x0000000629400000, 0x0000000629400000| Untracked 
| 110|0x0000000629800000, 0x0000000629800000, 0x0000000629c00000|  0%| F|  |TAMS 0x0000000629800000, 0x0000000629800000| Untracked 
| 111|0x0000000629c00000, 0x0000000629c00000, 0x000000062a000000|  0%| F|  |TAMS 0x0000000629c00000, 0x0000000629c00000| Untracked 
| 112|0x000000062a000000, 0x000000062a000000, 0x000000062a400000|  0%| F|  |TAMS 0x000000062a000000, 0x000000062a000000| Untracked 
| 113|0x000000062a400000, 0x000000062a400000, 0x000000062a800000|  0%| F|  |TAMS 0x000000062a400000, 0x000000062a400000| Untracked 
| 114|0x000000062a800000, 0x000000062a800000, 0x000000062ac00000|  0%| F|  |TAMS 0x000000062a800000, 0x000000062a800000| Untracked 
| 115|0x000000062ac00000, 0x000000062ac00000, 0x000000062b000000|  0%| F|  |TAMS 0x000000062ac00000, 0x000000062ac00000| Untracked 
| 116|0x000000062b000000, 0x000000062b000000, 0x000000062b400000|  0%| F|  |TAMS 0x000000062b000000, 0x000000062b000000| Untracked 
| 117|0x000000062b400000, 0x000000062b400000, 0x000000062b800000|  0%| F|  |TAMS 0x000000062b400000, 0x000000062b400000| Untracked 
| 118|0x000000062b800000, 0x000000062bbc7e58, 0x000000062bc00000| 94%| S|CS|TAMS 0x000000062b800000, 0x000000062b800000| Complete 
| 119|0x000000062bc00000, 0x000000062bd3b600, 0x000000062c000000| 30%| E|  |TAMS 0x000000062bc00000, 0x000000062bc00000| Complete 
| 120|0x000000062c000000, 0x000000062c400000, 0x000000062c400000|100%| E|CS|TAMS 0x000000062c000000, 0x000000062c000000| Complete 
| 121|0x000000062c400000, 0x000000062c800000, 0x000000062c800000|100%| E|CS|TAMS 0x000000062c400000, 0x000000062c400000| Complete 
| 122|0x000000062c800000, 0x000000062cc00000, 0x000000062cc00000|100%| E|CS|TAMS 0x000000062c800000, 0x000000062c800000| Complete 
| 123|0x000000062cc00000, 0x000000062d000000, 0x000000062d000000|100%| E|CS|TAMS 0x000000062cc00000, 0x000000062cc00000| Complete 
| 124|0x000000062d000000, 0x000000062d400000, 0x000000062d400000|100%| E|  |TAMS 0x000000062d000000, 0x000000062d000000| Complete 

Card table byte_map: [0x00000188fa1c0000,0x00000188fb150000] _byte_map_base: 0x00000188f7150000

Marking Bits (Prev, Next): (CMBitMap*) 0x00000188f1190930, (CMBitMap*) 0x00000188f1190970
 Prev Bits: [0x000001888f000000, 0x0000018896c80000)
 Next Bits: [0x0000018896c80000, 0x000001889e900000)

Polling page: 0x00000188eeff0000

Metaspace:

Usage:
  Non-class:     13.14 MB used.
      Class:      1.68 MB used.
       Both:     14.83 MB used.

Virtual space:
  Non-class space:       64.00 MB reserved,      13.25 MB ( 21%) committed,  1 nodes.
      Class space:        1.00 GB reserved,       1.75 MB ( <1%) committed,  1 nodes.
             Both:        1.06 GB reserved,      15.00 MB (  1%) committed. 

Chunk freelists:
   Non-Class:  2.80 MB
       Class:  14.19 MB
        Both:  16.99 MB

MaxMetaspaceSize: unlimited
CompressedClassSpaceSize: 1.00 GB
Initial GC threshold: 21.00 MB
Current GC threshold: 21.00 MB
CDS: on
MetaspaceReclaimPolicy: balanced
 - commit_granule_bytes: 65536.
 - commit_granule_words: 8192.
 - virtual_space_node_default_size: 8388608.
 - enlarge_chunks_in_place: 1.
 - new_chunks_are_fully_committed: 0.
 - uncommit_free_chunks: 1.
 - use_allocation_guard: 0.
 - handle_deallocations: 1.


Internal statistics:

num_allocs_failed_limit: 0.
num_arena_births: 168.
num_arena_deaths: 0.
num_vsnodes_births: 2.
num_vsnodes_deaths: 0.
num_space_committed: 240.
num_space_uncommitted: 0.
num_chunks_returned_to_freelist: 0.
num_chunks_taken_from_freelist: 286.
num_chunk_merges: 0.
num_chunk_splits: 150.
num_chunks_enlarged: 58.
num_inconsistent_stats: 0.

CodeHeap 'non-profiled nmethods': size=119168Kb used=1412Kb max_used=1412Kb free=117756Kb
 bounds [0x0000018887ba0000, 0x0000018887e10000, 0x000001888f000000]
CodeHeap 'profiled nmethods': size=119104Kb used=6076Kb max_used=6076Kb free=113027Kb
 bounds [0x0000018880000000, 0x00000188805f0000, 0x0000018887450000]
CodeHeap 'non-nmethods': size=7488Kb used=1370Kb max_used=3065Kb free=6117Kb
 bounds [0x0000018887450000, 0x00000188877d0000, 0x0000018887ba0000]
 total_blobs=3775 nmethods=3072 adapters=613
 compilation: enabled
              stopped_count=0, restarted_count=0
 full_count=0

Compilation events (20 events):
Event: 439.496 Thread 0x00000188fe4da910 3065       4       sun.awt.windows.WComponentPeer::handleEvent (173 bytes)
Event: 439.497 Thread 0x00000188fe4da910 nmethod 3065 0x0000018887cfe290 code [0x0000018887cfe460, 0x0000018887cfe7a8]
Event: 440.930 Thread 0x00000188fe4e7ec0 3066       3       sun.awt.NullComponentPeer::dispose (1 bytes)
Event: 440.930 Thread 0x00000188fe4e7ec0 nmethod 3066 0x00000188805ed190 code [0x00000188805ed320, 0x00000188805ed438]
Event: 440.931 Thread 0x00000188fe4e7ec0 3067       3       javax.swing.KeyboardManager$ComponentKeyStrokePair::equals (48 bytes)
Event: 440.932 Thread 0x00000188fe4e7ec0 nmethod 3067 0x00000188805ed510 code [0x00000188805ed6e0, 0x00000188805edc98]
Event: 440.932 Thread 0x00000188fe4e7ec0 3068       1       javax.swing.plaf.basic.BasicMenuUI::getPropertyPrefix (3 bytes)
Event: 440.932 Thread 0x00000188fe4da910 3069   !   4       sun.java2d.SunGraphics2D::validateCompClip (186 bytes)
Event: 440.932 Thread 0x00000188fe4e7ec0 nmethod 3068 0x0000018887cfeb10 code [0x0000018887cfeca0, 0x0000018887cfed78]
Event: 440.937 Thread 0x00000188fe4da910 nmethod 3069 0x0000018887cfee10 code [0x0000018887cff020, 0x0000018887cffa00]
Event: 447.486 Thread 0x00000188fe4da910 3070       4       java.util.ArrayList::toArray (57 bytes)
Event: 447.488 Thread 0x00000188fe4da910 nmethod 3070 0x0000018887d00110 code [0x0000018887d002a0, 0x0000018887d008f8]
Event: 2145.420 Thread 0x00000188fe4e7ec0 3071   !   3       java.lang.ref.ReferenceQueue::remove (125 bytes)
Event: 2145.421 Thread 0x00000188fe4e7ec0 nmethod 3071 0x00000188805ede10 code [0x00000188805ee020, 0x00000188805ee7d8]
Event: 2268.985 Thread 0x00000188fe4e7ec0 3072       3       javax.swing.AbstractButton::paintBorder (13 bytes)
Event: 2268.985 Thread 0x00000188fe4e7ec0 nmethod 3072 0x00000188805eeb10 code [0x00000188805eecc0, 0x00000188805eeec8]
Event: 2268.988 Thread 0x00000188fe4e7ec0 3073       3       javax.swing.DefaultButtonModel::isSelected (15 bytes)
Event: 2268.988 Thread 0x00000188fe4e7ec0 nmethod 3073 0x00000188805eef90 code [0x00000188805ef120, 0x00000188805ef298]
Event: 2269.443 Thread 0x00000188fe4da910 3074       4       java.awt.Window::eventEnabled (138 bytes)
Event: 2269.444 Thread 0x00000188fe4da910 nmethod 3074 0x0000018887d00b10 code [0x0000018887d00ca0, 0x0000018887d00e48]

GC Heap History (2 events):
Event: 165.184 GC heap before
{Heap before GC invocations=0 (full 0):
 garbage-first heap   total 512000K, used 24576K [0x000000060e000000, 0x0000000800000000)
  region size 4096K, 6 young (24576K), 0 survivors (0K)
 Metaspace       used 14050K, committed 14272K, reserved 1114112K
  class space    used 1599K, committed 1728K, reserved 1048576K
}
Event: 165.187 GC heap after
{Heap after GC invocations=1 (full 0):
 garbage-first heap   total 512000K, used 3871K [0x000000060e000000, 0x0000000800000000)
  region size 4096K, 1 young (4096K), 1 survivors (4096K)
 Metaspace       used 14050K, committed 14272K, reserved 1114112K
  class space    used 1599K, committed 1728K, reserved 1048576K
}

Deoptimization events (20 events):
Event: 436.704 Thread 0x00000188e400d670 Uncommon trap: trap_request=0xffffff45 fr.pc=0x0000018887ce6d84 relative=0x0000000000000084
Event: 436.704 Thread 0x00000188e400d670 Uncommon trap: reason=unstable_if action=reinterpret pc=0x0000018887ce6d84 method=java.awt.Component.areInputMethodsEnabled()Z @ 23 c2
Event: 436.704 Thread 0x00000188e400d670 DEOPT PACKING pc=0x0000018887ce6d84 sp=0x0000003b205ff1c0
Event: 436.704 Thread 0x00000188e400d670 DEOPT UNPACKING pc=0x00000188874a5ba3 sp=0x0000003b205ff158 mode 2
Event: 436.704 Thread 0x00000188e400d670 Uncommon trap: trap_request=0xffffffc6 fr.pc=0x0000018887ce3580 relative=0x00000000000002a0
Event: 436.704 Thread 0x00000188e400d670 Uncommon trap: reason=bimorphic_or_optimized_type_check action=maybe_recompile pc=0x0000018887ce3580 method=sun.awt.windows.WComponentPeer.handleEvent(Ljava/awt/AWTEvent;)V @ 152 c2
Event: 436.704 Thread 0x00000188e400d670 DEOPT PACKING pc=0x0000018887ce3580 sp=0x0000003b205ff1a0
Event: 436.704 Thread 0x00000188e400d670 DEOPT UNPACKING pc=0x00000188874a5ba3 sp=0x0000003b205ff138 mode 2
Event: 436.704 Thread 0x00000188e400d670 Uncommon trap: trap_request=0xffffffc6 fr.pc=0x0000018887ce3580 relative=0x00000000000002a0
Event: 436.704 Thread 0x00000188e400d670 Uncommon trap: reason=bimorphic_or_optimized_type_check action=maybe_recompile pc=0x0000018887ce3580 method=sun.awt.windows.WComponentPeer.handleEvent(Ljava/awt/AWTEvent;)V @ 152 c2
Event: 436.704 Thread 0x00000188e400d670 DEOPT PACKING pc=0x0000018887ce3580 sp=0x0000003b205ff1a0
Event: 436.704 Thread 0x00000188e400d670 DEOPT UNPACKING pc=0x00000188874a5ba3 sp=0x0000003b205ff138 mode 2
Event: 436.704 Thread 0x00000188e400d670 Uncommon trap: trap_request=0xffffffc6 fr.pc=0x0000018887ce3580 relative=0x00000000000002a0
Event: 436.704 Thread 0x00000188e400d670 Uncommon trap: reason=bimorphic_or_optimized_type_check action=maybe_recompile pc=0x0000018887ce3580 method=sun.awt.windows.WComponentPeer.handleEvent(Ljava/awt/AWTEvent;)V @ 152 c2
Event: 436.704 Thread 0x00000188e400d670 DEOPT PACKING pc=0x0000018887ce3580 sp=0x0000003b205ff1a0
Event: 436.704 Thread 0x00000188e400d670 DEOPT UNPACKING pc=0x00000188874a5ba3 sp=0x0000003b205ff138 mode 2
Event: 437.169 Thread 0x00000188e400d670 Uncommon trap: trap_request=0xffffffc6 fr.pc=0x0000018887ce3580 relative=0x00000000000002a0
Event: 437.169 Thread 0x00000188e400d670 Uncommon trap: reason=bimorphic_or_optimized_type_check action=maybe_recompile pc=0x0000018887ce3580 method=sun.awt.windows.WComponentPeer.handleEvent(Ljava/awt/AWTEvent;)V @ 152 c2
Event: 437.169 Thread 0x00000188e400d670 DEOPT PACKING pc=0x0000018887ce3580 sp=0x0000003b205ff1a0
Event: 437.169 Thread 0x00000188e400d670 DEOPT UNPACKING pc=0x00000188874a5ba3 sp=0x0000003b205ff138 mode 2

Classes unloaded (0 events):
No events

Classes redefined (0 events):
No events

Internal exceptions (20 events):
Event: 0.061 Thread 0x00000188f10e3e50 Exception <a 'java/lang/NoSuchMethodError'{0x000000062d36c7f0}: 'java.lang.Object java.lang.invoke.DirectMethodHandle$Holder.invokeStaticInit(java.lang.Object)'> (0x000000062d36c7f0) 
thrown [s\open\src\hotspot\share\interpreter\linkResolver.cpp, line 759]
Event: 0.225 Thread 0x00000188e400d670 Exception <a 'java/lang/NoSuchMethodError'{0x000000062cccc478}: 'void java.lang.invoke.DirectMethodHandle$Holder.invokeSpecial(java.lang.Object, java.lang.Object, java.lang.Object)'> (0x000000062cccc478) 
thrown [s\open\src\hotspot\share\interpreter\linkResolver.cpp, line 759]
Event: 0.228 Thread 0x00000188e400d670 Exception <a 'java/lang/NoSuchMethodError'{0x000000062ccf6820}: 'java.lang.Object java.lang.invoke.DirectMethodHandle$Holder.newInvokeSpecial(java.lang.Object, java.lang.Object, java.lang.Object, java.lang.Object, java.lang.Object)'> (0x000000062ccf6820) 
thrown [s\open\src\hotspot\share\interpreter\linkResolver.cpp, line 759]
Event: 0.229 Thread 0x00000188e400d670 Exception <a 'java/lang/NoSuchMethodError'{0x000000062cd021e8}: 'java.lang.Object java.lang.invoke.DirectMethodHandle$Holder.invokeStatic(java.lang.Object, int, java.lang.Object, java.lang.Object, java.lang.Object, java.lang.Object)'> (0x000000062cd021e8) 
thrown [s\open\src\hotspot\share\interpreter\linkResolver.cpp, line 759]
Event: 0.231 Thread 0x00000188e400d670 Exception <a 'java/lang/NoSuchMethodError'{0x000000062cd279a8}: 'java.lang.Object java.lang.invoke.DirectMethodHandle$Holder.invokeStatic(java.lang.Object, int, java.lang.Object)'> (0x000000062cd279a8) 
thrown [s\open\src\hotspot\share\interpreter\linkResolver.cpp, line 759]
Event: 0.242 Thread 0x00000188e400d670 Exception <a 'java/lang/ClassNotFoundException'{0x000000062cddf7f8}: com/sun/swing/internal/plaf/metal/resources/spi/metalProvider> (0x000000062cddf7f8) 
thrown [s\open\src\hotspot\share\classfile\systemDictionary.cpp, line 256]
Event: 0.242 Thread 0x00000188e400d670 Exception <a 'java/lang/ClassNotFoundException'{0x000000062cde3630}: com/sun/swing/internal/plaf/basic/resources/spi/basicProvider> (0x000000062cde3630) 
thrown [s\open\src\hotspot\share\classfile\systemDictionary.cpp, line 256]
Event: 0.280 Thread 0x00000188e400d670 Exception <a 'java/lang/ClassNotFoundException'{0x000000062cf6f468}: sun/util/logging/resources/spi/loggingProvider> (0x000000062cf6f468) 
thrown [s\open\src\hotspot\share\classfile\systemDictionary.cpp, line 256]
Event: 0.286 Thread 0x00000188e400d670 Exception <a 'java/lang/NoSuchMethodError'{0x000000062cf95140}: 'void java.lang.invoke.DirectMethodHandle$Holder.invokeStatic(java.lang.Object, java.lang.Object)'> (0x000000062cf95140) 
thrown [s\open\src\hotspot\share\interpreter\linkResolver.cpp, line 759]
Event: 0.290 Thread 0x00000188e40003d0 Exception <a 'java/lang/NoSuchMethodError'{0x000000062d3e68f8}: 'void java.lang.invoke.DirectMethodHandle$Holder.invokeVirtual(java.lang.Object, java.lang.Object)'> (0x000000062d3e68f8) 
thrown [s\open\src\hotspot\share\interpreter\linkResolver.cpp, line 759]
Event: 0.296 Thread 0x00000188e400d670 Exception <a 'java/lang/NoSuchMethodError'{0x000000062cfc1948}: 'void java.lang.invoke.DirectMethodHandle$Holder.invokeStaticInit(java.lang.Object)'> (0x000000062cfc1948) 
thrown [s\open\src\hotspot\share\interpreter\linkResolver.cpp, line 759]
Event: 144.249 Thread 0x00000188e400d670 Implicit null exception at 0x0000018887c03cd8 to 0x0000018887c03f02
Event: 144.250 Thread 0x00000188e45650f0 Exception <a 'java/lang/NoSuchMethodError'{0x000000062c273710}: 'java.lang.Object java.lang.invoke.DirectMethodHandle$Holder.newInvokeSpecial(java.lang.Object, java.lang.Object, java.lang.Object, int, int, int, int, int)'> (0x000000062c273710) 
thrown [s\open\src\hotspot\share\interpreter\linkResolver.cpp, line 759]
Event: 144.267 Thread 0x00000188e400d670 Exception <a 'java/lang/NoSuchMethodError'{0x000000062c2e4e70}: 'int java.lang.invoke.DirectMethodHandle$Holder.invokeStatic(java.lang.Object)'> (0x000000062c2e4e70) 
thrown [s\open\src\hotspot\share\interpreter\linkResolver.cpp, line 759]
Event: 144.267 Thread 0x00000188e400d670 Implicit null exception at 0x0000018887c454fd to 0x0000018887c474e4
Event: 145.740 Thread 0x00000188e400d670 Implicit null exception at 0x0000018887c370e1 to 0x0000018887c375c6
Event: 150.801 Thread 0x00000188e400d670 Exception <a 'sun/nio/fs/WindowsException'{0x000000062c3de3d8}> (0x000000062c3de3d8) 
thrown [s\open\src\hotspot\share\prims\jni.cpp, line 516]
Event: 150.804 Thread 0x00000188e400d670 Exception <a 'java/lang/NoSuchMethodError'{0x000000062c3f84a8}: static [B.<clinit>()V> (0x000000062c3f84a8) 
thrown [s\open\src\hotspot\share\prims\jni.cpp, line 1112]
Event: 194.650 Thread 0x00000188e400d670 Exception <a 'sun/nio/fs/WindowsException'{0x000000062cb50d70}> (0x000000062cb50d70) 
thrown [s\open\src\hotspot\share\prims\jni.cpp, line 516]
Event: 231.491 Thread 0x00000188e400d670 Exception <a 'java/lang/NoSuchMethodError'{0x000000062c7b35c0}: 'void java.lang.invoke.DirectMethodHandle$Holder.invokeStatic(java.lang.Object, java.lang.Object, java.lang.Object)'> (0x000000062c7b35c0) 
thrown [s\open\src\hotspot\share\interpreter\linkResolver.cpp, line 759]

VM Operations (20 events):
Event: 240.610 Executing VM operation: HandshakeAllThreads done
Event: 243.651 Executing VM operation: Cleanup
Event: 243.651 Executing VM operation: Cleanup done
Event: 256.758 Executing VM operation: Cleanup
Event: 256.758 Executing VM operation: Cleanup done
Event: 300.621 Executing VM operation: HandshakeAllThreads
Event: 300.621 Executing VM operation: HandshakeAllThreads done
Event: 435.914 Executing VM operation: Cleanup
Event: 435.915 Executing VM operation: Cleanup done
Event: 436.915 Executing VM operation: Cleanup
Event: 436.915 Executing VM operation: Cleanup done
Event: 438.942 Executing VM operation: Cleanup
Event: 438.942 Executing VM operation: Cleanup done
Event: 439.944 Executing VM operation: Cleanup
Event: 439.944 Executing VM operation: Cleanup done
Event: 480.993 Executing VM operation: HandshakeAllThreads
Event: 480.993 Executing VM operation: HandshakeAllThreads done
Event: 2269.437 Executing VM operation: Cleanup
Event: 2269.437 Executing VM operation: Cleanup done
Event: 2270.328 Executing VM operation: Exit

Events (20 events):
Event: 256.582 loading class java/awt/geom/Path2D$Double$CopyIterator
Event: 256.582 loading class java/awt/geom/Path2D$Double$CopyIterator done
Event: 256.582 loading class sun/awt/geom/AreaOp$IntOp
Event: 256.582 loading class sun/awt/geom/AreaOp$CAGOp
Event: 256.582 loading class sun/awt/geom/AreaOp$CAGOp done
Event: 256.582 loading class sun/awt/geom/AreaOp$IntOp done
Event: 436.700 loading class javax/swing/PopupFactory$HeavyWeightPopup
Event: 436.700 loading class javax/swing/PopupFactory$HeavyWeightPopup done
Event: 437.167 loading class javax/swing/Popup$DefaultFrame
Event: 437.167 loading class javax/swing/Popup$DefaultFrame done
Event: 437.167 loading class javax/swing/PopupFactory$HeavyWeightPopup$1
Event: 437.168 loading class javax/swing/PopupFactory$HeavyWeightPopup$1 done
Event: 2270.215 Thread 0x00000188ebc74740 Thread added: 0x00000188ebc74740
Event: 2270.215 Thread 0x00000188e4567970 Thread added: 0x00000188e4567970
Event: 2270.215 Thread 0x000001889ebe6e30 Thread added: 0x000001889ebe6e30
Event: 2270.215 Thread 0x000001889ebe6e30 Thread exited: 0x000001889ebe6e30
Event: 2270.215 Thread 0x00000188e4567460 Thread exited: 0x00000188e4567460
Event: 2270.215 Thread 0x00000188e4567970 Thread exited: 0x00000188e4567970
Event: 2270.234 Thread 0x00000188e40003d0 Thread exited: 0x00000188e40003d0
Event: 2270.327 Thread 0x00000188ebc74740 Thread exited: 0x00000188ebc74740


Dynamic libraries:
0x00007ff732800000 - 0x00007ff732810000 	C:\Program Files\Java\jdk-17\bin\java.exe
0x00007ffa6c020000 - 0x00007ffa6c287000 	C:\WINDOWS\SYSTEM32\ntdll.dll
0x00007ffa6af90000 - 0x00007ffa6b059000 	C:\WINDOWS\System32\KERNEL32.DLL
0x00007ffa68b00000 - 0x00007ffa68ef7000 	C:\WINDOWS\System32\KERNELBASE.dll
0x00007ffa69c50000 - 0x00007ffa69d9b000 	C:\WINDOWS\System32\ucrtbase.dll
0x00007ffa4d830000 - 0x00007ffa4d849000 	C:\Program Files\Java\jdk-17\bin\jli.dll
0x00007ffa5b9f0000 - 0x00007ffa5ba0b000 	C:\Program Files\Java\jdk-17\bin\VCRUNTIME140.dll
0x00007ffa6b110000 - 0x00007ffa6b1c6000 	C:\WINDOWS\System32\ADVAPI32.dll
0x00007ffa6b060000 - 0x00007ffa6b109000 	C:\WINDOWS\System32\msvcrt.dll
0x00007ffa6b260000 - 0x00007ffa6b307000 	C:\WINDOWS\System32\sechost.dll
0x00007ffa69ec0000 - 0x00007ffa69fd8000 	C:\WINDOWS\System32\RPCRT4.dll
0x00007ffa6ab60000 - 0x00007ffa6ad26000 	C:\WINDOWS\System32\USER32.dll
0x00007ffa69230000 - 0x00007ffa69257000 	C:\WINDOWS\System32\win32u.dll
0x00007ffa4a750000 - 0x00007ffa4a9e2000 	C:\WINDOWS\WinSxS\amd64_microsoft.windows.common-controls_6595b64144ccf1df_6.0.26100.8457_none_3e0b2faee331e92d\COMCTL32.dll
0x00007ffa6a5b0000 - 0x00007ffa6a5db000 	C:\WINDOWS\System32\GDI32.dll
0x00007ffa69100000 - 0x00007ffa6922c000 	C:\WINDOWS\System32\gdi32full.dll
0x00007ffa68a50000 - 0x00007ffa68af3000 	C:\WINDOWS\System32\msvcp_win.dll
0x00007ffa61960000 - 0x00007ffa6196b000 	C:\WINDOWS\SYSTEM32\VERSION.dll
0x00007ffa6a2d0000 - 0x00007ffa6a302000 	C:\WINDOWS\System32\IMM32.DLL
0x00007ffa64200000 - 0x00007ffa6420c000 	C:\Program Files\Java\jdk-17\bin\vcruntime140_1.dll
0x00007ffa3eb70000 - 0x00007ffa3ebfe000 	C:\Program Files\Java\jdk-17\bin\msvcp140.dll
0x00007ff950850000 - 0x00007ff951431000 	C:\Program Files\Java\jdk-17\bin\server\jvm.dll
0x00007ffa69eb0000 - 0x00007ffa69eb8000 	C:\WINDOWS\System32\PSAPI.DLL
0x00007ffa48a80000 - 0x00007ffa48a8a000 	C:\WINDOWS\SYSTEM32\WSOCK32.dll
0x00007ffa59ed0000 - 0x00007ffa59f06000 	C:\WINDOWS\SYSTEM32\WINMM.dll
0x00007ffa6a4b0000 - 0x00007ffa6a530000 	C:\WINDOWS\System32\WS2_32.dll
0x00007ffa67700000 - 0x00007ffa6771b000 	C:\WINDOWS\SYSTEM32\kernel.appcore.dll
0x00007ffa5bb30000 - 0x00007ffa5bb3a000 	C:\Program Files\Java\jdk-17\bin\jimage.dll
0x00007ffa5a640000 - 0x00007ffa5a882000 	C:\WINDOWS\SYSTEM32\DBGHELP.DLL
0x00007ffa6b4d0000 - 0x00007ffa6b853000 	C:\WINDOWS\System32\combase.dll
0x00007ffa6a5f0000 - 0x00007ffa6a6c9000 	C:\WINDOWS\System32\OLEAUT32.dll
0x00007ffa3f7d0000 - 0x00007ffa3f80b000 	C:\WINDOWS\SYSTEM32\dbgcore.DLL
0x00007ffa68f00000 - 0x00007ffa68fa8000 	C:\WINDOWS\System32\bcryptPrimitives.dll
0x00007ffa48af0000 - 0x00007ffa48b15000 	C:\Program Files\Java\jdk-17\bin\java.dll
0x00007ffa3bf90000 - 0x00007ffa3c067000 	C:\Program Files\Java\jdk-17\bin\jsvml.dll
0x00007ffa6b860000 - 0x00007ffa6bfce000 	C:\WINDOWS\System32\SHELL32.dll
0x00007ffa693e0000 - 0x00007ffa69c4c000 	C:\WINDOWS\System32\windows.storage.dll
0x00007ffa6ad30000 - 0x00007ffa6ae26000 	C:\WINDOWS\System32\SHCORE.dll
0x00007ffa6a540000 - 0x00007ffa6a5a6000 	C:\WINDOWS\System32\shlwapi.dll
0x00007ffa68970000 - 0x00007ffa68999000 	C:\WINDOWS\SYSTEM32\profapi.dll
0x00007ffa440b0000 - 0x00007ffa440c9000 	C:\Program Files\Java\jdk-17\bin\net.dll
0x00007ffa613e0000 - 0x00007ffa61509000 	C:\WINDOWS\SYSTEM32\WINHTTP.dll
0x00007ffa67cf0000 - 0x00007ffa67d5c000 	C:\WINDOWS\system32\mswsock.dll
0x00007ffa43f80000 - 0x00007ffa43f96000 	C:\Program Files\Java\jdk-17\bin\nio.dll
0x00007ffa43dd0000 - 0x00007ffa43de8000 	C:\Program Files\Java\jdk-17\bin\zip.dll
0x00007ff9ac040000 - 0x00007ff9ac1d1000 	C:\Program Files\Java\jdk-17\bin\awt.dll
0x00007ffa66410000 - 0x00007ffa664b0000 	C:\WINDOWS\SYSTEM32\apphelp.dll
0x00007ffa66530000 - 0x00007ffa665da000 	C:\WINDOWS\system32\uxtheme.dll
0x00007ffa6b310000 - 0x00007ffa6b46c000 	C:\WINDOWS\System32\MSCTF.dll
0x00007ffa6a310000 - 0x00007ffa6a4a7000 	C:\WINDOWS\System32\ole32.dll
0x00007ffa667d0000 - 0x00007ffa667ff000 	C:\WINDOWS\system32\DWMAPI.DLL
0x00007ff9dc670000 - 0x00007ff9dc77f000 	C:\WINDOWS\system32\opengl32.dll
0x00007ff9dc640000 - 0x00007ff9dc66d000 	C:\WINDOWS\SYSTEM32\GLU32.dll
0x00007ffa66610000 - 0x00007ffa66655000 	C:\WINDOWS\SYSTEM32\dxcore.dll
0x00007ffa68150000 - 0x00007ffa68163000 	C:\WINDOWS\SYSTEM32\msasn1.dll
0x00007ffa61510000 - 0x00007ffa6154b000 	C:\WINDOWS\SYSTEM32\cryptnet.dll
0x00007ffa69260000 - 0x00007ffa693d8000 	C:\WINDOWS\System32\CRYPT32.dll
0x00007ffa67f50000 - 0x00007ffa67f5c000 	C:\WINDOWS\SYSTEM32\cryptbase.dll
0x00007ffa67ff0000 - 0x00007ffa6805a000 	C:\WINDOWS\SYSTEM32\wldp.dll
0x00007ffa61260000 - 0x00007ffa613d8000 	C:\WINDOWS\SYSTEM32\drvstore.dll
0x00007ffa68660000 - 0x00007ffa6868d000 	C:\WINDOWS\SYSTEM32\devobj.dll
0x00007ffa68600000 - 0x00007ffa68651000 	C:\WINDOWS\SYSTEM32\cfgmgr32.dll
0x00007ffa68fb0000 - 0x00007ffa69032000 	C:\WINDOWS\System32\wintrust.dll
0x00007ffa69ff0000 - 0x00007ffa6a010000 	C:\WINDOWS\System32\imagehlp.dll
0x00007ffa680f0000 - 0x00007ffa6810b000 	C:\WINDOWS\SYSTEM32\CRYPTSP.dll
0x00007ffa67720000 - 0x00007ffa67759000 	C:\WINDOWS\system32\rsaenh.dll
0x00007ffa68940000 - 0x00007ffa6896a000 	C:\WINDOWS\SYSTEM32\bcrypt.dll
0x00007ff9aaf70000 - 0x00007ff9ab0b7000 	C:\WINDOWS\system32\nvspcap64.dll
0x00007ffa678c0000 - 0x00007ffa678f6000 	C:\WINDOWS\SYSTEM32\ntmarta.dll
0x00007ffa67d60000 - 0x00007ffa67d8f000 	C:\WINDOWS\SYSTEM32\gpapi.dll
0x00007ffa2de60000 - 0x00007ffa2e017000 	C:\WINDOWS\System32\DriverStore\FileRepository\nv_dispig.inf_amd64_f4c7a2fd13e0f763\nvppex.dll
0x00007ffa3d350000 - 0x00007ffa3d3d7000 	C:\Program Files\Java\jdk-17\bin\freetype.dll
0x00007ffa37790000 - 0x00007ffa37871000 	C:\Program Files\Java\jdk-17\bin\fontmanager.dll
0x00007ffa6ae30000 - 0x00007ffa6aede000 	C:\WINDOWS\System32\clbcatq.dll
0x00007ffa64720000 - 0x00007ffa6494d000 	C:\WINDOWS\SYSTEM32\WindowsCodecs.dll
0x00007ffa2e9d0000 - 0x00007ffa2ea2a000 	C:\WINDOWS\system32\dataexchange.dll
0x00007ffa59a00000 - 0x00007ffa59c4e000 	C:\WINDOWS\system32\twinapi.appcore.dll
0x00007ffa4a540000 - 0x00007ffa4a686000 	C:\WINDOWS\SYSTEM32\textinputframework.dll
0x00007ffa66030000 - 0x00007ffa66157000 	C:\WINDOWS\SYSTEM32\CoreMessaging.dll
0x00007ffa62050000 - 0x00007ffa62332000 	C:\WINDOWS\SYSTEM32\CoreUIComponents.dll
0x00007ffa630e0000 - 0x00007ffa6324a000 	C:\WINDOWS\SYSTEM32\wintypes.dll
0x00007ffa3cf60000 - 0x00007ffa3cf91000 	C:\Windows\System32\dpuareu_jni.dll
0x00007ffa264e0000 - 0x00007ffa26546000 	C:\WINDOWS\SYSTEM32\dpfj.dll
0x00007ffa29e80000 - 0x00007ffa29ec2000 	C:\WINDOWS\SYSTEM32\dpfr6.dll
0x00007ffa37120000 - 0x00007ffa3715d000 	C:\WINDOWS\SYSTEM32\dpfpdd.dll
0x00007ff9c76f0000 - 0x00007ff9c7763000 	C:\WINDOWS\SYSTEM32\nex_sdk.dll
0x00007ff94dd60000 - 0x00007ff94de0f000 	C:\WINDOWS\SYSTEM32\DPFPApi.DLL
0x00007ffa67da0000 - 0x00007ffa67dd3000 	C:\WINDOWS\SYSTEM32\USERENV.dll
0x00007ff9b49e0000 - 0x00007ff9b4a38000 	C:\WINDOWS\system32\DPCLBACK.dll
0x00007ffa4bdb0000 - 0x00007ffa4bdca000 	C:\WINDOWS\SYSTEM32\NETAPI32.dll
0x00007ffa67150000 - 0x00007ffa6715d000 	C:\WINDOWS\SYSTEM32\NETUTILS.DLL
0x00007ffa29190000 - 0x00007ffa291c4000 	C:\WINDOWS\SYSTEM32\dpfpdd_4k.dll
0x00007ff94a5c0000 - 0x00007ff94a66f000 	C:\WINDOWS\SYSTEM32\dpDevDatx64.dll
0x00007ff94a670000 - 0x00007ff94a737000 	C:\WINDOWS\SYSTEM32\dpDevCtlx64.dll
0x00007ffa6a6d0000 - 0x00007ffa6ab57000 	C:\WINDOWS\System32\SETUPAPI.dll
0x00007ff96d790000 - 0x00007ff96d7f7000 	C:\WINDOWS\SYSTEM32\dpfpdd5000.dll
0x00007ffa367b0000 - 0x00007ffa367df000 	C:\WINDOWS\SYSTEM32\dpfpdd_ptapi.dll
0x0000000047000000 - 0x000000004710b000 	C:\WINDOWS\SYSTEM32\tfm.dll
0x00007ffa66e80000 - 0x00007ffa66e8f000 	C:\WINDOWS\SYSTEM32\HID.DLL
0x00007ff9f9ed0000 - 0x00007ff9f9f1b000 	C:\WINDOWS\SYSTEM32\dpfpdd7k.dll

dbghelp: loaded successfully - version: 4.0.5 - missing functions: none
symbol engine: initialized successfully - sym options: 0x614 - pdb path: .;C:\Program Files\Java\jdk-17\bin;C:\WINDOWS\SYSTEM32;C:\WINDOWS\WinSxS\amd64_microsoft.windows.common-controls_6595b64144ccf1df_6.0.26100.8457_none_3e0b2faee331e92d;C:\Program Files\Java\jdk-17\bin\server;C:\WINDOWS\System32\DriverStore\FileRepository\nv_dispig.inf_amd64_f4c7a2fd13e0f763

VM Arguments:
java_command: com.unicesar.proyectogym.views.LoginFrame
java_class_path (initial): C:\Users\USUARIO\Documents\NetBeansProjects\ProyectoGym\target\classes;C:\Users\USUARIO\.m2\repository\com\digitalpersona\uareu\2.3.0\uareu-2.3.0.jar
Launcher Type: SUN_STANDARD

[Global flags]
     intx CICompilerCount                          = 12                                        {product} {ergonomic}
     uint ConcGCThreads                            = 3                                         {product} {ergonomic}
     uint G1ConcRefinementThreads                  = 13                                        {product} {ergonomic}
   size_t G1HeapRegionSize                         = 4194304                                   {product} {ergonomic}
    uintx GCDrainStackTargetSize                   = 64                                        {product} {ergonomic}
   size_t InitialHeapSize                          = 524288000                                 {product} {ergonomic}
   size_t MarkStackSize                            = 4194304                                   {product} {ergonomic}
   size_t MaxHeapSize                              = 8355053568                                {product} {ergonomic}
   size_t MaxNewSize                               = 5012193280                                {product} {ergonomic}
   size_t MinHeapDeltaBytes                        = 4194304                                   {product} {ergonomic}
   size_t MinHeapSize                              = 8388608                                   {product} {ergonomic}
    uintx NonNMethodCodeHeapSize                   = 7602480                                {pd product} {ergonomic}
    uintx NonProfiledCodeHeapSize                  = 122027880                              {pd product} {ergonomic}
    uintx ProfiledCodeHeapSize                     = 122027880                              {pd product} {ergonomic}
    uintx ReservedCodeCacheSize                    = 251658240                              {pd product} {ergonomic}
     bool SegmentedCodeCache                       = true                                      {product} {ergonomic}
   size_t SoftMaxHeapSize                          = 8355053568                             {manageable} {ergonomic}
     bool UseCompressedClassPointers               = true                           {product lp64_product} {ergonomic}
     bool UseCompressedOops                        = true                           {product lp64_product} {ergonomic}
     bool UseG1GC                                  = true                                      {product} {ergonomic}
     bool UseLargePagesIndividualAllocation        = false                                  {pd product} {ergonomic}

Logging:
Log output configuration:
 #0: stdout all=off uptime,level,tags
 #1: stderr all=off uptime,level,tags

Environment Variables:
JAVA_HOME=C:\Program Files\Java\jdk-17
PATH=C:\oraclexe\app\oracle\product\11.2.0\server\bin;C:\Program Files\Common Files\Oracle\Java\javapath;C:\WINDOWS\system32;C:\WINDOWS;C:\WINDOWS\System32\Wbem;C:\WINDOWS\System32\WindowsPowerShell\v1.0\;C:\WINDOWS\System32\OpenSSH\;C:\Program Files\NVIDIA Corporation\NVIDIA app\NvDLISR;C:\Program Files (x86)\NVIDIA Corporation\PhysX\Common;C:\Program Files\Docker\Docker\resources\bin;C:\Program Files\Git\cmd;C:\Users\USUARIO\AppData\Local\nvm;C:\nvm4w\nodejs;C:\Program Files\dotnet\;C:\Program Files (x86)\Bitvise SSH Client;C:\Program Files\nodejs\;C:\Users\USUARIO\AppData\Local\Programs\Python\Python313\Scripts\;C:\Users\USUARIO\AppData\Local\Programs\Python\Python313\;C:\Users\USUARIO\AppData\Local\Programs\Python\Launcher\;C:\Users\USUARIO\AppData\Local\Microsoft\WindowsApps;C:\Program Files\JetBrains\IntelliJ IDEA 2024.3.4.1\bin;;C:\Program Files\JetBrains\WebStorm 2024.3.4\bin;;C:\Program Files\JetBrains\DataGrip 2024.3.5\bin;;C:\Users\USUARIO\AppData\Local\nvm;C:\nvm4w\nodejs;C:\Program Files\JetBrains\PyCharm 2025.2\bin;C:\Program Files\JetBrains\JetBrains Rider 2025.3.0.1\bin;C:\Users\USUARIO\AppData\Local\Programs\Antigravity\bin;C:\Users\USUARIO\AppData\Roaming\npm;C:\Users\USUARIO\AppData\Local\Programs\Antigravity IDE\bin
USERNAME=USUARIO
OS=Windows_NT
PROCESSOR_IDENTIFIER=AMD64 Family 25 Model 97 Stepping 2, AuthenticAMD



---------------  S Y S T E M  ---------------

OS:
 Windows 11 , 64 bit Build 26100 (10.0.26100.8328)
OS uptime: 0 days 5:30 hours
Hyper-V role detected

CPU: total 16 (initial active 16) (16 cores per cpu, 2 threads per core) family 25 model 97 stepping 2 microcode 0xa601206, cx8, cmov, fxsr, ht, mmx, 3dnowpref, sse, sse2, sse3, ssse3, sse4a, sse4.1, sse4.2, popcnt, lzcnt, tsc, tscinvbit, avx, avx2, aes, erms, clmul, bmi1, bmi2, adx, avx512f, avx512dq, avx512cd, avx512bw, avx512vl, sha, fma, vzeroupper, avx512_vpopcntdq, avx512_vpclmulqdq, avx512_vaes, avx512_vnni, clflush, clflushopt, avx512_vbmi2, avx512_vbmi, hv

Memory: 4k page, system-wide physical 31862M (15791M free)
TotalPageFile size 33910M (AvailPageFile size 12166M)
current process WorkingSet (physical memory assigned to process): 125M, peak: 150M
current process commit charge ("private bytes"): 676M, peak: 700M

vm_info: Java HotSpot(TM) 64-Bit Server VM (17.0.13+10-LTS-268) for windows-amd64 JRE (17.0.13+10-LTS-268), built on Sep 30 2024 06:33:13 by "mach5one" with MS VC++ 17.6 (VS2022)

END.
