#
# A fatal error has been detected by the Java Runtime Environment:
#
#  EXCEPTION_ACCESS_VIOLATION (0xc0000005) at pc=0x00007ff94a686ac1, pid=21616, tid=19196
#
# JRE version: Java(TM) SE Runtime Environment (17.0.13+10) (build 17.0.13+10-LTS-268)
# Java VM: Java HotSpot(TM) 64-Bit Server VM (17.0.13+10-LTS-268, mixed mode, sharing, tiered, compressed oops, compressed class ptrs, g1 gc, windows-amd64)
# Problematic frame:
# C  0x00007ff94a686ac1
#
# No core dump will be written. Minidumps are not enabled by default on client versions of Windows
#
# If you would like to submit a bug report, please visit:
#   https://bugreport.java.com/bugreport/crash.jsp
#

---------------  S U M M A R Y ------------

Command Line: com.unicesar.proyectogym.views.LoginFrame

Host: AMD Ryzen 7 7700X 8-Core Processor             , 16 cores, 31G,  Windows 11 , 64 bit Build 26100 (10.0.26100.8328)
Time: Mon Jun  8 19:05:55 2026 Hora est. Pac璗ico, Sudam廨ica elapsed time: 312.847254 seconds (0d 0h 5m 12s)

---------------  T H R E A D  ---------------

Current thread (0x0000018cff96ff10):  VMThread "VM Thread" [stack: 0x0000002b7f800000,0x0000002b7f900000] [id=19196]

Stack: [0x0000002b7f800000,0x0000002b7f900000],  sp=0x0000002b7f8fe820,  free space=1018k
Native frames: (J=compiled Java code, j=interpreted, Vv=VM code, C=native code)
C  0x00007ff94a686ac1


siginfo: EXCEPTION_ACCESS_VIOLATION (0xc0000005), writing address 0x0000000000000008


Registers:
RAX=0x0000000000000000, RBX=0x0000018ce20758a0, RCX=0x0000018ce42ed760, RDX=0x0000002b7f8fe900
RSP=0x0000002b7f8fe820, RBP=0x0000018ce20758b8, RSI=0x0000002b7f8feac0, RDI=0x0000018ce20758a0
R8 =0x0000018ce42ed5c0, R9 =0x0000000000000000, R10=0x0000018ce60e0000, R11=0x0000000000000246
R12=0x000000007ffe0385, R13=0x0000000000000001, R14=0x000085c39c766443, R15=0x0000018ce20758a0
RIP=0x00007ff94a686ac1, EFLAGS=0x0000000000010202


Register to memory mapping:

RIP=0x00007ff94a686ac1 points into unknown readable memory: 48 89 48 08 48 8b 44
RAX=0x0 is NULL
RBX=0x0000018ce20758a0 points into unknown readable memory: 0x000085c39c766443 | 43 64 76 9c c3 85 00 00
RCX=0x0000018ce42ed760 points into unknown readable memory: 0x0000000000000000 | 00 00 00 00 00 00 00 00
RDX=0x0000002b7f8fe900 points into unknown readable memory: 0x0000000000002710 | 10 27 00 00 00 00 00 00
RSP=0x0000002b7f8fe820 points into unknown readable memory: 0x0000000000000000 | 00 00 00 00 00 00 00 00
RBP=0x0000018ce20758b8 points into unknown readable memory: 0x000085c39c766443 | 43 64 76 9c c3 85 00 00
RSI=0x0000002b7f8feac0 points into unknown readable memory: 0x0000002b7f8feae0 | e0 ea 8f 7f 2b 00 00 00
RDI=0x0000018ce20758a0 points into unknown readable memory: 0x000085c39c766443 | 43 64 76 9c c3 85 00 00
R8 =0x0000018ce42ed5c0 points into unknown readable memory: 0x0000000000000000 | 00 00 00 00 00 00 00 00
R9 =0x0 is NULL
R10=0x0000018ce60e0000 points into unknown readable memory: 0x0000000000000000 | 00 00 00 00 00 00 00 00
R11=0x0000000000000246 is an unknown value
R12=0x000000007ffe0385 points into unknown readable memory: 00 00 00
R13=0x0000000000000001 is an unknown value
R14=0x000085c39c766443 is an unknown value
R15=0x0000018ce20758a0 points into unknown readable memory: 0x000085c39c766443 | 43 64 76 9c c3 85 00 00


Top of Stack: (sp=0x0000002b7f8fe820)
0x0000002b7f8fe820:   0000000000000000 0000000000000000
0x0000002b7f8fe830:   0000018ce20758a0 000085c39c766443
0x0000002b7f8fe840:   0000000000000001 00007ff94a722550
0x0000002b7f8fe850:   0000018ce20758a0 0000002b7f8feac0
0x0000002b7f8fe860:   0000018ce20758a0 0000000000000000
0x0000002b7f8fe870:   0000018ce6280000 0000000000000000
0x0000002b7f8fe880:   0000018cd6cf1720 0000002b7f8feac0
0x0000002b7f8fe890:   0000018ce20758a0 00007ff94a685d2f
0x0000002b7f8fe8a0:   00007ff94a722550 0000002b7f8fe900
0x0000002b7f8fe8b0:   0000018ce42ed5c0 00007ffa68b38c59
0x0000002b7f8fe8c0:   0000000000000f00 0000018ce42ed5c0
0x0000002b7f8fe8d0:   0000018ce42ed5c0 0000018ce42ed5d0
0x0000002b7f8fe8e0:   0000018ce42ed5d0 0000018cd6cf1720
0x0000002b7f8fe8f0:   0000018ce42ed5c0 00007ff94a722550
0x0000002b7f8fe900:   0000000000002710 0000002b7f8feac0
0x0000002b7f8fe910:   0000000000000000 00007ff94a686048 

Instructions: (pc=0x00007ff94a686ac1)
0x00007ff94a6869c1:   20 01 48 b8 aa aa aa aa aa aa aa 0a 48 89 44 24
0x00007ff94a6869d1:   38 48 b8 aa aa aa aa aa aa aa 0a 48 39 44 24 58
0x00007ff94a6869e1:   76 05 e8 40 ce fe ff 48 6b 44 24 58 18 48 89 44
0x00007ff94a6869f1:   24 28 48 81 7c 24 28 00 10 00 00 72 11 48 8b 4c
0x00007ff94a686a01:   24 28 e8 39 c4 fe ff 48 89 44 24 30 eb 22 48 83
0x00007ff94a686a11:   7c 24 28 00 74 11 48 8b 4c 24 28 e8 0a a8 fe ff
0x00007ff94a686a21:   48 89 44 24 30 eb 09 48 c7 44 24 30 00 00 00 00
0x00007ff94a686a31:   48 8b 44 24 30 48 83 c4 48 c3 cc cc cc cc cc cc
0x00007ff94a686a41:   cc cc cc cc cc cc cc cc cc cc cc cc cc cc cc cc
0x00007ff94a686a51:   cc cc cc cc cc cc cc cc cc cc cc cc cc cc cc 4c
0x00007ff94a686a61:   89 44 24 18 48 89 54 24 10 48 89 4c 24 08 48 83
0x00007ff94a686a71:   ec 78 48 8b 84 24 90 00 00 00 48 8b 00 48 89 44
0x00007ff94a686a81:   24 48 48 8b 84 24 80 00 00 00 48 89 44 24 28 48
0x00007ff94a686a91:   8b 84 24 90 00 00 00 48 8b 40 08 48 8b 8c 24 90
0x00007ff94a686aa1:   00 00 00 48 8b 09 48 89 08 48 8b 84 24 90 00 00
0x00007ff94a686ab1:   00 48 8b 00 48 8b 8c 24 90 00 00 00 48 8b 49 08
0x00007ff94a686ac1:   48 89 48 08 48 8b 44 24 28 48 8b 40 08 48 ff c8
0x00007ff94a686ad1:   48 8b 4c 24 28 48 89 41 08 48 8b 84 24 90 00 00
0x00007ff94a686ae1:   00 48 89 44 24 30 48 8b 84 24 80 00 00 00 48 89
0x00007ff94a686af1:   44 24 40 48 8b 44 24 40 48 89 44 24 50 48 8b 44
0x00007ff94a686b01:   24 30 48 83 c0 10 48 89 44 24 58 b8 01 00 00 00
0x00007ff94a686b11:   48 6b c0 18 48 89 44 24 20 48 8b 44 24 30 48 89
0x00007ff94a686b21:   44 24 38 48 81 7c 24 20 00 10 00 00 72 0f 48 8d
0x00007ff94a686b31:   54 24 20 48 8d 4c 24 38 e8 8f af fe ff 48 8b 54
0x00007ff94a686b41:   24 20 48 8b 4c 24 38 e8 ad cd fe ff 90 48 8b 84
0x00007ff94a686b51:   24 80 00 00 00 48 89 44 24 60 48 8b 84 24 88 00
0x00007ff94a686b61:   00 00 48 8b 4c 24 48 48 89 08 48 8b 84 24 88 00
0x00007ff94a686b71:   00 00 48 83 c4 78 c3 cc cc cc cc cc cc cc cc cc
0x00007ff94a686b81:   cc cc cc cc cc cc cc cc cc cc cc cc cc cc cc cc
0x00007ff94a686b91:   cc cc cc cc cc cc cc cc cc cc cc cc cc cc cc cc
0x00007ff94a686ba1:   cc cc cc cc cc cc cc cc cc cc cc cc cc cc cc cc
0x00007ff94a686bb1:   cc cc cc cc cc cc cc cc cc cc cc cc cc cc cc 48 


Stack slot to memory mapping:
stack at sp + 0 slots: 0x0 is NULL
stack at sp + 1 slots: 0x0 is NULL
stack at sp + 2 slots: 0x0000018ce20758a0 points into unknown readable memory: 0x000085c39c766443 | 43 64 76 9c c3 85 00 00
stack at sp + 3 slots: 0x000085c39c766443 is an unknown value
stack at sp + 4 slots: 0x0000000000000001 is an unknown value
stack at sp + 5 slots: 0x00007ff94a722550 points into unknown readable memory: 0x0000018ce42ed760 | 60 d7 2e e4 8c 01 00 00
stack at sp + 6 slots: 0x0000018ce20758a0 points into unknown readable memory: 0x000085c39c766443 | 43 64 76 9c c3 85 00 00
stack at sp + 7 slots: 0x0000002b7f8feac0 points into unknown readable memory: 0x0000002b7f8feae0 | e0 ea 8f 7f 2b 00 00 00

VM_Operation (0x0000002b00afef20): Exit, mode: safepoint, requested by thread 0x0000018cd620dc10


---------------  P R O C E S S  ---------------

Threads class SMR info:
_java_thread_list=0x0000018ce6288c80, length=17, elements={
0x0000018cff97b9c0, 0x0000018cff97c580, 0x0000018cff992580, 0x0000018cff992f40,
0x0000018cff993900, 0x0000018cff9942c0, 0x0000018cff995060, 0x0000018cff999b40,
0x0000018cff9a9a70, 0x0000018cd620f050, 0x0000018cd620e120, 0x0000018cd620cce0,
0x0000018cd620d1f0, 0x0000018cd620dc10, 0x0000018cd620e630, 0x0000018ce1ca3370,
0x0000018ce1ca0af0
}

Java Threads: ( => current thread )
  0x0000018cff97b9c0 JavaThread "Reference Handler" daemon [_thread_blocked, id=23136, stack(0x0000002b7f900000,0x0000002b7fa00000)]
  0x0000018cff97c580 JavaThread "Finalizer" daemon [_thread_blocked, id=26936, stack(0x0000002b7fa00000,0x0000002b7fb00000)]
  0x0000018cff992580 JavaThread "Signal Dispatcher" daemon [_thread_blocked, id=1888, stack(0x0000002b7fb00000,0x0000002b7fc00000)]
  0x0000018cff992f40 JavaThread "Attach Listener" daemon [_thread_blocked, id=276, stack(0x0000002b7fc00000,0x0000002b7fd00000)]
  0x0000018cff993900 JavaThread "Service Thread" daemon [_thread_blocked, id=22468, stack(0x0000002b7fd00000,0x0000002b7fe00000)]
  0x0000018cff9942c0 JavaThread "Monitor Deflation Thread" daemon [_thread_blocked, id=31436, stack(0x0000002b7fe00000,0x0000002b7ff00000)]
  0x0000018cff995060 JavaThread "C2 CompilerThread0" daemon [_thread_blocked, id=26760, stack(0x0000002b7ff00000,0x0000002b80000000)]
  0x0000018cff999b40 JavaThread "C1 CompilerThread0" daemon [_thread_blocked, id=1160, stack(0x0000002b00000000,0x0000002b00100000)]
  0x0000018cff9a9a70 JavaThread "Sweeper thread" daemon [_thread_blocked, id=672, stack(0x0000002b00100000,0x0000002b00200000)]
  0x0000018cd620f050 JavaThread "Notification Thread" daemon [_thread_blocked, id=13028, stack(0x0000002b00400000,0x0000002b00500000)]
  0x0000018cd620e120 JavaThread "Common-Cleaner" daemon [_thread_blocked, id=23592, stack(0x0000002b00600000,0x0000002b00700000)]
  0x0000018cd620cce0 JavaThread "Java2D Disposer" daemon [_thread_blocked, id=11076, stack(0x0000002b00700000,0x0000002b00800000)]
  0x0000018cd620d1f0 JavaThread "AWT-Shutdown" [_thread_blocked, id=11032, stack(0x0000002b00800000,0x0000002b00900000)]
  0x0000018cd620dc10 JavaThread "AWT-EventQueue-0" [_thread_blocked, id=3056, stack(0x0000002b00a00000,0x0000002b00b00000)]
  0x0000018cd620e630 JavaThread "DestroyJavaVM" [_thread_blocked, id=29292, stack(0x0000002b7f200000,0x0000002b7f300000)]
  0x0000018ce1ca3370 JavaThread "TimerQueue" daemon [_thread_blocked, id=26196, stack(0x0000002b01420000,0x0000002b01520000)]
  0x0000018ce1ca0af0 JavaThread "SwingWorker-pool-2-thread-1" daemon [_thread_blocked, id=27452, stack(0x0000002b01010000,0x0000002b01110000)]

Other Threads:
=>0x0000018cff96ff10 VMThread "VM Thread" [stack: 0x0000002b7f800000,0x0000002b7f900000] [id=19196]
  0x0000018ce84e1870 GCTaskThread "GC Thread#0" [stack: 0x0000002b7f300000,0x0000002b7f400000] [id=23196]
  0x0000018ce22d3560 GCTaskThread "GC Thread#1" [stack: 0x0000002b01520000,0x0000002b01620000] [id=24348]
  0x0000018ce22d3820 GCTaskThread "GC Thread#2" [stack: 0x0000002b01620000,0x0000002b01720000] [id=31432]
  0x0000018ce22d3ae0 GCTaskThread "GC Thread#3" [stack: 0x0000002b01720000,0x0000002b01820000] [id=2884]
  0x0000018ce1e3eea0 GCTaskThread "GC Thread#4" [stack: 0x0000002b01820000,0x0000002b01920000] [id=10488]
  0x0000018ce20c4740 GCTaskThread "GC Thread#5" [stack: 0x0000002b01920000,0x0000002b01a20000] [id=26864]
  0x0000018ce20c4a00 GCTaskThread "GC Thread#6" [stack: 0x0000002b01a20000,0x0000002b01b20000] [id=9556]
  0x0000018ce20c4cc0 GCTaskThread "GC Thread#7" [stack: 0x0000002b01b20000,0x0000002b01c20000] [id=25332]
  0x0000018ce1fade00 GCTaskThread "GC Thread#8" [stack: 0x0000002b01c20000,0x0000002b01d20000] [id=17968]
  0x0000018ce1fae0c0 GCTaskThread "GC Thread#9" [stack: 0x0000002b01d20000,0x0000002b01e20000] [id=24804]
  0x0000018ce1fae780 GCTaskThread "GC Thread#10" [stack: 0x0000002b01e20000,0x0000002b01f20000] [id=11796]
  0x0000018ce1e3f160 GCTaskThread "GC Thread#11" [stack: 0x0000002b01f20000,0x0000002b02020000] [id=23496]
  0x0000018ce84f2d90 ConcurrentGCThread "G1 Main Marker" terminated
  0x0000018ce84f3f40 ConcurrentGCThread "G1 Conc#0" [stack: 0x0000002b7f500000,0x0000002b7f600000] [id=29300]
  0x0000018cff8a8d80 ConcurrentGCThread "G1 Refine#0" terminated
  0x0000018cff8aa660 ConcurrentGCThread "G1 Service" terminated

Threads with active compile tasks:

VM state: at safepoint (shutting down)

VM Mutex/Monitor currently owned by a thread:  ([mutex/lock_event])
[0x0000018ce62baac0] Threads_lock - owner thread: 0x0000018cff96ff10
[0x0000018ce8434c00] Heap_lock - owner thread: 0x0000018cd620dc10

Heap address: 0x000000060e000000, size: 7968 MB, Compressed Oops mode: Zero based, Oop shift amount: 3

CDS archive(s) mapped at: [0x0000018c95000000-0x0000018c95bd0000-0x0000018c95bd0000), size 12386304, SharedBaseAddress: 0x0000018c95000000, ArchiveRelocationMode: 1.
Compressed class space mapped at: 0x0000018c96000000-0x0000018cd6000000, reserved size: 1073741824
Narrow klass base: 0x0000018c95000000, Narrow klass shift: 0, Narrow klass range: 0x100000000

GC Precious Log:
 CPUs: 16 total, 16 available
 Memory: 31862M
 Large Page Support: Disabled
 NUMA Support: Disabled
 Compressed Oops: Enabled (Zero based)
 Heap Region Size: 4M
 Heap Min Capacity: 8M
 Heap Initial Capacity: 500M
 Heap Max Capacity: 7968M
 Pre-touch: Disabled
 Parallel Workers: 13
 Concurrent Workers: 3
 Concurrent Refinement Workers: 13
 Periodic GC: Disabled

Heap:
 garbage-first heap   total 512000K, used 36204K [0x000000060e000000, 0x0000000800000000)
  region size 4096K, 9 young (36864K), 1 survivors (4096K)
 Metaspace       used 20007K, committed 20224K, reserved 1114112K
  class space    used 2191K, committed 2304K, reserved 1048576K

Heap Regions: E=young(eden), S=young(survivor), O=old, HS=humongous(starts), HC=humongous(continues), CS=collection set, F=free, OA=open archive, CA=closed archive, TAMS=top-at-mark-start (previous, next)
|   0|0x000000060e000000, 0x000000060e400000, 0x000000060e400000|100%| O|  |TAMS 0x000000060e000000, 0x000000060e000000| Untracked 
|   1|0x000000060e400000, 0x000000060e75b200, 0x000000060e800000| 83%| O|  |TAMS 0x000000060e400000, 0x000000060e400000| Untracked 
|   2|0x000000060e800000, 0x000000060e800000, 0x000000060ec00000|  0%| F|  |TAMS 0x000000060e800000, 0x000000060e800000| Untracked 
|   3|0x000000060ec00000, 0x000000060ec00000, 0x000000060f000000|  0%| F|  |TAMS 0x000000060ec00000, 0x000000060ec00000| Untracked 
|   4|0x000000060f000000, 0x000000060f000000, 0x000000060f400000|  0%| F|  |TAMS 0x000000060f000000, 0x000000060f000000| Untracked 
|   5|0x000000060f400000, 0x000000060f400000, 0x000000060f800000|  0%| F|  |TAMS 0x000000060f400000, 0x000000060f400000| Untracked 
|   6|0x000000060f800000, 0x000000060f800000, 0x000000060fc00000|  0%| F|  |TAMS 0x000000060f800000, 0x000000060f800000| Untracked 
|   7|0x000000060fc00000, 0x000000060fc00000, 0x0000000610000000|  0%| F|  |TAMS 0x000000060fc00000, 0x000000060fc00000| Untracked 
|   8|0x0000000610000000, 0x0000000610000000, 0x0000000610400000|  0%| F|  |TAMS 0x0000000610000000, 0x0000000610000000| Untracked 
|   9|0x0000000610400000, 0x0000000610400000, 0x0000000610800000|  0%| F|  |TAMS 0x0000000610400000, 0x0000000610400000| Untracked 
|  10|0x0000000610800000, 0x0000000610800000, 0x0000000610c00000|  0%| F|  |TAMS 0x0000000610800000, 0x0000000610800000| Untracked 
|  11|0x0000000610c00000, 0x0000000610c00000, 0x0000000611000000|  0%| F|  |TAMS 0x0000000610c00000, 0x0000000610c00000| Untracked 
|  12|0x0000000611000000, 0x0000000611000000, 0x0000000611400000|  0%| F|  |TAMS 0x0000000611000000, 0x0000000611000000| Untracked 
|  13|0x0000000611400000, 0x0000000611400000, 0x0000000611800000|  0%| F|  |TAMS 0x0000000611400000, 0x0000000611400000| Untracked 
|  14|0x0000000611800000, 0x0000000611800000, 0x0000000611c00000|  0%| F|  |TAMS 0x0000000611800000, 0x0000000611800000| Untracked 
|  15|0x0000000611c00000, 0x0000000611c00000, 0x0000000612000000|  0%| F|  |TAMS 0x0000000611c00000, 0x0000000611c00000| Untracked 
|  16|0x0000000612000000, 0x0000000612000000, 0x0000000612400000|  0%| F|  |TAMS 0x0000000612000000, 0x0000000612000000| Untracked 
|  17|0x0000000612400000, 0x0000000612400000, 0x0000000612800000|  0%| F|  |TAMS 0x0000000612400000, 0x0000000612400000| Untracked 
|  18|0x0000000612800000, 0x0000000612800000, 0x0000000612c00000|  0%| F|  |TAMS 0x0000000612800000, 0x0000000612800000| Untracked 
|  19|0x0000000612c00000, 0x0000000612c00000, 0x0000000613000000|  0%| F|  |TAMS 0x0000000612c00000, 0x0000000612c00000| Untracked 
|  20|0x0000000613000000, 0x0000000613000000, 0x0000000613400000|  0%| F|  |TAMS 0x0000000613000000, 0x0000000613000000| Untracked 
|  21|0x0000000613400000, 0x0000000613400000, 0x0000000613800000|  0%| F|  |TAMS 0x0000000613400000, 0x0000000613400000| Untracked 
|  22|0x0000000613800000, 0x0000000613800000, 0x0000000613c00000|  0%| F|  |TAMS 0x0000000613800000, 0x0000000613800000| Untracked 
|  23|0x0000000613c00000, 0x0000000613c00000, 0x0000000614000000|  0%| F|  |TAMS 0x0000000613c00000, 0x0000000613c00000| Untracked 
|  24|0x0000000614000000, 0x0000000614000000, 0x0000000614400000|  0%| F|  |TAMS 0x0000000614000000, 0x0000000614000000| Untracked 
|  25|0x0000000614400000, 0x0000000614400000, 0x0000000614800000|  0%| F|  |TAMS 0x0000000614400000, 0x0000000614400000| Untracked 
|  26|0x0000000614800000, 0x0000000614800000, 0x0000000614c00000|  0%| F|  |TAMS 0x0000000614800000, 0x0000000614800000| Untracked 
|  27|0x0000000614c00000, 0x0000000614c00000, 0x0000000615000000|  0%| F|  |TAMS 0x0000000614c00000, 0x0000000614c00000| Untracked 
|  28|0x0000000615000000, 0x0000000615000000, 0x0000000615400000|  0%| F|  |TAMS 0x0000000615000000, 0x0000000615000000| Untracked 
|  29|0x0000000615400000, 0x0000000615400000, 0x0000000615800000|  0%| F|  |TAMS 0x0000000615400000, 0x0000000615400000| Untracked 
|  30|0x0000000615800000, 0x0000000615800000, 0x0000000615c00000|  0%| F|  |TAMS 0x0000000615800000, 0x0000000615800000| Untracked 
|  31|0x0000000615c00000, 0x0000000615c00000, 0x0000000616000000|  0%| F|  |TAMS 0x0000000615c00000, 0x0000000615c00000| Untracked 
|  32|0x0000000616000000, 0x0000000616000000, 0x0000000616400000|  0%| F|  |TAMS 0x0000000616000000, 0x0000000616000000| Untracked 
|  33|0x0000000616400000, 0x0000000616400000, 0x0000000616800000|  0%| F|  |TAMS 0x0000000616400000, 0x0000000616400000| Untracked 
|  34|0x0000000616800000, 0x0000000616800000, 0x0000000616c00000|  0%| F|  |TAMS 0x0000000616800000, 0x0000000616800000| Untracked 
|  35|0x0000000616c00000, 0x0000000616c00000, 0x0000000617000000|  0%| F|  |TAMS 0x0000000616c00000, 0x0000000616c00000| Untracked 
|  36|0x0000000617000000, 0x0000000617000000, 0x0000000617400000|  0%| F|  |TAMS 0x0000000617000000, 0x0000000617000000| Untracked 
|  37|0x0000000617400000, 0x0000000617400000, 0x0000000617800000|  0%| F|  |TAMS 0x0000000617400000, 0x0000000617400000| Untracked 
|  38|0x0000000617800000, 0x0000000617800000, 0x0000000617c00000|  0%| F|  |TAMS 0x0000000617800000, 0x0000000617800000| Untracked 
|  39|0x0000000617c00000, 0x0000000617c00000, 0x0000000618000000|  0%| F|  |TAMS 0x0000000617c00000, 0x0000000617c00000| Untracked 
|  40|0x0000000618000000, 0x0000000618000000, 0x0000000618400000|  0%| F|  |TAMS 0x0000000618000000, 0x0000000618000000| Untracked 
|  41|0x0000000618400000, 0x0000000618400000, 0x0000000618800000|  0%| F|  |TAMS 0x0000000618400000, 0x0000000618400000| Untracked 
|  42|0x0000000618800000, 0x0000000618800000, 0x0000000618c00000|  0%| F|  |TAMS 0x0000000618800000, 0x0000000618800000| Untracked 
|  43|0x0000000618c00000, 0x0000000618c00000, 0x0000000619000000|  0%| F|  |TAMS 0x0000000618c00000, 0x0000000618c00000| Untracked 
|  44|0x0000000619000000, 0x0000000619000000, 0x0000000619400000|  0%| F|  |TAMS 0x0000000619000000, 0x0000000619000000| Untracked 
|  45|0x0000000619400000, 0x0000000619400000, 0x0000000619800000|  0%| F|  |TAMS 0x0000000619400000, 0x0000000619400000| Untracked 
|  46|0x0000000619800000, 0x0000000619800000, 0x0000000619c00000|  0%| F|  |TAMS 0x0000000619800000, 0x0000000619800000| Untracked 
|  47|0x0000000619c00000, 0x0000000619c00000, 0x000000061a000000|  0%| F|  |TAMS 0x0000000619c00000, 0x0000000619c00000| Untracked 
|  48|0x000000061a000000, 0x000000061a000000, 0x000000061a400000|  0%| F|  |TAMS 0x000000061a000000, 0x000000061a000000| Untracked 
|  49|0x000000061a400000, 0x000000061a400000, 0x000000061a800000|  0%| F|  |TAMS 0x000000061a400000, 0x000000061a400000| Untracked 
|  50|0x000000061a800000, 0x000000061a800000, 0x000000061ac00000|  0%| F|  |TAMS 0x000000061a800000, 0x000000061a800000| Untracked 
|  51|0x000000061ac00000, 0x000000061ac00000, 0x000000061b000000|  0%| F|  |TAMS 0x000000061ac00000, 0x000000061ac00000| Untracked 
|  52|0x000000061b000000, 0x000000061b000000, 0x000000061b400000|  0%| F|  |TAMS 0x000000061b000000, 0x000000061b000000| Untracked 
|  53|0x000000061b400000, 0x000000061b400000, 0x000000061b800000|  0%| F|  |TAMS 0x000000061b400000, 0x000000061b400000| Untracked 
|  54|0x000000061b800000, 0x000000061b800000, 0x000000061bc00000|  0%| F|  |TAMS 0x000000061b800000, 0x000000061b800000| Untracked 
|  55|0x000000061bc00000, 0x000000061bc00000, 0x000000061c000000|  0%| F|  |TAMS 0x000000061bc00000, 0x000000061bc00000| Untracked 
|  56|0x000000061c000000, 0x000000061c000000, 0x000000061c400000|  0%| F|  |TAMS 0x000000061c000000, 0x000000061c000000| Untracked 
|  57|0x000000061c400000, 0x000000061c400000, 0x000000061c800000|  0%| F|  |TAMS 0x000000061c400000, 0x000000061c400000| Untracked 
|  58|0x000000061c800000, 0x000000061c800000, 0x000000061cc00000|  0%| F|  |TAMS 0x000000061c800000, 0x000000061c800000| Untracked 
|  59|0x000000061cc00000, 0x000000061cc00000, 0x000000061d000000|  0%| F|  |TAMS 0x000000061cc00000, 0x000000061cc00000| Untracked 
|  60|0x000000061d000000, 0x000000061d000000, 0x000000061d400000|  0%| F|  |TAMS 0x000000061d000000, 0x000000061d000000| Untracked 
|  61|0x000000061d400000, 0x000000061d400000, 0x000000061d800000|  0%| F|  |TAMS 0x000000061d400000, 0x000000061d400000| Untracked 
|  62|0x000000061d800000, 0x000000061d800000, 0x000000061dc00000|  0%| F|  |TAMS 0x000000061d800000, 0x000000061d800000| Untracked 
|  63|0x000000061dc00000, 0x000000061dc00000, 0x000000061e000000|  0%| F|  |TAMS 0x000000061dc00000, 0x000000061dc00000| Untracked 
|  64|0x000000061e000000, 0x000000061e000000, 0x000000061e400000|  0%| F|  |TAMS 0x000000061e000000, 0x000000061e000000| Untracked 
|  65|0x000000061e400000, 0x000000061e400000, 0x000000061e800000|  0%| F|  |TAMS 0x000000061e400000, 0x000000061e400000| Untracked 
|  66|0x000000061e800000, 0x000000061e800000, 0x000000061ec00000|  0%| F|  |TAMS 0x000000061e800000, 0x000000061e800000| Untracked 
|  67|0x000000061ec00000, 0x000000061ec00000, 0x000000061f000000|  0%| F|  |TAMS 0x000000061ec00000, 0x000000061ec00000| Untracked 
|  68|0x000000061f000000, 0x000000061f000000, 0x000000061f400000|  0%| F|  |TAMS 0x000000061f000000, 0x000000061f000000| Untracked 
|  69|0x000000061f400000, 0x000000061f400000, 0x000000061f800000|  0%| F|  |TAMS 0x000000061f400000, 0x000000061f400000| Untracked 
|  70|0x000000061f800000, 0x000000061f800000, 0x000000061fc00000|  0%| F|  |TAMS 0x000000061f800000, 0x000000061f800000| Untracked 
|  71|0x000000061fc00000, 0x000000061fc00000, 0x0000000620000000|  0%| F|  |TAMS 0x000000061fc00000, 0x000000061fc00000| Untracked 
|  72|0x0000000620000000, 0x0000000620000000, 0x0000000620400000|  0%| F|  |TAMS 0x0000000620000000, 0x0000000620000000| Untracked 
|  73|0x0000000620400000, 0x0000000620400000, 0x0000000620800000|  0%| F|  |TAMS 0x0000000620400000, 0x0000000620400000| Untracked 
|  74|0x0000000620800000, 0x0000000620800000, 0x0000000620c00000|  0%| F|  |TAMS 0x0000000620800000, 0x0000000620800000| Untracked 
|  75|0x0000000620c00000, 0x0000000620c00000, 0x0000000621000000|  0%| F|  |TAMS 0x0000000620c00000, 0x0000000620c00000| Untracked 
|  76|0x0000000621000000, 0x0000000621000000, 0x0000000621400000|  0%| F|  |TAMS 0x0000000621000000, 0x0000000621000000| Untracked 
|  77|0x0000000621400000, 0x0000000621400000, 0x0000000621800000|  0%| F|  |TAMS 0x0000000621400000, 0x0000000621400000| Untracked 
|  78|0x0000000621800000, 0x0000000621800000, 0x0000000621c00000|  0%| F|  |TAMS 0x0000000621800000, 0x0000000621800000| Untracked 
|  79|0x0000000621c00000, 0x0000000621c00000, 0x0000000622000000|  0%| F|  |TAMS 0x0000000621c00000, 0x0000000621c00000| Untracked 
|  80|0x0000000622000000, 0x0000000622000000, 0x0000000622400000|  0%| F|  |TAMS 0x0000000622000000, 0x0000000622000000| Untracked 
|  81|0x0000000622400000, 0x0000000622400000, 0x0000000622800000|  0%| F|  |TAMS 0x0000000622400000, 0x0000000622400000| Untracked 
|  82|0x0000000622800000, 0x0000000622800000, 0x0000000622c00000|  0%| F|  |TAMS 0x0000000622800000, 0x0000000622800000| Untracked 
|  83|0x0000000622c00000, 0x0000000622c00000, 0x0000000623000000|  0%| F|  |TAMS 0x0000000622c00000, 0x0000000622c00000| Untracked 
|  84|0x0000000623000000, 0x0000000623000000, 0x0000000623400000|  0%| F|  |TAMS 0x0000000623000000, 0x0000000623000000| Untracked 
|  85|0x0000000623400000, 0x0000000623400000, 0x0000000623800000|  0%| F|  |TAMS 0x0000000623400000, 0x0000000623400000| Untracked 
|  86|0x0000000623800000, 0x0000000623800000, 0x0000000623c00000|  0%| F|  |TAMS 0x0000000623800000, 0x0000000623800000| Untracked 
|  87|0x0000000623c00000, 0x0000000623c00000, 0x0000000624000000|  0%| F|  |TAMS 0x0000000623c00000, 0x0000000623c00000| Untracked 
|  88|0x0000000624000000, 0x0000000624000000, 0x0000000624400000|  0%| F|  |TAMS 0x0000000624000000, 0x0000000624000000| Untracked 
|  89|0x0000000624400000, 0x0000000624400000, 0x0000000624800000|  0%| F|  |TAMS 0x0000000624400000, 0x0000000624400000| Untracked 
|  90|0x0000000624800000, 0x0000000624800000, 0x0000000624c00000|  0%| F|  |TAMS 0x0000000624800000, 0x0000000624800000| Untracked 
|  91|0x0000000624c00000, 0x0000000624c00000, 0x0000000625000000|  0%| F|  |TAMS 0x0000000624c00000, 0x0000000624c00000| Untracked 
|  92|0x0000000625000000, 0x0000000625000000, 0x0000000625400000|  0%| F|  |TAMS 0x0000000625000000, 0x0000000625000000| Untracked 
|  93|0x0000000625400000, 0x0000000625400000, 0x0000000625800000|  0%| F|  |TAMS 0x0000000625400000, 0x0000000625400000| Untracked 
|  94|0x0000000625800000, 0x0000000625800000, 0x0000000625c00000|  0%| F|  |TAMS 0x0000000625800000, 0x0000000625800000| Untracked 
|  95|0x0000000625c00000, 0x0000000625c00000, 0x0000000626000000|  0%| F|  |TAMS 0x0000000625c00000, 0x0000000625c00000| Untracked 
|  96|0x0000000626000000, 0x0000000626000000, 0x0000000626400000|  0%| F|  |TAMS 0x0000000626000000, 0x0000000626000000| Untracked 
|  97|0x0000000626400000, 0x0000000626400000, 0x0000000626800000|  0%| F|  |TAMS 0x0000000626400000, 0x0000000626400000| Untracked 
|  98|0x0000000626800000, 0x0000000626800000, 0x0000000626c00000|  0%| F|  |TAMS 0x0000000626800000, 0x0000000626800000| Untracked 
|  99|0x0000000626c00000, 0x0000000626c00000, 0x0000000627000000|  0%| F|  |TAMS 0x0000000626c00000, 0x0000000626c00000| Untracked 
| 100|0x0000000627000000, 0x0000000627000000, 0x0000000627400000|  0%| F|  |TAMS 0x0000000627000000, 0x0000000627000000| Untracked 
| 101|0x0000000627400000, 0x0000000627400000, 0x0000000627800000|  0%| F|  |TAMS 0x0000000627400000, 0x0000000627400000| Untracked 
| 102|0x0000000627800000, 0x0000000627800000, 0x0000000627c00000|  0%| F|  |TAMS 0x0000000627800000, 0x0000000627800000| Untracked 
| 103|0x0000000627c00000, 0x0000000627c00000, 0x0000000628000000|  0%| F|  |TAMS 0x0000000627c00000, 0x0000000627c00000| Untracked 
| 104|0x0000000628000000, 0x0000000628000000, 0x0000000628400000|  0%| F|  |TAMS 0x0000000628000000, 0x0000000628000000| Untracked 
| 105|0x0000000628400000, 0x0000000628400000, 0x0000000628800000|  0%| F|  |TAMS 0x0000000628400000, 0x0000000628400000| Untracked 
| 106|0x0000000628800000, 0x0000000628800000, 0x0000000628c00000|  0%| F|  |TAMS 0x0000000628800000, 0x0000000628800000| Untracked 
| 107|0x0000000628c00000, 0x0000000628c00000, 0x0000000629000000|  0%| F|  |TAMS 0x0000000628c00000, 0x0000000628c00000| Untracked 
| 108|0x0000000629000000, 0x0000000629000000, 0x0000000629400000|  0%| F|  |TAMS 0x0000000629000000, 0x0000000629000000| Untracked 
| 109|0x0000000629400000, 0x0000000629400000, 0x0000000629800000|  0%| F|  |TAMS 0x0000000629400000, 0x0000000629400000| Untracked 
| 110|0x0000000629800000, 0x0000000629800000, 0x0000000629c00000|  0%| F|  |TAMS 0x0000000629800000, 0x0000000629800000| Untracked 
| 111|0x0000000629c00000, 0x0000000629c00000, 0x000000062a000000|  0%| F|  |TAMS 0x0000000629c00000, 0x0000000629c00000| Untracked 
| 112|0x000000062a000000, 0x000000062a000000, 0x000000062a400000|  0%| F|  |TAMS 0x000000062a000000, 0x000000062a000000| Untracked 
| 113|0x000000062a400000, 0x000000062a400000, 0x000000062a800000|  0%| F|  |TAMS 0x000000062a400000, 0x000000062a400000| Untracked 
| 114|0x000000062a800000, 0x000000062a800000, 0x000000062ac00000|  0%| F|  |TAMS 0x000000062a800000, 0x000000062a800000| Untracked 
| 115|0x000000062ac00000, 0x000000062ac00000, 0x000000062b000000|  0%| F|  |TAMS 0x000000062ac00000, 0x000000062ac00000| Untracked 
| 116|0x000000062b000000, 0x000000062b2aefb8, 0x000000062b400000| 67%| E|  |TAMS 0x000000062b000000, 0x000000062b000000| Complete 
| 117|0x000000062b400000, 0x000000062b800000, 0x000000062b800000|100%| S|CS|TAMS 0x000000062b400000, 0x000000062b400000| Complete 
| 118|0x000000062b800000, 0x000000062bc00000, 0x000000062bc00000|100%| E|CS|TAMS 0x000000062b800000, 0x000000062b800000| Complete 
| 119|0x000000062bc00000, 0x000000062c000000, 0x000000062c000000|100%| E|CS|TAMS 0x000000062bc00000, 0x000000062bc00000| Complete 
| 120|0x000000062c000000, 0x000000062c400000, 0x000000062c400000|100%| E|  |TAMS 0x000000062c000000, 0x000000062c000000| Complete 
| 121|0x000000062c400000, 0x000000062c800000, 0x000000062c800000|100%| E|CS|TAMS 0x000000062c400000, 0x000000062c400000| Complete 
| 122|0x000000062c800000, 0x000000062cc00000, 0x000000062cc00000|100%| E|CS|TAMS 0x000000062c800000, 0x000000062c800000| Complete 
| 123|0x000000062cc00000, 0x000000062d000000, 0x000000062d000000|100%| E|CS|TAMS 0x000000062cc00000, 0x000000062cc00000| Complete 
| 124|0x000000062d000000, 0x000000062d400000, 0x000000062d400000|100%| E|CS|TAMS 0x000000062d000000, 0x000000062d000000| Complete 

Card table byte_map: [0x0000018c80f90000,0x0000018c81f20000] _byte_map_base: 0x0000018c7df20000

Marking Bits (Prev, Next): (CMBitMap*) 0x0000018ce84e1e90, (CMBitMap*) 0x0000018ce84e1ed0
 Prev Bits: [0x0000018c82eb0000, 0x0000018c8ab30000)
 Next Bits: [0x0000018c8ab30000, 0x0000018c927b0000)

Polling page: 0x0000018ce67c0000

Metaspace:

Usage:
  Non-class:     17.40 MB used.
      Class:      2.14 MB used.
       Both:     19.54 MB used.

Virtual space:
  Non-class space:       64.00 MB reserved,      17.50 MB ( 27%) committed,  1 nodes.
      Class space:        1.00 GB reserved,       2.25 MB ( <1%) committed,  1 nodes.
             Both:        1.06 GB reserved,      19.75 MB (  2%) committed. 

Chunk freelists:
   Non-Class:  14.06 MB
       Class:  13.62 MB
        Both:  27.69 MB

MaxMetaspaceSize: unlimited
CompressedClassSpaceSize: 1.00 GB
Initial GC threshold: 21.00 MB
Current GC threshold: 21.00 MB
CDS: on
MetaspaceReclaimPolicy: balanced
 - commit_granule_bytes: 65536.
 - commit_granule_words: 8192.
 - virtual_space_node_default_size: 8388608.
 - enlarge_chunks_in_place: 1.
 - new_chunks_are_fully_committed: 0.
 - uncommit_free_chunks: 1.
 - use_allocation_guard: 0.
 - handle_deallocations: 1.


Internal statistics:

num_allocs_failed_limit: 0.
num_arena_births: 190.
num_arena_deaths: 0.
num_vsnodes_births: 2.
num_vsnodes_deaths: 0.
num_space_committed: 316.
num_space_uncommitted: 0.
num_chunks_returned_to_freelist: 0.
num_chunks_taken_from_freelist: 440.
num_chunk_merges: 0.
num_chunk_splits: 271.
num_chunks_enlarged: 165.
num_inconsistent_stats: 0.

CodeHeap 'non-profiled nmethods': size=119168Kb used=2029Kb max_used=2029Kb free=117139Kb
 bounds [0x0000018cf78a0000, 0x0000018cf7b10000, 0x0000018cfed00000]
CodeHeap 'profiled nmethods': size=119104Kb used=8050Kb max_used=8050Kb free=111053Kb
 bounds [0x0000018cefd00000, 0x0000018cf04e0000, 0x0000018cf7150000]
CodeHeap 'non-nmethods': size=7488Kb used=1469Kb max_used=3187Kb free=6018Kb
 bounds [0x0000018cf7150000, 0x0000018cf74d0000, 0x0000018cf78a0000]
 total_blobs=4650 nmethods=3815 adapters=746
 compilation: enabled
              stopped_count=0, restarted_count=0
 full_count=0

Compilation events (20 events):
Event: 311.161 Thread 0x0000018cff995060 3806   !   4       java.util.concurrent.ConcurrentHashMap::transfer (849 bytes)
Event: 311.161 Thread 0x0000018cff999b40 3807       3       java.util.regex.Matcher::end (67 bytes)
Event: 311.161 Thread 0x0000018cff999b40 nmethod 3807 0x0000018cf04da810 code [0x0000018cf04daa60, 0x0000018cf04db2c8]
Event: 311.161 Thread 0x0000018cff999b40 3809       3       sun.nio.cs.SingleByte$Encoder::encode (32 bytes)
Event: 311.161 Thread 0x0000018cff999b40 nmethod 3809 0x0000018cf04db610 code [0x0000018cf04db7c0, 0x0000018cf04db9b8]
Event: 311.161 Thread 0x0000018cff999b40 3808       3       java.util.stream.Sink::end (1 bytes)
Event: 311.161 Thread 0x0000018cff999b40 nmethod 3808 0x0000018cf04dbb10 code [0x0000018cf04dbca0, 0x0000018cf04dbdb8]
Event: 311.171 Thread 0x0000018cff995060 nmethod 3806 0x0000018cf7a97690 code [0x0000018cf7a97860, 0x0000018cf7a98f88]
Event: 311.198 Thread 0x0000018cff999b40 3810       3       sun.font.FontDesignMetrics::charWidth (30 bytes)
Event: 311.198 Thread 0x0000018cff999b40 nmethod 3810 0x0000018cf04dbe90 code [0x0000018cf04dc0a0, 0x0000018cf04dc5d8]
Event: 311.217 Thread 0x0000018cff999b40 3811       3       java.util.IdentityHashMap::nextKeyIndex (15 bytes)
Event: 311.217 Thread 0x0000018cff999b40 nmethod 3811 0x0000018cf04dc810 code [0x0000018cf04dc9a0, 0x0000018cf04dcad8]
Event: 311.528 Thread 0x0000018cff995060 3812   !   4       java.awt.KeyboardFocusManager::processCurrentLightweightRequests (345 bytes)
Event: 311.530 Thread 0x0000018cff995060 nmethod 3812 0x0000018cf7a99810 code [0x0000018cf7a99a00, 0x0000018cf7a9a0f8]
Event: 311.542 Thread 0x0000018cff995060 3813       4       java.awt.Component::eventTypeEnabled (487 bytes)
Event: 311.543 Thread 0x0000018cff995060 nmethod 3813 0x0000018cf7a9a590 code [0x0000018cf7a9a720, 0x0000018cf7a9aa78]
Event: 312.285 Thread 0x0000018cff995060 3814       4       java.awt.Window::eventEnabled (138 bytes)
Event: 312.286 Thread 0x0000018cff995060 nmethod 3814 0x0000018cf7a9ac10 code [0x0000018cf7a9ada0, 0x0000018cf7a9af48]
Event: 312.716 Thread 0x0000018cff999b40 3815       1       java.util.concurrent.CopyOnWriteArrayList::getArray (5 bytes)
Event: 312.716 Thread 0x0000018cff999b40 nmethod 3815 0x0000018cf7a9b110 code [0x0000018cf7a9b2a0, 0x0000018cf7a9b378]

GC Heap History (4 events):
Event: 141.996 GC heap before
{Heap before GC invocations=0 (full 0):
 garbage-first heap   total 512000K, used 24576K [0x000000060e000000, 0x0000000800000000)
  region size 4096K, 6 young (24576K), 0 survivors (0K)
 Metaspace       used 12048K, committed 12224K, reserved 1114112K
  class space    used 1347K, committed 1408K, reserved 1048576K
}
Event: 141.998 GC heap after
{Heap after GC invocations=1 (full 0):
 garbage-first heap   total 512000K, used 4486K [0x000000060e000000, 0x0000000800000000)
  region size 4096K, 1 young (4096K), 1 survivors (4096K)
 Metaspace       used 12048K, committed 12224K, reserved 1114112K
  class space    used 1347K, committed 1408K, reserved 1048576K
}
Event: 203.666 GC heap before
{Heap before GC invocations=1 (full 0):
 garbage-first heap   total 512000K, used 24966K [0x000000060e000000, 0x0000000800000000)
  region size 4096K, 7 young (28672K), 1 survivors (4096K)
 Metaspace       used 15742K, committed 15936K, reserved 1114112K
  class space    used 1682K, committed 1792K, reserved 1048576K
}
Event: 203.668 GC heap after
{Heap after GC invocations=2 (full 0):
 garbage-first heap   total 512000K, used 11628K [0x000000060e000000, 0x0000000800000000)
  region size 4096K, 1 young (4096K), 1 survivors (4096K)
 Metaspace       used 15742K, committed 15936K, reserved 1114112K
  class space    used 1682K, committed 1792K, reserved 1048576K
}

Deoptimization events (20 events):
Event: 308.722 Thread 0x0000018cd620dc10 Uncommon trap: trap_request=0xffffffc6 fr.pc=0x0000018cf7a00eb4 relative=0x00000000000007b4
Event: 308.722 Thread 0x0000018cd620dc10 Uncommon trap: reason=bimorphic_or_optimized_type_check action=maybe_recompile pc=0x0000018cf7a00eb4 method=java.awt.LightweightDispatcher.eventDispatched(Ljava/awt/AWTEvent;)V @ 70 c2
Event: 308.722 Thread 0x0000018cd620dc10 DEOPT PACKING pc=0x0000018cf7a00eb4 sp=0x0000002b00afefe0
Event: 308.722 Thread 0x0000018cd620dc10 DEOPT UNPACKING pc=0x0000018cf71a5ba3 sp=0x0000002b00afef68 mode 2
Event: 308.731 Thread 0x0000018cd620dc10 Uncommon trap: trap_request=0xffffffc6 fr.pc=0x0000018cf7a00eb4 relative=0x00000000000007b4
Event: 308.731 Thread 0x0000018cd620dc10 Uncommon trap: reason=bimorphic_or_optimized_type_check action=maybe_recompile pc=0x0000018cf7a00eb4 method=java.awt.LightweightDispatcher.eventDispatched(Ljava/awt/AWTEvent;)V @ 70 c2
Event: 308.731 Thread 0x0000018cd620dc10 DEOPT PACKING pc=0x0000018cf7a00eb4 sp=0x0000002b00afefe0
Event: 308.731 Thread 0x0000018cd620dc10 DEOPT UNPACKING pc=0x0000018cf71a5ba3 sp=0x0000002b00afef68 mode 2
Event: 308.756 Thread 0x0000018cd620dc10 Uncommon trap: trap_request=0xffffffc6 fr.pc=0x0000018cf7a00eb4 relative=0x00000000000007b4
Event: 308.756 Thread 0x0000018cd620dc10 Uncommon trap: reason=bimorphic_or_optimized_type_check action=maybe_recompile pc=0x0000018cf7a00eb4 method=java.awt.LightweightDispatcher.eventDispatched(Ljava/awt/AWTEvent;)V @ 70 c2
Event: 308.756 Thread 0x0000018cd620dc10 DEOPT PACKING pc=0x0000018cf7a00eb4 sp=0x0000002b00afefe0
Event: 308.756 Thread 0x0000018cd620dc10 DEOPT UNPACKING pc=0x0000018cf71a5ba3 sp=0x0000002b00afef68 mode 2
Event: 312.716 Thread 0x0000018ce1ca3d90 Uncommon trap: trap_request=0xffffff45 fr.pc=0x0000018cf7a1a380 relative=0x0000000000000480
Event: 312.716 Thread 0x0000018ce1ca3d90 Uncommon trap: reason=unstable_if action=reinterpret pc=0x0000018cf7a1a380 method=java.util.concurrent.locks.AbstractQueuedSynchronizer$ConditionNode.isReleasable()Z @ 14 c2
Event: 312.716 Thread 0x0000018ce1ca3d90 DEOPT PACKING pc=0x0000018cf7a1a380 sp=0x0000002b0100f080
Event: 312.716 Thread 0x0000018ce1ca3d90 DEOPT UNPACKING pc=0x0000018cf71a5ba3 sp=0x0000002b0100eea8 mode 2
Event: 312.716 Thread 0x0000018ce1ca3d90 Uncommon trap: trap_request=0xffffff45 fr.pc=0x0000018cf7a1b348 relative=0x0000000000000048
Event: 312.716 Thread 0x0000018ce1ca3d90 Uncommon trap: reason=unstable_if action=reinterpret pc=0x0000018cf7a1b348 method=java.lang.Thread.interrupted()Z @ 10 c2
Event: 312.716 Thread 0x0000018ce1ca3d90 DEOPT PACKING pc=0x0000018cf7a1b348 sp=0x0000002b0100f030
Event: 312.716 Thread 0x0000018ce1ca3d90 DEOPT UNPACKING pc=0x0000018cf71a5ba3 sp=0x0000002b0100efc0 mode 2

Classes unloaded (0 events):
No events

Classes redefined (0 events):
No events

Internal exceptions (20 events):
Event: 0.218 Thread 0x0000018cd620dc10 Exception <a 'java/lang/NoSuchMethodError'{0x000000062cd27ba8}: 'java.lang.Object java.lang.invoke.DirectMethodHandle$Holder.invokeStatic(java.lang.Object, int, java.lang.Object)'> (0x000000062cd27ba8) 
thrown [s\open\src\hotspot\share\interpreter\linkResolver.cpp, line 759]
Event: 0.229 Thread 0x0000018cd620dc10 Exception <a 'java/lang/ClassNotFoundException'{0x000000062cddf8f8}: com/sun/swing/internal/plaf/metal/resources/spi/metalProvider> (0x000000062cddf8f8) 
thrown [s\open\src\hotspot\share\classfile\systemDictionary.cpp, line 256]
Event: 0.230 Thread 0x0000018cd620dc10 Exception <a 'java/lang/ClassNotFoundException'{0x000000062cde3700}: com/sun/swing/internal/plaf/basic/resources/spi/basicProvider> (0x000000062cde3700) 
thrown [s\open\src\hotspot\share\classfile\systemDictionary.cpp, line 256]
Event: 0.265 Thread 0x0000018cd620dc10 Exception <a 'java/lang/ClassNotFoundException'{0x000000062cf751f8}: sun/util/logging/resources/spi/loggingProvider> (0x000000062cf751f8) 
thrown [s\open\src\hotspot\share\classfile\systemDictionary.cpp, line 256]
Event: 0.271 Thread 0x0000018cd620dc10 Exception <a 'sun/nio/fs/WindowsException'{0x000000062cfa3ee8}> (0x000000062cfa3ee8) 
thrown [s\open\src\hotspot\share\prims\jni.cpp, line 516]
Event: 0.271 Thread 0x0000018cd620dc10 Exception <a 'sun/nio/fs/WindowsException'{0x000000062cfa43b8}> (0x000000062cfa43b8) 
thrown [s\open\src\hotspot\share\prims\jni.cpp, line 516]
Event: 0.278 Thread 0x0000018cd620dc10 Exception <a 'java/lang/NoSuchMethodError'{0x000000062cfd97e0}: 'void java.lang.invoke.DirectMethodHandle$Holder.invokeStatic(java.lang.Object, java.lang.Object)'> (0x000000062cfd97e0) 
thrown [s\open\src\hotspot\share\interpreter\linkResolver.cpp, line 759]
Event: 0.283 Thread 0x0000018cd620eb40 Exception <a 'java/lang/NoSuchMethodError'{0x000000062d3e6ca8}: 'void java.lang.invoke.DirectMethodHandle$Holder.invokeVirtual(java.lang.Object, java.lang.Object)'> (0x000000062d3e6ca8) 
thrown [s\open\src\hotspot\share\interpreter\linkResolver.cpp, line 759]
Event: 0.289 Thread 0x0000018cd620dc10 Exception <a 'java/lang/NoSuchMethodError'{0x000000062c806458}: 'void java.lang.invoke.DirectMethodHandle$Holder.invokeStaticInit(java.lang.Object)'> (0x000000062c806458) 
thrown [s\open\src\hotspot\share\interpreter\linkResolver.cpp, line 759]
Event: 115.740 Thread 0x0000018cd620dc10 Implicit null exception at 0x0000018cf790f558 to 0x0000018cf790f786
Event: 119.550 Thread 0x0000018cd620dc10 Exception <a 'java/lang/NoSuchMethodError'{0x000000062c67ec10}: 'java.lang.Object java.lang.invoke.Invokers$Holder.invokeExact_MT(java.lang.Object, java.lang.Object, java.lang.Object, java.lang.Object, java.lang.Object, java.lang.Object)'> (0x000000062c67ec10) 
thrown [s\open\src\hotspot\share\interpreter\linkResolver.cpp, line 759]
Event: 158.302 Thread 0x0000018cd620dc10 Exception <a 'java/lang/NoSuchMethodError'{0x000000062cf4a700}: 'java.lang.Object java.lang.invoke.DirectMethodHandle$Holder.invokeInterface(java.lang.Object, java.lang.Object)'> (0x000000062cf4a700) 
thrown [s\open\src\hotspot\share\interpreter\linkResolver.cpp, line 759]
Event: 158.306 Thread 0x0000018cd620dc10 Exception <a 'java/lang/NoSuchMethodError'{0x000000062cfb4628}: 'double java.lang.invoke.DirectMethodHandle$Holder.invokeVirtual(java.lang.Object, java.lang.Object)'> (0x000000062cfb4628) 
thrown [s\open\src\hotspot\share\interpreter\linkResolver.cpp, line 759]
Event: 158.355 Thread 0x0000018cd620dc10 Exception <a 'java/lang/NoSuchMethodError'{0x000000062c4e7078}: 'void java.lang.invoke.DirectMethodHandle$Holder.invokeStatic(java.lang.Object, java.lang.Object, java.lang.Object)'> (0x000000062c4e7078) 
thrown [s\open\src\hotspot\share\interpreter\linkResolver.cpp, line 759]
Event: 158.356 Thread 0x0000018cd620dc10 Exception <a 'java/lang/NoSuchMethodError'{0x000000062c4fcaf8}: 'java.lang.Object java.lang.invoke.DirectMethodHandle$Holder.invokeSpecial(java.lang.Object, java.lang.Object, java.lang.Object, double)'> (0x000000062c4fcaf8) 
thrown [s\open\src\hotspot\share\interpreter\linkResolver.cpp, line 759]
Event: 228.061 Thread 0x0000018ce1ca3880 Exception <a 'java/lang/NoSuchMethodError'{0x000000062ceb6a38}: 'java.lang.Object java.lang.invoke.DirectMethodHandle$Holder.newInvokeSpecial(java.lang.Object, java.lang.Object, java.lang.Object, int, int, int, int, int)'> (0x000000062ceb6a38) 
thrown [s\open\src\hotspot\share\interpreter\linkResolver.cpp, line 759]
Event: 228.166 Thread 0x0000018cd620dc10 Exception <a 'java/lang/NoSuchMethodError'{0x000000062ce50e28}: 'int java.lang.invoke.DirectMethodHandle$Holder.invokeSpecial(java.lang.Object, java.lang.Object, java.lang.Object)'> (0x000000062ce50e28) 
thrown [s\open\src\hotspot\share\interpreter\linkResolver.cpp, line 759]
Event: 228.186 Thread 0x0000018cd620dc10 Exception <a 'java/lang/NoSuchMethodError'{0x000000062ce8d448}: 'int java.lang.invoke.DirectMethodHandle$Holder.invokeStatic(java.lang.Object)'> (0x000000062ce8d448) 
thrown [s\open\src\hotspot\share\interpreter\linkResolver.cpp, line 759]
Event: 234.906 Thread 0x0000018cd620dc10 Implicit null exception at 0x0000018cf7a14d61 to 0x0000018cf7a15d48
Event: 234.940 Thread 0x0000018cd620dc10 Exception <a 'java/lang/NoSuchMethodError'{0x000000062c7e4c90}: 'java.lang.Object java.lang.invoke.DirectMethodHandle$Holder.invokeSpecial(java.lang.Object, java.lang.Object, double, double)'> (0x000000062c7e4c90) 
thrown [s\open\src\hotspot\share\interpreter\linkResolver.cpp, line 759]

VM Operations (20 events):
Event: 283.985 Executing VM operation: Cleanup done
Event: 285.001 Executing VM operation: Cleanup
Event: 285.001 Executing VM operation: Cleanup done
Event: 293.053 Executing VM operation: Cleanup
Event: 293.053 Executing VM operation: Cleanup done
Event: 296.070 Executing VM operation: Cleanup
Event: 296.070 Executing VM operation: Cleanup done
Event: 298.086 Executing VM operation: Cleanup
Event: 298.086 Executing VM operation: Cleanup done
Event: 299.099 Executing VM operation: Cleanup
Event: 299.099 Executing VM operation: Cleanup done
Event: 306.154 Executing VM operation: Cleanup
Event: 306.154 Executing VM operation: Cleanup done
Event: 310.195 Executing VM operation: Cleanup
Event: 310.195 Executing VM operation: Cleanup done
Event: 310.939 Executing VM operation: HandshakeAllThreads
Event: 310.939 Executing VM operation: HandshakeAllThreads done
Event: 311.943 Executing VM operation: Cleanup
Event: 311.943 Executing VM operation: Cleanup done
Event: 312.816 Executing VM operation: Exit

Events (20 events):
Event: 310.941 loading class java/security/AccessControlException
Event: 310.941 loading class java/security/AccessControlException done
Event: 310.943 Loaded shared library C:\Windows\System32\dpuareu_jni.dll
Event: 311.158 loading class java/lang/NoSuchFieldError
Event: 311.158 loading class java/lang/NoSuchFieldError done
Event: 311.160 loading class java/lang/UnsatisfiedLinkError
Event: 311.160 loading class java/lang/UnsatisfiedLinkError done
Event: 311.161 loading class javax/swing/SwingWorker$5
Event: 311.161 loading class javax/swing/SwingWorker$5 done
Event: 312.715 Thread 0x0000018ce22fe100 Thread added: 0x0000018ce22fe100
Event: 312.715 Thread 0x0000018ce22fe610 Thread added: 0x0000018ce22fe610
Event: 312.715 Thread 0x0000018ce22fff60 Thread added: 0x0000018ce22fff60
Event: 312.715 Thread 0x0000018ce22fc7b0 Thread added: 0x0000018ce22fc7b0
Event: 312.716 Thread 0x0000018ce22fe610 Thread exited: 0x0000018ce22fe610
Event: 312.716 Thread 0x0000018ce1ca2950 Thread exited: 0x0000018ce1ca2950
Event: 312.716 Thread 0x0000018ce22fff60 Thread exited: 0x0000018ce22fff60
Event: 312.716 Thread 0x0000018ce22fc7b0 Thread exited: 0x0000018ce22fc7b0
Event: 312.717 Thread 0x0000018ce1ca3d90 Thread exited: 0x0000018ce1ca3d90
Event: 312.747 Thread 0x0000018cd620eb40 Thread exited: 0x0000018cd620eb40
Event: 312.816 Thread 0x0000018ce22fe100 Thread exited: 0x0000018ce22fe100


Dynamic libraries:
0x00007ff732800000 - 0x00007ff732810000 	C:\Program Files\Java\jdk-17\bin\java.exe
0x00007ffa6c020000 - 0x00007ffa6c287000 	C:\WINDOWS\SYSTEM32\ntdll.dll
0x00007ffa6af90000 - 0x00007ffa6b059000 	C:\WINDOWS\System32\KERNEL32.DLL
0x00007ffa68b00000 - 0x00007ffa68ef7000 	C:\WINDOWS\System32\KERNELBASE.dll
0x00007ffa69c50000 - 0x00007ffa69d9b000 	C:\WINDOWS\System32\ucrtbase.dll
0x00007ffa4d940000 - 0x00007ffa4d959000 	C:\Program Files\Java\jdk-17\bin\jli.dll
0x00007ffa5b9f0000 - 0x00007ffa5ba0b000 	C:\Program Files\Java\jdk-17\bin\VCRUNTIME140.dll
0x00007ffa6b110000 - 0x00007ffa6b1c6000 	C:\WINDOWS\System32\ADVAPI32.dll
0x00007ffa6b060000 - 0x00007ffa6b109000 	C:\WINDOWS\System32\msvcrt.dll
0x00007ffa6b260000 - 0x00007ffa6b307000 	C:\WINDOWS\System32\sechost.dll
0x00007ffa69ec0000 - 0x00007ffa69fd8000 	C:\WINDOWS\System32\RPCRT4.dll
0x00007ffa6ab60000 - 0x00007ffa6ad26000 	C:\WINDOWS\System32\USER32.dll
0x00007ffa69230000 - 0x00007ffa69257000 	C:\WINDOWS\System32\win32u.dll
0x00007ffa4a750000 - 0x00007ffa4a9e2000 	C:\WINDOWS\WinSxS\amd64_microsoft.windows.common-controls_6595b64144ccf1df_6.0.26100.8457_none_3e0b2faee331e92d\COMCTL32.dll
0x00007ffa6a5b0000 - 0x00007ffa6a5db000 	C:\WINDOWS\System32\GDI32.dll
0x00007ffa69100000 - 0x00007ffa6922c000 	C:\WINDOWS\System32\gdi32full.dll
0x00007ffa68a50000 - 0x00007ffa68af3000 	C:\WINDOWS\System32\msvcp_win.dll
0x00007ffa61960000 - 0x00007ffa6196b000 	C:\WINDOWS\SYSTEM32\VERSION.dll
0x00007ffa6a2d0000 - 0x00007ffa6a302000 	C:\WINDOWS\System32\IMM32.DLL
0x00007ffa64200000 - 0x00007ffa6420c000 	C:\Program Files\Java\jdk-17\bin\vcruntime140_1.dll
0x00007ffa3eb70000 - 0x00007ffa3ebfe000 	C:\Program Files\Java\jdk-17\bin\msvcp140.dll
0x00007ff950850000 - 0x00007ff951431000 	C:\Program Files\Java\jdk-17\bin\server\jvm.dll
0x00007ffa69eb0000 - 0x00007ffa69eb8000 	C:\WINDOWS\System32\PSAPI.DLL
0x00007ffa48a80000 - 0x00007ffa48a8a000 	C:\WINDOWS\SYSTEM32\WSOCK32.dll
0x00007ffa59ed0000 - 0x00007ffa59f06000 	C:\WINDOWS\SYSTEM32\WINMM.dll
0x00007ffa6a4b0000 - 0x00007ffa6a530000 	C:\WINDOWS\System32\WS2_32.dll
0x00007ffa67700000 - 0x00007ffa6771b000 	C:\WINDOWS\SYSTEM32\kernel.appcore.dll
0x00007ffa5bb30000 - 0x00007ffa5bb3a000 	C:\Program Files\Java\jdk-17\bin\jimage.dll
0x00007ffa5a640000 - 0x00007ffa5a882000 	C:\WINDOWS\SYSTEM32\DBGHELP.DLL
0x00007ffa6b4d0000 - 0x00007ffa6b853000 	C:\WINDOWS\System32\combase.dll
0x00007ffa6a5f0000 - 0x00007ffa6a6c9000 	C:\WINDOWS\System32\OLEAUT32.dll
0x00007ffa3f7d0000 - 0x00007ffa3f80b000 	C:\WINDOWS\SYSTEM32\dbgcore.DLL
0x00007ffa68f00000 - 0x00007ffa68fa8000 	C:\WINDOWS\System32\bcryptPrimitives.dll
0x00007ffa48af0000 - 0x00007ffa48b15000 	C:\Program Files\Java\jdk-17\bin\java.dll
0x00007ffa3bf90000 - 0x00007ffa3c067000 	C:\Program Files\Java\jdk-17\bin\jsvml.dll
0x00007ffa6b860000 - 0x00007ffa6bfce000 	C:\WINDOWS\System32\SHELL32.dll
0x00007ffa693e0000 - 0x00007ffa69c4c000 	C:\WINDOWS\System32\windows.storage.dll
0x00007ffa6ad30000 - 0x00007ffa6ae26000 	C:\WINDOWS\System32\SHCORE.dll
0x00007ffa6a540000 - 0x00007ffa6a5a6000 	C:\WINDOWS\System32\shlwapi.dll
0x00007ffa68970000 - 0x00007ffa68999000 	C:\WINDOWS\SYSTEM32\profapi.dll
0x00007ffa440b0000 - 0x00007ffa440c9000 	C:\Program Files\Java\jdk-17\bin\net.dll
0x00007ffa613e0000 - 0x00007ffa61509000 	C:\WINDOWS\SYSTEM32\WINHTTP.dll
0x00007ffa67cf0000 - 0x00007ffa67d5c000 	C:\WINDOWS\system32\mswsock.dll
0x00007ffa43f80000 - 0x00007ffa43f96000 	C:\Program Files\Java\jdk-17\bin\nio.dll
0x00007ffa43dd0000 - 0x00007ffa43de8000 	C:\Program Files\Java\jdk-17\bin\zip.dll
0x00007ff9ac040000 - 0x00007ff9ac1d1000 	C:\Program Files\Java\jdk-17\bin\awt.dll
0x00007ffa66410000 - 0x00007ffa664b0000 	C:\WINDOWS\SYSTEM32\apphelp.dll
0x00007ffa66530000 - 0x00007ffa665da000 	C:\WINDOWS\system32\uxtheme.dll
0x00007ffa6b310000 - 0x00007ffa6b46c000 	C:\WINDOWS\System32\MSCTF.dll
0x00007ffa6a310000 - 0x00007ffa6a4a7000 	C:\WINDOWS\System32\ole32.dll
0x00007ffa667d0000 - 0x00007ffa667ff000 	C:\WINDOWS\system32\DWMAPI.DLL
0x00007ff9dc670000 - 0x00007ff9dc77f000 	C:\WINDOWS\system32\opengl32.dll
0x00007ff9dc640000 - 0x00007ff9dc66d000 	C:\WINDOWS\SYSTEM32\GLU32.dll
0x00007ffa66610000 - 0x00007ffa66655000 	C:\WINDOWS\SYSTEM32\dxcore.dll
0x00007ffa68150000 - 0x00007ffa68163000 	C:\WINDOWS\SYSTEM32\msasn1.dll
0x00007ffa61510000 - 0x00007ffa6154b000 	C:\WINDOWS\SYSTEM32\cryptnet.dll
0x00007ffa69260000 - 0x00007ffa693d8000 	C:\WINDOWS\System32\CRYPT32.dll
0x00007ffa67f50000 - 0x00007ffa67f5c000 	C:\WINDOWS\SYSTEM32\cryptbase.dll
0x00007ffa67ff0000 - 0x00007ffa6805a000 	C:\WINDOWS\SYSTEM32\wldp.dll
0x00007ffa61260000 - 0x00007ffa613d8000 	C:\WINDOWS\SYSTEM32\drvstore.dll
0x00007ffa68660000 - 0x00007ffa6868d000 	C:\WINDOWS\SYSTEM32\devobj.dll
0x00007ffa68600000 - 0x00007ffa68651000 	C:\WINDOWS\SYSTEM32\cfgmgr32.dll
0x00007ffa68fb0000 - 0x00007ffa69032000 	C:\WINDOWS\System32\wintrust.dll
0x00007ffa69ff0000 - 0x00007ffa6a010000 	C:\WINDOWS\System32\imagehlp.dll
0x00007ffa680f0000 - 0x00007ffa6810b000 	C:\WINDOWS\SYSTEM32\CRYPTSP.dll
0x00007ffa67720000 - 0x00007ffa67759000 	C:\WINDOWS\system32\rsaenh.dll
0x00007ffa68940000 - 0x00007ffa6896a000 	C:\WINDOWS\SYSTEM32\bcrypt.dll
0x00007ff9aaf70000 - 0x00007ff9ab0b7000 	C:\WINDOWS\system32\nvspcap64.dll
0x00007ffa678c0000 - 0x00007ffa678f6000 	C:\WINDOWS\SYSTEM32\ntmarta.dll
0x00007ffa67d60000 - 0x00007ffa67d8f000 	C:\WINDOWS\SYSTEM32\gpapi.dll
0x00007ffa2de60000 - 0x00007ffa2e017000 	C:\WINDOWS\System32\DriverStore\FileRepository\nv_dispig.inf_amd64_f4c7a2fd13e0f763\nvppex.dll
0x00007ffa3d350000 - 0x00007ffa3d3d7000 	C:\Program Files\Java\jdk-17\bin\freetype.dll
0x00007ffa37790000 - 0x00007ffa37871000 	C:\Program Files\Java\jdk-17\bin\fontmanager.dll
0x00007ffa6ae30000 - 0x00007ffa6aede000 	C:\WINDOWS\System32\clbcatq.dll
0x00007ffa64720000 - 0x00007ffa6494d000 	C:\WINDOWS\SYSTEM32\WindowsCodecs.dll
0x00007ffa2e9d0000 - 0x00007ffa2ea2a000 	C:\WINDOWS\system32\dataexchange.dll
0x00007ffa59a00000 - 0x00007ffa59c4e000 	C:\WINDOWS\system32\twinapi.appcore.dll
0x00007ffa4a540000 - 0x00007ffa4a686000 	C:\WINDOWS\SYSTEM32\textinputframework.dll
0x00007ffa66030000 - 0x00007ffa66157000 	C:\WINDOWS\SYSTEM32\CoreMessaging.dll
0x00007ffa62050000 - 0x00007ffa62332000 	C:\WINDOWS\SYSTEM32\CoreUIComponents.dll
0x00007ffa630e0000 - 0x00007ffa6324a000 	C:\WINDOWS\SYSTEM32\wintypes.dll
0x00007ffa41c20000 - 0x00007ffa41cd5000 	C:\WINDOWS\WinSxS\amd64_microsoft.windows.common-controls_6595b64144ccf1df_5.82.26100.8328_none_87eede957a2ccddd\comctl32.dll
0x00007ffa643d0000 - 0x00007ffa644d6000 	C:\WINDOWS\SYSTEM32\PROPSYS.dll
0x00007ffa4e420000 - 0x00007ffa4e5fd000 	C:\Windows\System32\urlmon.dll
0x00007ffa4e150000 - 0x00007ffa4e414000 	C:\Windows\System32\iertutil.dll
0x00007ffa4df40000 - 0x00007ffa4df69000 	C:\Windows\System32\srvcli.dll
0x00007ffa67150000 - 0x00007ffa6715d000 	C:\Windows\System32\netutils.dll
0x00007ffa40c80000 - 0x00007ffa40c9b000 	C:\WINDOWS\system32\NetworkExplorer.dll
0x00007ffa3e490000 - 0x00007ffa3e608000 	C:\Windows\System32\Windows.System.Launcher.dll
0x00007ffa40420000 - 0x00007ffa4043d000 	C:\WINDOWS\SYSTEM32\windows.staterepositorycore.dll
0x00007ffa493d0000 - 0x00007ffa493f1000 	C:\WINDOWS\SYSTEM32\MPR.dll
0x00007ffa410f0000 - 0x00007ffa41122000 	C:\WINDOWS\system32\BvWinFsp.dll
0x00007ffa6aef0000 - 0x00007ffa6af62000 	C:\WINDOWS\System32\WLDAP32.dll
0x00007ffa59960000 - 0x00007ffa5997d000 	C:\WINDOWS\system32\credui.dll
0x00007ffa4bdb0000 - 0x00007ffa4bdca000 	C:\WINDOWS\system32\NETAPI32.dll
0x00007ffa664c0000 - 0x00007ffa664cd000 	C:\WINDOWS\system32\Secur32.dll
0x00007ffa67ac0000 - 0x00007ffa67b07000 	C:\WINDOWS\system32\LOGONCLI.DLL
0x00007ffa67a40000 - 0x00007ffa67a89000 	C:\WINDOWS\system32\SSPICLI.DLL
0x00007ffa42000000 - 0x00007ffa42022000 	C:\WINDOWS\System32\p9np.dll
0x00007ffa64510000 - 0x00007ffa6451d000 	C:\WINDOWS\System32\drprov.dll
0x00007ffa410c0000 - 0x00007ffa410e4000 	C:\WINDOWS\System32\ntlanman.dll
0x00007ffa41090000 - 0x00007ffa410b1000 	C:\WINDOWS\System32\davclnt.dll
0x00007ffa68200000 - 0x00007ffa68262000 	C:\WINDOWS\System32\WINSTA.dll
0x00007ffa60f10000 - 0x00007ffa60f2b000 	C:\WINDOWS\System32\wkscli.dll
0x00007ffa40450000 - 0x00007ffa40463000 	C:\WINDOWS\SYSTEM32\cscapi.dll
0x00007ffa437a0000 - 0x00007ffa437f2000 	C:\Windows\System32\dlnashext.dll
0x00007ffa4d810000 - 0x00007ffa4d86d000 	C:\Windows\System32\PlayToDevice.dll
0x00007ffa33f90000 - 0x00007ffa33fbf000 	C:\Windows\System32\DevDispItemProvider.dll
0x00007ffa63290000 - 0x00007ffa632ad000 	C:\WINDOWS\SYSTEM32\deviceassociation.dll
0x00007ffa61130000 - 0x00007ffa611c9000 	C:\WINDOWS\System32\MMDevApi.dll
0x00007ffa3d050000 - 0x00007ffa3d0f5000 	C:\WINDOWS\system32\wpdshext.dll
0x00007ffa44270000 - 0x00007ffa44448000 	C:\WINDOWS\WinSxS\amd64_microsoft.windows.gdiplus_6595b64144ccf1df_1.1.26100.8328_none_6ef30b123dc73046\gdiplus.dll
0x00007ffa10980000 - 0x00007ffa10a20000 	C:\Windows\System32\PortableDeviceApi.dll
0x00007ffa6a6d0000 - 0x00007ffa6ab57000 	C:\WINDOWS\System32\SETUPAPI.dll
0x00007ffa4ec40000 - 0x00007ffa4ec73000 	C:\Windows\System32\PortableDeviceTypes.dll
0x00007ffa4d8a0000 - 0x00007ffa4d8c5000 	C:\Windows\System32\EhStorAPI.dll
0x00007ffa664d0000 - 0x00007ffa664f9000 	C:\Windows\System32\WTSAPI32.dll
0x00007ffa279d0000 - 0x00007ffa279df000 	C:\WINDOWS\SYSTEM32\LINKINFO.dll
0x00007ffa42f50000 - 0x00007ffa42f81000 	C:\Windows\System32\dpuareu_jni.dll
0x00007ff9b6e70000 - 0x00007ff9b6ed6000 	C:\WINDOWS\SYSTEM32\dpfj.dll
0x00007ffa3c080000 - 0x00007ffa3c0c2000 	C:\WINDOWS\SYSTEM32\dpfr6.dll
0x00007ffa37120000 - 0x00007ffa3715d000 	C:\WINDOWS\SYSTEM32\dpfpdd.dll
0x00007ff96d8d0000 - 0x00007ff96d943000 	C:\WINDOWS\SYSTEM32\nex_sdk.dll
0x00007ff94dd60000 - 0x00007ff94de0f000 	C:\WINDOWS\SYSTEM32\DPFPApi.DLL
0x00007ffa67da0000 - 0x00007ffa67dd3000 	C:\WINDOWS\SYSTEM32\USERENV.dll
0x00007ff9b49e0000 - 0x00007ff9b4a38000 	C:\WINDOWS\system32\DPCLBACK.dll
0x00007ffa367b0000 - 0x00007ffa367e4000 	C:\WINDOWS\SYSTEM32\dpfpdd_4k.dll
0x00007ff94a5c0000 - 0x00007ff94a66f000 	C:\WINDOWS\SYSTEM32\dpDevDatx64.dll

dbghelp: loaded successfully - version: 4.0.5 - missing functions: none
symbol engine: initialized successfully - sym options: 0x614 - pdb path: .;C:\Program Files\Java\jdk-17\bin;C:\WINDOWS\SYSTEM32;C:\WINDOWS\WinSxS\amd64_microsoft.windows.common-controls_6595b64144ccf1df_6.0.26100.8457_none_3e0b2faee331e92d;C:\Program Files\Java\jdk-17\bin\server;C:\WINDOWS\System32\DriverStore\FileRepository\nv_dispig.inf_amd64_f4c7a2fd13e0f763;C:\WINDOWS\WinSxS\amd64_microsoft.windows.common-controls_6595b64144ccf1df_5.82.26100.8328_none_87eede957a2ccddd;C:\WINDOWS\WinSxS\amd64_microsoft.windows.gdiplus_6595b64144ccf1df_1.1.26100.8328_none_6ef30b123dc73046

VM Arguments:
java_command: com.unicesar.proyectogym.views.LoginFrame
java_class_path (initial): C:\Users\USUARIO\Documents\NetBeansProjects\ProyectoGym\target\classes;C:\Users\USUARIO\.m2\repository\com\digitalpersona\uareu\2.3.0\uareu-2.3.0.jar;C:\Users\USUARIO\.m2\repository\com\github\librepdf\openpdf\1.3.32\openpdf-1.3.32.jar;C:\Users\USUARIO\.m2\repository\org\jfree\jfreechart\1.0.19\jfreechart-1.0.19.jar;C:\Users\USUARIO\.m2\repository\org\jfree\jcommon\1.0.23\jcommon-1.0.23.jar
Launcher Type: SUN_STANDARD

[Global flags]
     intx CICompilerCount                          = 12                                        {product} {ergonomic}
     uint ConcGCThreads                            = 3                                         {product} {ergonomic}
     uint G1ConcRefinementThreads                  = 13                                        {product} {ergonomic}
   size_t G1HeapRegionSize                         = 4194304                                   {product} {ergonomic}
    uintx GCDrainStackTargetSize                   = 64                                        {product} {ergonomic}
   size_t InitialHeapSize                          = 524288000                                 {product} {ergonomic}
   size_t MarkStackSize                            = 4194304                                   {product} {ergonomic}
   size_t MaxHeapSize                              = 8355053568                                {product} {ergonomic}
   size_t MaxNewSize                               = 5012193280                                {product} {ergonomic}
   size_t MinHeapDeltaBytes                        = 4194304                                   {product} {ergonomic}
   size_t MinHeapSize                              = 8388608                                   {product} {ergonomic}
    uintx NonNMethodCodeHeapSize                   = 7602480                                {pd product} {ergonomic}
    uintx NonProfiledCodeHeapSize                  = 122027880                              {pd product} {ergonomic}
    uintx ProfiledCodeHeapSize                     = 122027880                              {pd product} {ergonomic}
    uintx ReservedCodeCacheSize                    = 251658240                              {pd product} {ergonomic}
     bool SegmentedCodeCache                       = true                                      {product} {ergonomic}
   size_t SoftMaxHeapSize                          = 8355053568                             {manageable} {ergonomic}
     bool UseCompressedClassPointers               = true                           {product lp64_product} {ergonomic}
     bool UseCompressedOops                        = true                           {product lp64_product} {ergonomic}
     bool UseG1GC                                  = true                                      {product} {ergonomic}
     bool UseLargePagesIndividualAllocation        = false                                  {pd product} {ergonomic}

Logging:
Log output configuration:
 #0: stdout all=off uptime,level,tags
 #1: stderr all=off uptime,level,tags

Environment Variables:
JAVA_HOME=C:\Program Files\Java\jdk-17
PATH=C:\oraclexe\app\oracle\product\11.2.0\server\bin;C:\Program Files\Common Files\Oracle\Java\javapath;C:\WINDOWS\system32;C:\WINDOWS;C:\WINDOWS\System32\Wbem;C:\WINDOWS\System32\WindowsPowerShell\v1.0\;C:\WINDOWS\System32\OpenSSH\;C:\Program Files\NVIDIA Corporation\NVIDIA app\NvDLISR;C:\Program Files (x86)\NVIDIA Corporation\PhysX\Common;C:\Program Files\Docker\Docker\resources\bin;C:\Program Files\Git\cmd;C:\Users\USUARIO\AppData\Local\nvm;C:\nvm4w\nodejs;C:\Program Files\dotnet\;C:\Program Files (x86)\Bitvise SSH Client;C:\Program Files\nodejs\;C:\Users\USUARIO\AppData\Local\Programs\Python\Python313\Scripts\;C:\Users\USUARIO\AppData\Local\Programs\Python\Python313\;C:\Users\USUARIO\AppData\Local\Programs\Python\Launcher\;C:\Users\USUARIO\AppData\Local\Microsoft\WindowsApps;C:\Program Files\JetBrains\IntelliJ IDEA 2024.3.4.1\bin;;C:\Program Files\JetBrains\WebStorm 2024.3.4\bin;;C:\Program Files\JetBrains\DataGrip 2024.3.5\bin;;C:\Users\USUARIO\AppData\Local\nvm;C:\nvm4w\nodejs;C:\Program Files\JetBrains\PyCharm 2025.2\bin;C:\Program Files\JetBrains\JetBrains Rider 2025.3.0.1\bin;C:\Users\USUARIO\AppData\Local\Programs\Antigravity\bin;C:\Users\USUARIO\AppData\Roaming\npm;C:\Users\USUARIO\AppData\Local\Programs\Antigravity IDE\bin
USERNAME=USUARIO
OS=Windows_NT
PROCESSOR_IDENTIFIER=AMD64 Family 25 Model 97 Stepping 2, AuthenticAMD



---------------  S Y S T E M  ---------------

OS:
 Windows 11 , 64 bit Build 26100 (10.0.26100.8328)
OS uptime: 0 days 6:10 hours
Hyper-V role detected

CPU: total 16 (initial active 16) (16 cores per cpu, 2 threads per core) family 25 model 97 stepping 2 microcode 0xa601206, cx8, cmov, fxsr, ht, mmx, 3dnowpref, sse, sse2, sse3, ssse3, sse4a, sse4.1, sse4.2, popcnt, lzcnt, tsc, tscinvbit, avx, avx2, aes, erms, clmul, bmi1, bmi2, adx, avx512f, avx512dq, avx512cd, avx512bw, avx512vl, sha, fma, vzeroupper, avx512_vpopcntdq, avx512_vpclmulqdq, avx512_vaes, avx512_vnni, clflush, clflushopt, avx512_vbmi2, avx512_vbmi, hv

Memory: 4k page, system-wide physical 31862M (15912M free)
TotalPageFile size 33910M (AvailPageFile size 12068M)
current process WorkingSet (physical memory assigned to process): 161M, peak: 193M
current process commit charge ("private bytes"): 705M, peak: 740M

vm_info: Java HotSpot(TM) 64-Bit Server VM (17.0.13+10-LTS-268) for windows-amd64 JRE (17.0.13+10-LTS-268), built on Sep 30 2024 06:33:13 by "mach5one" with MS VC++ 17.6 (VS2022)

END.
