#
# A fatal error has been detected by the Java Runtime Environment:
#
#  EXCEPTION_ACCESS_VIOLATION (0xc0000005) at pc=0x00007ff94a686ac1, pid=25416, tid=29056
#
# JRE version: Java(TM) SE Runtime Environment (17.0.13+10) (build 17.0.13+10-LTS-268)
# Java VM: Java HotSpot(TM) 64-Bit Server VM (17.0.13+10-LTS-268, mixed mode, sharing, tiered, compressed oops, compressed class ptrs, g1 gc, windows-amd64)
# Problematic frame:
# C  [dpDevCtlx64.dll+0x16ac1]
#
# No core dump will be written. Minidumps are not enabled by default on client versions of Windows
#
# If you would like to submit a bug report, please visit:
#   https://bugreport.java.com/bugreport/crash.jsp
#

---------------  S U M M A R Y ------------

Command Line: com.unicesar.proyectogym.views.LoginFrame

Host: AMD Ryzen 7 7700X 8-Core Processor             , 16 cores, 31G,  Windows 11 , 64 bit Build 26100 (10.0.26100.8328)
Time: Mon Jun  8 18:45:18 2026 Hora est. Pac璗ico, Sudam廨ica elapsed time: 176.390152 seconds (0d 0h 2m 56s)

---------------  T H R E A D  ---------------

Current thread (0x0000022bed8beb60):  VMThread "VM Thread" [stack: 0x0000004c9d700000,0x0000004c9d800000] [id=29056]

Stack: [0x0000004c9d700000,0x0000004c9d800000],  sp=0x0000004c9d7feb10,  free space=1018k
Native frames: (J=compiled Java code, j=interpreted, Vv=VM code, C=native code)
C  [dpDevCtlx64.dll+0x16ac1]


siginfo: EXCEPTION_ACCESS_VIOLATION (0xc0000005), writing address 0x0000000000000008


Registers:
RAX=0x0000000000000000, RBX=0x0000022c34526d30, RCX=0x0000022c3b933520, RDX=0x0000004c9d7febf0
RSP=0x0000004c9d7feb10, RBP=0x0000022c34526d48, RSI=0x0000004c9d7fedb0, RDI=0x0000022c34526d30
R8 =0x0000022c3b9336c0, R9 =0x0000000000000000, R10=0x0000022bbf860000, R11=0x0000000000000246
R12=0x000000007ffe0385, R13=0x0000000000000001, R14=0x00006b5ac253585a, R15=0x0000022c34526d30
RIP=0x00007ff94a686ac1, EFLAGS=0x0000000000010202


Register to memory mapping:

RIP=0x00007ff94a686ac1 dpDevCtlx64.dll
RAX=0x0 is NULL
RBX=0x0000022c34526d30 points into unknown readable memory: 0x00006b5ac253585a | 5a 58 53 c2 5a 6b 00 00
RCX=0x0000022c3b933520 points into unknown readable memory: 0x0000000000000000 | 00 00 00 00 00 00 00 00
RDX=0x0000004c9d7febf0 points into unknown readable memory: 0x0000000000002710 | 10 27 00 00 00 00 00 00
RSP=0x0000004c9d7feb10 points into unknown readable memory: 0x0000000000000000 | 00 00 00 00 00 00 00 00
RBP=0x0000022c34526d48 points into unknown readable memory: 0x00006b5ac253585a | 5a 58 53 c2 5a 6b 00 00
RSI=0x0000004c9d7fedb0 points into unknown readable memory: 0x0000004c9d7fedd0 | d0 ed 7f 9d 4c 00 00 00
RDI=0x0000022c34526d30 points into unknown readable memory: 0x00006b5ac253585a | 5a 58 53 c2 5a 6b 00 00
R8 =0x0000022c3b9336c0 points into unknown readable memory: 0x0000000000000000 | 00 00 00 00 00 00 00 00
R9 =0x0 is NULL
R10=0x0000022bbf860000 points into unknown readable memory: 0x0000000000000000 | 00 00 00 00 00 00 00 00
R11=0x0000000000000246 is an unknown value
R12=0x000000007ffe0385 points into unknown readable memory: 00 00 00
R13=0x0000000000000001 is an unknown value
R14=0x00006b5ac253585a is an unknown value
R15=0x0000022c34526d30 points into unknown readable memory: 0x00006b5ac253585a | 5a 58 53 c2 5a 6b 00 00


Top of Stack: (sp=0x0000004c9d7feb10)
0x0000004c9d7feb10:   0000000000000000 0000000000000000
0x0000004c9d7feb20:   0000022c34526d30 00006b5ac253585a
0x0000004c9d7feb30:   0000000000000001 00007ff94a722550
0x0000004c9d7feb40:   0000022c34526d30 0000004c9d7fedb0
0x0000004c9d7feb50:   0000022c34526d30 0000000000000000
0x0000004c9d7feb60:   0000022bbf740000 0000000000000000
0x0000004c9d7feb70:   0000022c3b6e3e10 0000004c9d7fedb0
0x0000004c9d7feb80:   0000022c34526d30 00007ff94a685d2f
0x0000004c9d7feb90:   00007ff94a722550 0000004c9d7febf0
0x0000004c9d7feba0:   0000022c3b9336c0 00007ffa68b38c59
0x0000004c9d7febb0:   0000000000000b00 0000022c3b9336c0
0x0000004c9d7febc0:   0000022c3b9336c0 0000022c3b9336d0
0x0000004c9d7febd0:   0000022c3b9336d0 0000022c3b6e3e10
0x0000004c9d7febe0:   0000022c3b9336c0 00007ff94a722550
0x0000004c9d7febf0:   0000000000002710 0000004c9d7fedb0
0x0000004c9d7fec00:   0000000000000000 00007ff94a686048 

Instructions: (pc=0x00007ff94a686ac1)
0x00007ff94a6869c1:   20 01 48 b8 aa aa aa aa aa aa aa 0a 48 89 44 24
0x00007ff94a6869d1:   38 48 b8 aa aa aa aa aa aa aa 0a 48 39 44 24 58
0x00007ff94a6869e1:   76 05 e8 40 ce fe ff 48 6b 44 24 58 18 48 89 44
0x00007ff94a6869f1:   24 28 48 81 7c 24 28 00 10 00 00 72 11 48 8b 4c
0x00007ff94a686a01:   24 28 e8 39 c4 fe ff 48 89 44 24 30 eb 22 48 83
0x00007ff94a686a11:   7c 24 28 00 74 11 48 8b 4c 24 28 e8 0a a8 fe ff
0x00007ff94a686a21:   48 89 44 24 30 eb 09 48 c7 44 24 30 00 00 00 00
0x00007ff94a686a31:   48 8b 44 24 30 48 83 c4 48 c3 cc cc cc cc cc cc
0x00007ff94a686a41:   cc cc cc cc cc cc cc cc cc cc cc cc cc cc cc cc
0x00007ff94a686a51:   cc cc cc cc cc cc cc cc cc cc cc cc cc cc cc 4c
0x00007ff94a686a61:   89 44 24 18 48 89 54 24 10 48 89 4c 24 08 48 83
0x00007ff94a686a71:   ec 78 48 8b 84 24 90 00 00 00 48 8b 00 48 89 44
0x00007ff94a686a81:   24 48 48 8b 84 24 80 00 00 00 48 89 44 24 28 48
0x00007ff94a686a91:   8b 84 24 90 00 00 00 48 8b 40 08 48 8b 8c 24 90
0x00007ff94a686aa1:   00 00 00 48 8b 09 48 89 08 48 8b 84 24 90 00 00
0x00007ff94a686ab1:   00 48 8b 00 48 8b 8c 24 90 00 00 00 48 8b 49 08
0x00007ff94a686ac1:   48 89 48 08 48 8b 44 24 28 48 8b 40 08 48 ff c8
0x00007ff94a686ad1:   48 8b 4c 24 28 48 89 41 08 48 8b 84 24 90 00 00
0x00007ff94a686ae1:   00 48 89 44 24 30 48 8b 84 24 80 00 00 00 48 89
0x00007ff94a686af1:   44 24 40 48 8b 44 24 40 48 89 44 24 50 48 8b 44
0x00007ff94a686b01:   24 30 48 83 c0 10 48 89 44 24 58 b8 01 00 00 00
0x00007ff94a686b11:   48 6b c0 18 48 89 44 24 20 48 8b 44 24 30 48 89
0x00007ff94a686b21:   44 24 38 48 81 7c 24 20 00 10 00 00 72 0f 48 8d
0x00007ff94a686b31:   54 24 20 48 8d 4c 24 38 e8 8f af fe ff 48 8b 54
0x00007ff94a686b41:   24 20 48 8b 4c 24 38 e8 ad cd fe ff 90 48 8b 84
0x00007ff94a686b51:   24 80 00 00 00 48 89 44 24 60 48 8b 84 24 88 00
0x00007ff94a686b61:   00 00 48 8b 4c 24 48 48 89 08 48 8b 84 24 88 00
0x00007ff94a686b71:   00 00 48 83 c4 78 c3 cc cc cc cc cc cc cc cc cc
0x00007ff94a686b81:   cc cc cc cc cc cc cc cc cc cc cc cc cc cc cc cc
0x00007ff94a686b91:   cc cc cc cc cc cc cc cc cc cc cc cc cc cc cc cc
0x00007ff94a686ba1:   cc cc cc cc cc cc cc cc cc cc cc cc cc cc cc cc
0x00007ff94a686bb1:   cc cc cc cc cc cc cc cc cc cc cc cc cc cc cc 48 


Stack slot to memory mapping:
stack at sp + 0 slots: 0x0 is NULL
stack at sp + 1 slots: 0x0 is NULL
stack at sp + 2 slots: 0x0000022c34526d30 points into unknown readable memory: 0x00006b5ac253585a | 5a 58 53 c2 5a 6b 00 00
stack at sp + 3 slots: 0x00006b5ac253585a is an unknown value
stack at sp + 4 slots: 0x0000000000000001 is an unknown value
stack at sp + 5 slots: 0x00007ff94a722550 dpDevCtlx64.dll
stack at sp + 6 slots: 0x0000022c34526d30 points into unknown readable memory: 0x00006b5ac253585a | 5a 58 53 c2 5a 6b 00 00
stack at sp + 7 slots: 0x0000004c9d7fedb0 points into unknown readable memory: 0x0000004c9d7fedd0 | d0 ed 7f 9d 4c 00 00 00

VM_Operation (0x0000004c9e8fe7e0): Exit, mode: safepoint, requested by thread 0x0000022c34049560


---------------  P R O C E S S  ---------------

Threads class SMR info:
_java_thread_list=0x0000022c3b9113b0, length=18, elements={
0x0000022bed8c5180, 0x0000022bed8c68b0, 0x0000022bed8dd540, 0x0000022bed8ddf00,
0x0000022bed8df430, 0x0000022bed8e0960, 0x0000022bed8e2270, 0x0000022bed8f8790,
0x0000022bee571fe0, 0x0000022bee7029f0, 0x0000022bee709bd0, 0x0000022c3401a540,
0x0000022c3401b240, 0x0000022c34049560, 0x0000022bc1be5a30, 0x0000022c345aafa0,
0x0000022c3c0b2080, 0x0000022c3c02a610
}

Java Threads: ( => current thread )
  0x0000022bed8c5180 JavaThread "Reference Handler" daemon [_thread_blocked, id=24552, stack(0x0000004c9d800000,0x0000004c9d900000)]
  0x0000022bed8c68b0 JavaThread "Finalizer" daemon [_thread_blocked, id=30660, stack(0x0000004c9d900000,0x0000004c9da00000)]
  0x0000022bed8dd540 JavaThread "Signal Dispatcher" daemon [_thread_blocked, id=30396, stack(0x0000004c9da00000,0x0000004c9db00000)]
  0x0000022bed8ddf00 JavaThread "Attach Listener" daemon [_thread_blocked, id=27348, stack(0x0000004c9db00000,0x0000004c9dc00000)]
  0x0000022bed8df430 JavaThread "Service Thread" daemon [_thread_blocked, id=7088, stack(0x0000004c9dc00000,0x0000004c9dd00000)]
  0x0000022bed8e0960 JavaThread "Monitor Deflation Thread" daemon [_thread_blocked, id=31024, stack(0x0000004c9dd00000,0x0000004c9de00000)]
  0x0000022bed8e2270 JavaThread "C2 CompilerThread0" daemon [_thread_blocked, id=10236, stack(0x0000004c9de00000,0x0000004c9df00000)]
  0x0000022bed8f8790 JavaThread "C1 CompilerThread0" daemon [_thread_blocked, id=21668, stack(0x0000004c9df00000,0x0000004c9e000000)]
  0x0000022bee571fe0 JavaThread "Sweeper thread" daemon [_thread_blocked, id=31152, stack(0x0000004c9e000000,0x0000004c9e100000)]
  0x0000022bee7029f0 JavaThread "Notification Thread" daemon [_thread_blocked, id=23496, stack(0x0000004c9e200000,0x0000004c9e300000)]
  0x0000022bee709bd0 JavaThread "Common-Cleaner" daemon [_thread_blocked, id=25584, stack(0x0000004c9e400000,0x0000004c9e500000)]
  0x0000022c3401a540 JavaThread "Java2D Disposer" daemon [_thread_blocked, id=30944, stack(0x0000004c9e500000,0x0000004c9e600000)]
  0x0000022c3401b240 JavaThread "AWT-Shutdown" [_thread_blocked, id=26044, stack(0x0000004c9e600000,0x0000004c9e700000)]
  0x0000022c34049560 JavaThread "AWT-EventQueue-0" [_thread_blocked, id=5096, stack(0x0000004c9e800000,0x0000004c9e900000)]
  0x0000022bc1be5a30 JavaThread "DestroyJavaVM" [_thread_blocked, id=28784, stack(0x0000004c9d100000,0x0000004c9d200000)]
  0x0000022c345aafa0 JavaThread "TimerQueue" daemon [_thread_blocked, id=30352, stack(0x0000004c9f100000,0x0000004c9f200000)]
  0x0000022c3c0b2080 JavaThread "SwingWorker-pool-1-thread-1" daemon [_thread_blocked, id=30836, stack(0x0000004c9cf00000,0x0000004c9d000000)]
  0x0000022c3c02a610 JavaThread "SwingWorker-pool-1-thread-2" daemon [_thread_blocked, id=7432, stack(0x0000004ca0300000,0x0000004ca0400000)]

Other Threads:
=>0x0000022bed8beb60 VMThread "VM Thread" [stack: 0x0000004c9d700000,0x0000004c9d800000] [id=29056]
  0x0000022bc1c911f0 GCTaskThread "GC Thread#0" [stack: 0x0000004c9d200000,0x0000004c9d300000] [id=19232]
  0x0000022c3be07d10 GCTaskThread "GC Thread#1" [stack: 0x0000004c9ebf0000,0x0000004c9ecf0000] [id=28312]
  0x0000022c3b911410 GCTaskThread "GC Thread#2" [stack: 0x0000004c9f300000,0x0000004c9f400000] [id=30496]
  0x0000022c3c0afcf0 GCTaskThread "GC Thread#3" [stack: 0x0000004c9f400000,0x0000004c9f500000] [id=28696]
  0x0000022c3b7e1030 GCTaskThread "GC Thread#4" [stack: 0x0000004c9f500000,0x0000004c9f600000] [id=26960]
  0x0000022c3b7c7780 GCTaskThread "GC Thread#5" [stack: 0x0000004c9f600000,0x0000004c9f700000] [id=24192]
  0x0000022c3b7c7d00 GCTaskThread "GC Thread#6" [stack: 0x0000004c9f700000,0x0000004c9f800000] [id=27052]
  0x0000022c3b7c6700 GCTaskThread "GC Thread#7" [stack: 0x0000004c9f800000,0x0000004c9f900000] [id=5292]
  0x0000022c3b7c7fc0 GCTaskThread "GC Thread#8" [stack: 0x0000004c9f900000,0x0000004c9fa00000] [id=10704]
  0x0000022c3b7c69c0 GCTaskThread "GC Thread#9" [stack: 0x0000004c9fa00000,0x0000004c9fb00000] [id=7176]
  0x0000022c3b7c8280 GCTaskThread "GC Thread#10" [stack: 0x0000004c9fb00000,0x0000004c9fc00000] [id=24564]
  0x0000022c3b7c6c80 GCTaskThread "GC Thread#11" [stack: 0x0000004c9fc00000,0x0000004c9fd00000] [id=24756]
  0x0000022c3b7c7200 GCTaskThread "GC Thread#12" [stack: 0x0000004c9ce00000,0x0000004c9cf00000] [id=27508]
  0x0000022bc1ca3720 ConcurrentGCThread "G1 Main Marker" terminated
  0x0000022bc1ca48d0 ConcurrentGCThread "G1 Conc#0" [stack: 0x0000004c9d400000,0x0000004c9d500000] [id=27528]
  0x0000022bed7f88f0 ConcurrentGCThread "G1 Refine#0" terminated
  0x0000022bed7f9320 ConcurrentGCThread "G1 Service" terminated

Threads with active compile tasks:

VM state: at safepoint (shutting down)

VM Mutex/Monitor currently owned by a thread:  ([mutex/lock_event])
[0x0000022bc1bd64d0] Threads_lock - owner thread: 0x0000022bed8beb60
[0x0000022bc1be2490] Heap_lock - owner thread: 0x0000022c34049560

Heap address: 0x000000060e000000, size: 7968 MB, Compressed Oops mode: Zero based, Oop shift amount: 3

CDS archive(s) mapped at: [0x0000022bef000000-0x0000022befbd0000-0x0000022befbd0000), size 12386304, SharedBaseAddress: 0x0000022bef000000, ArchiveRelocationMode: 1.
Compressed class space mapped at: 0x0000022bf0000000-0x0000022c30000000, reserved size: 1073741824
Narrow klass base: 0x0000022bef000000, Narrow klass shift: 0, Narrow klass range: 0x100000000

GC Precious Log:
 CPUs: 16 total, 16 available
 Memory: 31862M
 Large Page Support: Disabled
 NUMA Support: Disabled
 Compressed Oops: Enabled (Zero based)
 Heap Region Size: 4M
 Heap Min Capacity: 8M
 Heap Initial Capacity: 500M
 Heap Max Capacity: 7968M
 Pre-touch: Disabled
 Parallel Workers: 13
 Concurrent Workers: 3
 Concurrent Refinement Workers: 13
 Periodic GC: Disabled

Heap:
 garbage-first heap   total 512000K, used 38136K [0x000000060e000000, 0x0000000800000000)
  region size 4096K, 9 young (36864K), 1 survivors (4096K)
 Metaspace       used 17471K, committed 17792K, reserved 1114112K
  class space    used 1876K, committed 2048K, reserved 1048576K

Heap Regions: E=young(eden), S=young(survivor), O=old, HS=humongous(starts), HC=humongous(continues), CS=collection set, F=free, OA=open archive, CA=closed archive, TAMS=top-at-mark-start (previous, next)
|   0|0x000000060e000000, 0x000000060e400000, 0x000000060e400000|100%| O|  |TAMS 0x000000060e000000, 0x000000060e000000| Untracked 
|   1|0x000000060e400000, 0x000000060e53e200, 0x000000060e800000| 31%| O|  |TAMS 0x000000060e400000, 0x000000060e400000| Untracked 
|   2|0x000000060e800000, 0x000000060e800000, 0x000000060ec00000|  0%| F|  |TAMS 0x000000060e800000, 0x000000060e800000| Untracked 
|   3|0x000000060ec00000, 0x000000060ec00000, 0x000000060f000000|  0%| F|  |TAMS 0x000000060ec00000, 0x000000060ec00000| Untracked 
|   4|0x000000060f000000, 0x000000060f000000, 0x000000060f400000|  0%| F|  |TAMS 0x000000060f000000, 0x000000060f000000| Untracked 
|   5|0x000000060f400000, 0x000000060f400000, 0x000000060f800000|  0%| F|  |TAMS 0x000000060f400000, 0x000000060f400000| Untracked 
|   6|0x000000060f800000, 0x000000060f800000, 0x000000060fc00000|  0%| F|  |TAMS 0x000000060f800000, 0x000000060f800000| Untracked 
|   7|0x000000060fc00000, 0x000000060fc00000, 0x0000000610000000|  0%| F|  |TAMS 0x000000060fc00000, 0x000000060fc00000| Untracked 
|   8|0x0000000610000000, 0x0000000610000000, 0x0000000610400000|  0%| F|  |TAMS 0x0000000610000000, 0x0000000610000000| Untracked 
|   9|0x0000000610400000, 0x0000000610400000, 0x0000000610800000|  0%| F|  |TAMS 0x0000000610400000, 0x0000000610400000| Untracked 
|  10|0x0000000610800000, 0x0000000610800000, 0x0000000610c00000|  0%| F|  |TAMS 0x0000000610800000, 0x0000000610800000| Untracked 
|  11|0x0000000610c00000, 0x0000000610c00000, 0x0000000611000000|  0%| F|  |TAMS 0x0000000610c00000, 0x0000000610c00000| Untracked 
|  12|0x0000000611000000, 0x0000000611000000, 0x0000000611400000|  0%| F|  |TAMS 0x0000000611000000, 0x0000000611000000| Untracked 
|  13|0x0000000611400000, 0x0000000611400000, 0x0000000611800000|  0%| F|  |TAMS 0x0000000611400000, 0x0000000611400000| Untracked 
|  14|0x0000000611800000, 0x0000000611800000, 0x0000000611c00000|  0%| F|  |TAMS 0x0000000611800000, 0x0000000611800000| Untracked 
|  15|0x0000000611c00000, 0x0000000611c00000, 0x0000000612000000|  0%| F|  |TAMS 0x0000000611c00000, 0x0000000611c00000| Untracked 
|  16|0x0000000612000000, 0x0000000612000000, 0x0000000612400000|  0%| F|  |TAMS 0x0000000612000000, 0x0000000612000000| Untracked 
|  17|0x0000000612400000, 0x0000000612400000, 0x0000000612800000|  0%| F|  |TAMS 0x0000000612400000, 0x0000000612400000| Untracked 
|  18|0x0000000612800000, 0x0000000612800000, 0x0000000612c00000|  0%| F|  |TAMS 0x0000000612800000, 0x0000000612800000| Untracked 
|  19|0x0000000612c00000, 0x0000000612c00000, 0x0000000613000000|  0%| F|  |TAMS 0x0000000612c00000, 0x0000000612c00000| Untracked 
|  20|0x0000000613000000, 0x0000000613000000, 0x0000000613400000|  0%| F|  |TAMS 0x0000000613000000, 0x0000000613000000| Untracked 
|  21|0x0000000613400000, 0x0000000613400000, 0x0000000613800000|  0%| F|  |TAMS 0x0000000613400000, 0x0000000613400000| Untracked 
|  22|0x0000000613800000, 0x0000000613800000, 0x0000000613c00000|  0%| F|  |TAMS 0x0000000613800000, 0x0000000613800000| Untracked 
|  23|0x0000000613c00000, 0x0000000613c00000, 0x0000000614000000|  0%| F|  |TAMS 0x0000000613c00000, 0x0000000613c00000| Untracked 
|  24|0x0000000614000000, 0x0000000614000000, 0x0000000614400000|  0%| F|  |TAMS 0x0000000614000000, 0x0000000614000000| Untracked 
|  25|0x0000000614400000, 0x0000000614400000, 0x0000000614800000|  0%| F|  |TAMS 0x0000000614400000, 0x0000000614400000| Untracked 
|  26|0x0000000614800000, 0x0000000614800000, 0x0000000614c00000|  0%| F|  |TAMS 0x0000000614800000, 0x0000000614800000| Untracked 
|  27|0x0000000614c00000, 0x0000000614c00000, 0x0000000615000000|  0%| F|  |TAMS 0x0000000614c00000, 0x0000000614c00000| Untracked 
|  28|0x0000000615000000, 0x0000000615000000, 0x0000000615400000|  0%| F|  |TAMS 0x0000000615000000, 0x0000000615000000| Untracked 
|  29|0x0000000615400000, 0x0000000615400000, 0x0000000615800000|  0%| F|  |TAMS 0x0000000615400000, 0x0000000615400000| Untracked 
|  30|0x0000000615800000, 0x0000000615800000, 0x0000000615c00000|  0%| F|  |TAMS 0x0000000615800000, 0x0000000615800000| Untracked 
|  31|0x0000000615c00000, 0x0000000615c00000, 0x0000000616000000|  0%| F|  |TAMS 0x0000000615c00000, 0x0000000615c00000| Untracked 
|  32|0x0000000616000000, 0x0000000616000000, 0x0000000616400000|  0%| F|  |TAMS 0x0000000616000000, 0x0000000616000000| Untracked 
|  33|0x0000000616400000, 0x0000000616400000, 0x0000000616800000|  0%| F|  |TAMS 0x0000000616400000, 0x0000000616400000| Untracked 
|  34|0x0000000616800000, 0x0000000616800000, 0x0000000616c00000|  0%| F|  |TAMS 0x0000000616800000, 0x0000000616800000| Untracked 
|  35|0x0000000616c00000, 0x0000000616c00000, 0x0000000617000000|  0%| F|  |TAMS 0x0000000616c00000, 0x0000000616c00000| Untracked 
|  36|0x0000000617000000, 0x0000000617000000, 0x0000000617400000|  0%| F|  |TAMS 0x0000000617000000, 0x0000000617000000| Untracked 
|  37|0x0000000617400000, 0x0000000617400000, 0x0000000617800000|  0%| F|  |TAMS 0x0000000617400000, 0x0000000617400000| Untracked 
|  38|0x0000000617800000, 0x0000000617800000, 0x0000000617c00000|  0%| F|  |TAMS 0x0000000617800000, 0x0000000617800000| Untracked 
|  39|0x0000000617c00000, 0x0000000617c00000, 0x0000000618000000|  0%| F|  |TAMS 0x0000000617c00000, 0x0000000617c00000| Untracked 
|  40|0x0000000618000000, 0x0000000618000000, 0x0000000618400000|  0%| F|  |TAMS 0x0000000618000000, 0x0000000618000000| Untracked 
|  41|0x0000000618400000, 0x0000000618400000, 0x0000000618800000|  0%| F|  |TAMS 0x0000000618400000, 0x0000000618400000| Untracked 
|  42|0x0000000618800000, 0x0000000618800000, 0x0000000618c00000|  0%| F|  |TAMS 0x0000000618800000, 0x0000000618800000| Untracked 
|  43|0x0000000618c00000, 0x0000000618c00000, 0x0000000619000000|  0%| F|  |TAMS 0x0000000618c00000, 0x0000000618c00000| Untracked 
|  44|0x0000000619000000, 0x0000000619000000, 0x0000000619400000|  0%| F|  |TAMS 0x0000000619000000, 0x0000000619000000| Untracked 
|  45|0x0000000619400000, 0x0000000619400000, 0x0000000619800000|  0%| F|  |TAMS 0x0000000619400000, 0x0000000619400000| Untracked 
|  46|0x0000000619800000, 0x0000000619800000, 0x0000000619c00000|  0%| F|  |TAMS 0x0000000619800000, 0x0000000619800000| Untracked 
|  47|0x0000000619c00000, 0x0000000619c00000, 0x000000061a000000|  0%| F|  |TAMS 0x0000000619c00000, 0x0000000619c00000| Untracked 
|  48|0x000000061a000000, 0x000000061a000000, 0x000000061a400000|  0%| F|  |TAMS 0x000000061a000000, 0x000000061a000000| Untracked 
|  49|0x000000061a400000, 0x000000061a400000, 0x000000061a800000|  0%| F|  |TAMS 0x000000061a400000, 0x000000061a400000| Untracked 
|  50|0x000000061a800000, 0x000000061a800000, 0x000000061ac00000|  0%| F|  |TAMS 0x000000061a800000, 0x000000061a800000| Untracked 
|  51|0x000000061ac00000, 0x000000061ac00000, 0x000000061b000000|  0%| F|  |TAMS 0x000000061ac00000, 0x000000061ac00000| Untracked 
|  52|0x000000061b000000, 0x000000061b000000, 0x000000061b400000|  0%| F|  |TAMS 0x000000061b000000, 0x000000061b000000| Untracked 
|  53|0x000000061b400000, 0x000000061b400000, 0x000000061b800000|  0%| F|  |TAMS 0x000000061b400000, 0x000000061b400000| Untracked 
|  54|0x000000061b800000, 0x000000061b800000, 0x000000061bc00000|  0%| F|  |TAMS 0x000000061b800000, 0x000000061b800000| Untracked 
|  55|0x000000061bc00000, 0x000000061bc00000, 0x000000061c000000|  0%| F|  |TAMS 0x000000061bc00000, 0x000000061bc00000| Untracked 
|  56|0x000000061c000000, 0x000000061c000000, 0x000000061c400000|  0%| F|  |TAMS 0x000000061c000000, 0x000000061c000000| Untracked 
|  57|0x000000061c400000, 0x000000061c400000, 0x000000061c800000|  0%| F|  |TAMS 0x000000061c400000, 0x000000061c400000| Untracked 
|  58|0x000000061c800000, 0x000000061c800000, 0x000000061cc00000|  0%| F|  |TAMS 0x000000061c800000, 0x000000061c800000| Untracked 
|  59|0x000000061cc00000, 0x000000061cc00000, 0x000000061d000000|  0%| F|  |TAMS 0x000000061cc00000, 0x000000061cc00000| Untracked 
|  60|0x000000061d000000, 0x000000061d000000, 0x000000061d400000|  0%| F|  |TAMS 0x000000061d000000, 0x000000061d000000| Untracked 
|  61|0x000000061d400000, 0x000000061d400000, 0x000000061d800000|  0%| F|  |TAMS 0x000000061d400000, 0x000000061d400000| Untracked 
|  62|0x000000061d800000, 0x000000061d800000, 0x000000061dc00000|  0%| F|  |TAMS 0x000000061d800000, 0x000000061d800000| Untracked 
|  63|0x000000061dc00000, 0x000000061dc00000, 0x000000061e000000|  0%| F|  |TAMS 0x000000061dc00000, 0x000000061dc00000| Untracked 
|  64|0x000000061e000000, 0x000000061e000000, 0x000000061e400000|  0%| F|  |TAMS 0x000000061e000000, 0x000000061e000000| Untracked 
|  65|0x000000061e400000, 0x000000061e400000, 0x000000061e800000|  0%| F|  |TAMS 0x000000061e400000, 0x000000061e400000| Untracked 
|  66|0x000000061e800000, 0x000000061e800000, 0x000000061ec00000|  0%| F|  |TAMS 0x000000061e800000, 0x000000061e800000| Untracked 
|  67|0x000000061ec00000, 0x000000061ec00000, 0x000000061f000000|  0%| F|  |TAMS 0x000000061ec00000, 0x000000061ec00000| Untracked 
|  68|0x000000061f000000, 0x000000061f000000, 0x000000061f400000|  0%| F|  |TAMS 0x000000061f000000, 0x000000061f000000| Untracked 
|  69|0x000000061f400000, 0x000000061f400000, 0x000000061f800000|  0%| F|  |TAMS 0x000000061f400000, 0x000000061f400000| Untracked 
|  70|0x000000061f800000, 0x000000061f800000, 0x000000061fc00000|  0%| F|  |TAMS 0x000000061f800000, 0x000000061f800000| Untracked 
|  71|0x000000061fc00000, 0x000000061fc00000, 0x0000000620000000|  0%| F|  |TAMS 0x000000061fc00000, 0x000000061fc00000| Untracked 
|  72|0x0000000620000000, 0x0000000620000000, 0x0000000620400000|  0%| F|  |TAMS 0x0000000620000000, 0x0000000620000000| Untracked 
|  73|0x0000000620400000, 0x0000000620400000, 0x0000000620800000|  0%| F|  |TAMS 0x0000000620400000, 0x0000000620400000| Untracked 
|  74|0x0000000620800000, 0x0000000620800000, 0x0000000620c00000|  0%| F|  |TAMS 0x0000000620800000, 0x0000000620800000| Untracked 
|  75|0x0000000620c00000, 0x0000000620c00000, 0x0000000621000000|  0%| F|  |TAMS 0x0000000620c00000, 0x0000000620c00000| Untracked 
|  76|0x0000000621000000, 0x0000000621000000, 0x0000000621400000|  0%| F|  |TAMS 0x0000000621000000, 0x0000000621000000| Untracked 
|  77|0x0000000621400000, 0x0000000621400000, 0x0000000621800000|  0%| F|  |TAMS 0x0000000621400000, 0x0000000621400000| Untracked 
|  78|0x0000000621800000, 0x0000000621800000, 0x0000000621c00000|  0%| F|  |TAMS 0x0000000621800000, 0x0000000621800000| Untracked 
|  79|0x0000000621c00000, 0x0000000621c00000, 0x0000000622000000|  0%| F|  |TAMS 0x0000000621c00000, 0x0000000621c00000| Untracked 
|  80|0x0000000622000000, 0x0000000622000000, 0x0000000622400000|  0%| F|  |TAMS 0x0000000622000000, 0x0000000622000000| Untracked 
|  81|0x0000000622400000, 0x0000000622400000, 0x0000000622800000|  0%| F|  |TAMS 0x0000000622400000, 0x0000000622400000| Untracked 
|  82|0x0000000622800000, 0x0000000622800000, 0x0000000622c00000|  0%| F|  |TAMS 0x0000000622800000, 0x0000000622800000| Untracked 
|  83|0x0000000622c00000, 0x0000000622c00000, 0x0000000623000000|  0%| F|  |TAMS 0x0000000622c00000, 0x0000000622c00000| Untracked 
|  84|0x0000000623000000, 0x0000000623000000, 0x0000000623400000|  0%| F|  |TAMS 0x0000000623000000, 0x0000000623000000| Untracked 
|  85|0x0000000623400000, 0x0000000623400000, 0x0000000623800000|  0%| F|  |TAMS 0x0000000623400000, 0x0000000623400000| Untracked 
|  86|0x0000000623800000, 0x0000000623800000, 0x0000000623c00000|  0%| F|  |TAMS 0x0000000623800000, 0x0000000623800000| Untracked 
|  87|0x0000000623c00000, 0x0000000623c00000, 0x0000000624000000|  0%| F|  |TAMS 0x0000000623c00000, 0x0000000623c00000| Untracked 
|  88|0x0000000624000000, 0x0000000624000000, 0x0000000624400000|  0%| F|  |TAMS 0x0000000624000000, 0x0000000624000000| Untracked 
|  89|0x0000000624400000, 0x0000000624400000, 0x0000000624800000|  0%| F|  |TAMS 0x0000000624400000, 0x0000000624400000| Untracked 
|  90|0x0000000624800000, 0x0000000624800000, 0x0000000624c00000|  0%| F|  |TAMS 0x0000000624800000, 0x0000000624800000| Untracked 
|  91|0x0000000624c00000, 0x0000000624c00000, 0x0000000625000000|  0%| F|  |TAMS 0x0000000624c00000, 0x0000000624c00000| Untracked 
|  92|0x0000000625000000, 0x0000000625000000, 0x0000000625400000|  0%| F|  |TAMS 0x0000000625000000, 0x0000000625000000| Untracked 
|  93|0x0000000625400000, 0x0000000625400000, 0x0000000625800000|  0%| F|  |TAMS 0x0000000625400000, 0x0000000625400000| Untracked 
|  94|0x0000000625800000, 0x0000000625800000, 0x0000000625c00000|  0%| F|  |TAMS 0x0000000625800000, 0x0000000625800000| Untracked 
|  95|0x0000000625c00000, 0x0000000625c00000, 0x0000000626000000|  0%| F|  |TAMS 0x0000000625c00000, 0x0000000625c00000| Untracked 
|  96|0x0000000626000000, 0x0000000626000000, 0x0000000626400000|  0%| F|  |TAMS 0x0000000626000000, 0x0000000626000000| Untracked 
|  97|0x0000000626400000, 0x0000000626400000, 0x0000000626800000|  0%| F|  |TAMS 0x0000000626400000, 0x0000000626400000| Untracked 
|  98|0x0000000626800000, 0x0000000626800000, 0x0000000626c00000|  0%| F|  |TAMS 0x0000000626800000, 0x0000000626800000| Untracked 
|  99|0x0000000626c00000, 0x0000000626c00000, 0x0000000627000000|  0%| F|  |TAMS 0x0000000626c00000, 0x0000000626c00000| Untracked 
| 100|0x0000000627000000, 0x0000000627000000, 0x0000000627400000|  0%| F|  |TAMS 0x0000000627000000, 0x0000000627000000| Untracked 
| 101|0x0000000627400000, 0x0000000627400000, 0x0000000627800000|  0%| F|  |TAMS 0x0000000627400000, 0x0000000627400000| Untracked 
| 102|0x0000000627800000, 0x0000000627800000, 0x0000000627c00000|  0%| F|  |TAMS 0x0000000627800000, 0x0000000627800000| Untracked 
| 103|0x0000000627c00000, 0x0000000627c00000, 0x0000000628000000|  0%| F|  |TAMS 0x0000000627c00000, 0x0000000627c00000| Untracked 
| 104|0x0000000628000000, 0x0000000628000000, 0x0000000628400000|  0%| F|  |TAMS 0x0000000628000000, 0x0000000628000000| Untracked 
| 105|0x0000000628400000, 0x0000000628400000, 0x0000000628800000|  0%| F|  |TAMS 0x0000000628400000, 0x0000000628400000| Untracked 
| 106|0x0000000628800000, 0x0000000628800000, 0x0000000628c00000|  0%| F|  |TAMS 0x0000000628800000, 0x0000000628800000| Untracked 
| 107|0x0000000628c00000, 0x0000000628c00000, 0x0000000629000000|  0%| F|  |TAMS 0x0000000628c00000, 0x0000000628c00000| Untracked 
| 108|0x0000000629000000, 0x0000000629000000, 0x0000000629400000|  0%| F|  |TAMS 0x0000000629000000, 0x0000000629000000| Untracked 
| 109|0x0000000629400000, 0x0000000629400000, 0x0000000629800000|  0%| F|  |TAMS 0x0000000629400000, 0x0000000629400000| Untracked 
| 110|0x0000000629800000, 0x0000000629800000, 0x0000000629c00000|  0%| F|  |TAMS 0x0000000629800000, 0x0000000629800000| Untracked 
| 111|0x0000000629c00000, 0x0000000629c00000, 0x000000062a000000|  0%| F|  |TAMS 0x0000000629c00000, 0x0000000629c00000| Untracked 
| 112|0x000000062a000000, 0x000000062a000000, 0x000000062a400000|  0%| F|  |TAMS 0x000000062a000000, 0x000000062a000000| Untracked 
| 113|0x000000062a400000, 0x000000062a400000, 0x000000062a800000|  0%| F|  |TAMS 0x000000062a400000, 0x000000062a400000| Untracked 
| 114|0x000000062a800000, 0x000000062a800000, 0x000000062ac00000|  0%| F|  |TAMS 0x000000062a800000, 0x000000062a800000| Untracked 
| 115|0x000000062ac00000, 0x000000062ac00000, 0x000000062b000000|  0%| F|  |TAMS 0x000000062ac00000, 0x000000062ac00000| Untracked 
| 116|0x000000062b000000, 0x000000062b166540, 0x000000062b400000| 34%| E|  |TAMS 0x000000062b000000, 0x000000062b000000| Complete 
| 117|0x000000062b400000, 0x000000062b800000, 0x000000062b800000|100%| S|CS|TAMS 0x000000062b400000, 0x000000062b400000| Complete 
| 118|0x000000062b800000, 0x000000062bc00000, 0x000000062bc00000|100%| E|CS|TAMS 0x000000062b800000, 0x000000062b800000| Complete 
| 119|0x000000062bc00000, 0x000000062c000000, 0x000000062c000000|100%| E|CS|TAMS 0x000000062bc00000, 0x000000062bc00000| Complete 
| 120|0x000000062c000000, 0x000000062c400000, 0x000000062c400000|100%| E|CS|TAMS 0x000000062c000000, 0x000000062c000000| Complete 
| 121|0x000000062c400000, 0x000000062c800000, 0x000000062c800000|100%| E|CS|TAMS 0x000000062c400000, 0x000000062c400000| Complete 
| 122|0x000000062c800000, 0x000000062cc00000, 0x000000062cc00000|100%| E|CS|TAMS 0x000000062c800000, 0x000000062c800000| Complete 
| 123|0x000000062cc00000, 0x000000062d000000, 0x000000062d000000|100%| E|CS|TAMS 0x000000062cc00000, 0x000000062cc00000| Complete 
| 124|0x000000062d000000, 0x000000062d400000, 0x000000062d400000|100%| E|CS|TAMS 0x000000062d000000, 0x000000062d000000| Complete 

Card table byte_map: [0x0000022bd9cc0000,0x0000022bdac50000] _byte_map_base: 0x0000022bd6c50000

Marking Bits (Prev, Next): (CMBitMap*) 0x0000022bc1c91810, (CMBitMap*) 0x0000022bc1c91850
 Prev Bits: [0x0000022bdbbe0000, 0x0000022be3860000)
 Next Bits: [0x0000022be3860000, 0x0000022beb4e0000)

Polling page: 0x0000022bbfaa0000

Metaspace:

Usage:
  Non-class:     15.23 MB used.
      Class:      1.83 MB used.
       Both:     17.06 MB used.

Virtual space:
  Non-class space:       64.00 MB reserved,      15.38 MB ( 24%) committed,  1 nodes.
      Class space:        1.00 GB reserved,       2.00 MB ( <1%) committed,  1 nodes.
             Both:        1.06 GB reserved,      17.38 MB (  2%) committed. 

Chunk freelists:
   Non-Class:  208.00 KB
       Class:  13.99 MB
        Both:  14.20 MB

MaxMetaspaceSize: unlimited
CompressedClassSpaceSize: 1.00 GB
Initial GC threshold: 21.00 MB
Current GC threshold: 21.00 MB
CDS: on
MetaspaceReclaimPolicy: balanced
 - commit_granule_bytes: 65536.
 - commit_granule_words: 8192.
 - virtual_space_node_default_size: 8388608.
 - enlarge_chunks_in_place: 1.
 - new_chunks_are_fully_committed: 0.
 - uncommit_free_chunks: 1.
 - use_allocation_guard: 0.
 - handle_deallocations: 1.


Internal statistics:

num_allocs_failed_limit: 0.
num_arena_births: 214.
num_arena_deaths: 0.
num_vsnodes_births: 2.
num_vsnodes_deaths: 0.
num_space_committed: 278.
num_space_uncommitted: 0.
num_chunks_returned_to_freelist: 0.
num_chunks_taken_from_freelist: 427.
num_chunk_merges: 0.
num_chunk_splits: 254.
num_chunks_enlarged: 133.
num_inconsistent_stats: 0.

CodeHeap 'non-profiled nmethods': size=119168Kb used=2069Kb max_used=2069Kb free=117098Kb
 bounds [0x0000022bd1050000, 0x0000022bd12c0000, 0x0000022bd84b0000]
CodeHeap 'profiled nmethods': size=119104Kb used=7685Kb max_used=7685Kb free=111418Kb
 bounds [0x0000022bc94b0000, 0x0000022bc9c40000, 0x0000022bd0900000]
CodeHeap 'non-nmethods': size=7488Kb used=1432Kb max_used=3061Kb free=6055Kb
 bounds [0x0000022bd0900000, 0x0000022bd0c80000, 0x0000022bd1050000]
 total_blobs=4590 nmethods=3800 adapters=700
 compilation: enabled
              stopped_count=0, restarted_count=0
 full_count=0

Compilation events (20 events):
Event: 174.751 Thread 0x0000022bed8f8790 3791   !   3       java.awt.Component::getLocationOnScreen (19 bytes)
Event: 174.751 Thread 0x0000022bed8f8790 nmethod 3791 0x0000022bc9c2f390 code [0x0000022bc9c2f540, 0x0000022bc9c2f7c8]
Event: 174.752 Thread 0x0000022bed8f8790 3793       1       sun.awt.Win32GraphicsDevice::isValid (5 bytes)
Event: 174.752 Thread 0x0000022bed8f8790 nmethod 3793 0x0000022bd1254a90 code [0x0000022bd1254c20, 0x0000022bd1254cf8]
Event: 174.807 Thread 0x0000022bed8e2270 3794       4       java.awt.GraphicsEnvironment::isHeadless (4 bytes)
Event: 174.808 Thread 0x0000022bed8e2270 nmethod 3794 0x0000022bd1254d90 code [0x0000022bd1254f00, 0x0000022bd1254f78]
Event: 175.264 Thread 0x0000022bed8f8790 3795       1       java.awt.image.ColorModel::getPixelSize (5 bytes)
Event: 175.264 Thread 0x0000022bed8f8790 nmethod 3795 0x0000022bd1255090 code [0x0000022bd1255220, 0x0000022bd12552f8]
Event: 175.409 Thread 0x0000022bed8f8790 3796       3       java.lang.System::checkKey (34 bytes)
Event: 175.409 Thread 0x0000022bed8f8790 nmethod 3796 0x0000022bc9c2f910 code [0x0000022bc9c2fae0, 0x0000022bc9c2fe98]
Event: 175.409 Thread 0x0000022bed8f8790 3797       3       sun.awt.windows.WComponentPeer::getBounds (11 bytes)
Event: 175.410 Thread 0x0000022bed8f8790 nmethod 3797 0x0000022bc9c30010 code [0x0000022bc9c301c0, 0x0000022bc9c30568]
Event: 176.254 Thread 0x0000022bed8f8790 3798       1       java.util.concurrent.CopyOnWriteArrayList::getArray (5 bytes)
Event: 176.254 Thread 0x0000022bed8f8790 nmethod 3798 0x0000022bd1255390 code [0x0000022bd1255520, 0x0000022bd12555f8]
Event: 176.254 Thread 0x0000022bed8f8790 3799       3       java.util.concurrent.ConcurrentHashMap::values (25 bytes)
Event: 176.254 Thread 0x0000022bed8f8790 nmethod 3799 0x0000022bc9c30690 code [0x0000022bc9c30840, 0x0000022bc9c30bf8]
Event: 176.254 Thread 0x0000022bed8f8790 3800       3       java.util.concurrent.ConcurrentHashMap$ValuesView::iterator (34 bytes)
Event: 176.254 Thread 0x0000022bed8f8790 nmethod 3800 0x0000022bc9c30d10 code [0x0000022bc9c30ec0, 0x0000022bc9c31108]
Event: 176.254 Thread 0x0000022bed8f8790 3801       3       java.util.concurrent.ConcurrentHashMap$ValueIterator::<init> (12 bytes)
Event: 176.254 Thread 0x0000022bed8f8790 nmethod 3801 0x0000022bc9c31210 code [0x0000022bc9c313a0, 0x0000022bc9c314e8]

GC Heap History (4 events):
Event: 77.238 GC heap before
{Heap before GC invocations=0 (full 0):
 garbage-first heap   total 512000K, used 24576K [0x000000060e000000, 0x0000000800000000)
  region size 4096K, 6 young (24576K), 0 survivors (0K)
 Metaspace       used 12978K, committed 13184K, reserved 1114112K
  class space    used 1453K, committed 1536K, reserved 1048576K
}
Event: 77.240 GC heap after
{Heap after GC invocations=1 (full 0):
 garbage-first heap   total 512000K, used 4041K [0x000000060e000000, 0x0000000800000000)
  region size 4096K, 1 young (4096K), 1 survivors (4096K)
 Metaspace       used 12978K, committed 13184K, reserved 1114112K
  class space    used 1453K, committed 1536K, reserved 1048576K
}
Event: 94.791 GC heap before
{Heap before GC invocations=1 (full 0):
 garbage-first heap   total 512000K, used 28617K [0x000000060e000000, 0x0000000800000000)
  region size 4096K, 7 young (28672K), 1 survivors (4096K)
 Metaspace       used 16583K, committed 16896K, reserved 1114112K
  class space    used 1785K, committed 1920K, reserved 1048576K
}
Event: 94.793 GC heap after
{Heap after GC invocations=2 (full 0):
 garbage-first heap   total 512000K, used 9464K [0x000000060e000000, 0x0000000800000000)
  region size 4096K, 1 young (4096K), 1 survivors (4096K)
 Metaspace       used 16583K, committed 16896K, reserved 1114112K
  class space    used 1785K, committed 1920K, reserved 1048576K
}

Deoptimization events (20 events):
Event: 166.118 Thread 0x0000022c34049560 DEOPT PACKING pc=0x0000022bc9b147e3 sp=0x0000004c9e8fd300
Event: 166.118 Thread 0x0000022c34049560 DEOPT UNPACKING pc=0x0000022bd09566e3 sp=0x0000004c9e8fc6e0 mode 0
Event: 166.119 Thread 0x0000022c34049560 DEOPT PACKING pc=0x0000022bc9b14407 sp=0x0000004c9e8fd320
Event: 166.119 Thread 0x0000022c34049560 DEOPT UNPACKING pc=0x0000022bd09566e3 sp=0x0000004c9e8fc700 mode 0
Event: 166.119 Thread 0x0000022c34049560 DEOPT PACKING pc=0x0000022bc9b14407 sp=0x0000004c9e8fd320
Event: 166.119 Thread 0x0000022c34049560 DEOPT UNPACKING pc=0x0000022bd09566e3 sp=0x0000004c9e8fc700 mode 0
Event: 166.397 Thread 0x0000022c34049560 DEOPT PACKING pc=0x0000022bc9b147e3 sp=0x0000004c9e8fd300
Event: 166.397 Thread 0x0000022c34049560 DEOPT UNPACKING pc=0x0000022bd09566e3 sp=0x0000004c9e8fc6e0 mode 0
Event: 166.398 Thread 0x0000022c34049560 DEOPT PACKING pc=0x0000022bc9b147e3 sp=0x0000004c9e8fd3a0
Event: 166.398 Thread 0x0000022c34049560 DEOPT UNPACKING pc=0x0000022bd09566e3 sp=0x0000004c9e8fc780 mode 0
Event: 166.398 Thread 0x0000022c34049560 DEOPT PACKING pc=0x0000022bc9b147e3 sp=0x0000004c9e8fd320
Event: 166.398 Thread 0x0000022c34049560 DEOPT UNPACKING pc=0x0000022bd09566e3 sp=0x0000004c9e8fc700 mode 0
Event: 167.332 Thread 0x0000022c34049560 Uncommon trap: trap_request=0xffffff6e fr.pc=0x0000022bd12436d0 relative=0x0000000000003410
Event: 167.332 Thread 0x0000022c34049560 Uncommon trap: reason=loop_limit_check action=maybe_recompile pc=0x0000022bd12436d0 method=sun.java2d.marlin.Renderer._endRendering(II)V @ 1113 c2
Event: 167.332 Thread 0x0000022c34049560 DEOPT PACKING pc=0x0000022bd12436d0 sp=0x0000004c9e8fd4b0
Event: 167.332 Thread 0x0000022c34049560 DEOPT UNPACKING pc=0x0000022bd0955ba3 sp=0x0000004c9e8fd288 mode 2
Event: 170.566 Thread 0x0000022c34049560 Uncommon trap: trap_request=0xffffffcc fr.pc=0x0000022bd124fbf8 relative=0x0000000000000358
Event: 170.566 Thread 0x0000022c34049560 Uncommon trap: reason=intrinsic_or_type_checked_inlining action=make_not_entrant pc=0x0000022bd124fbf8 method=java.util.ArrayList.toArray([Ljava/lang/Object;)[Ljava/lang/Object; @ 36 c2
Event: 170.566 Thread 0x0000022c34049560 DEOPT PACKING pc=0x0000022bd124fbf8 sp=0x0000004c9e8fe100
Event: 170.566 Thread 0x0000022c34049560 DEOPT UNPACKING pc=0x0000022bd0955ba3 sp=0x0000004c9e8fe0d0 mode 2

Classes unloaded (0 events):
No events

Classes redefined (0 events):
No events

Internal exceptions (20 events):
Event: 0.269 Thread 0x0000022c34049560 Exception <a 'sun/nio/fs/WindowsException'{0x000000062ceeea38}> (0x000000062ceeea38) 
thrown [s\open\src\hotspot\share\prims\jni.cpp, line 516]
Event: 0.269 Thread 0x0000022c34049560 Exception <a 'sun/nio/fs/WindowsException'{0x000000062ceeed08}> (0x000000062ceeed08) 
thrown [s\open\src\hotspot\share\prims\jni.cpp, line 516]
Event: 0.269 Thread 0x0000022c34049560 Exception <a 'sun/nio/fs/WindowsException'{0x000000062cef4758}> (0x000000062cef4758) 
thrown [s\open\src\hotspot\share\prims\jni.cpp, line 516]
Event: 0.269 Thread 0x0000022c34049560 Exception <a 'sun/nio/fs/WindowsException'{0x000000062cef4a58}> (0x000000062cef4a58) 
thrown [s\open\src\hotspot\share\prims\jni.cpp, line 516]
Event: 0.275 Thread 0x0000022c34049560 Exception <a 'java/lang/NoSuchMethodError'{0x000000062cf18400}: 'void java.lang.invoke.DirectMethodHandle$Holder.invokeStatic(java.lang.Object, java.lang.Object)'> (0x000000062cf18400) 
thrown [s\open\src\hotspot\share\interpreter\linkResolver.cpp, line 759]
Event: 0.280 Thread 0x0000022c34055e70 Exception <a 'java/lang/NoSuchMethodError'{0x000000062d36bef8}: 'void java.lang.invoke.DirectMethodHandle$Holder.invokeVirtual(java.lang.Object, java.lang.Object)'> (0x000000062d36bef8) 
thrown [s\open\src\hotspot\share\interpreter\linkResolver.cpp, line 759]
Event: 0.287 Thread 0x0000022c34049560 Exception <a 'java/lang/NoSuchMethodError'{0x000000062cf44ba8}: 'void java.lang.invoke.DirectMethodHandle$Holder.invokeStaticInit(java.lang.Object)'> (0x000000062cf44ba8) 
thrown [s\open\src\hotspot\share\interpreter\linkResolver.cpp, line 759]
Event: 9.071 Thread 0x0000022c345aa070 Exception <a 'java/lang/NoSuchMethodError'{0x000000062c97da68}: 'java.lang.Object java.lang.invoke.DirectMethodHandle$Holder.newInvokeSpecial(java.lang.Object, java.lang.Object, java.lang.Object, int, int, int, int, int)'> (0x000000062c97da68) 
thrown [s\open\src\hotspot\share\interpreter\linkResolver.cpp, line 759]
Event: 9.088 Thread 0x0000022c34049560 Exception <a 'java/lang/NoSuchMethodError'{0x000000062c8e7790}: 'int java.lang.invoke.DirectMethodHandle$Holder.invokeStatic(java.lang.Object)'> (0x000000062c8e7790) 
thrown [s\open\src\hotspot\share\interpreter\linkResolver.cpp, line 759]
Event: 30.211 Thread 0x0000022c34049560 Exception <a 'java/lang/NoSuchMethodError'{0x000000062c5f8ec0}: 'java.lang.Object java.lang.invoke.Invokers$Holder.invokeExact_MT(java.lang.Object, java.lang.Object, java.lang.Object, java.lang.Object, java.lang.Object, java.lang.Object)'> (0x000000062c5f8ec0) 
thrown [s\open\src\hotspot\share\interpreter\linkResolver.cpp, line 759]
Event: 72.742 Thread 0x0000022c34049560 Exception <a 'java/lang/NoSuchMethodError'{0x000000062bc50430}: 'int java.lang.invoke.DirectMethodHandle$Holder.invokeSpecial(java.lang.Object, java.lang.Object, java.lang.Object, java.lang.Object)'> (0x000000062bc50430) 
thrown [s\open\src\hotspot\share\interpreter\linkResolver.cpp, line 759]
Event: 72.743 Thread 0x0000022c34049560 Exception <a 'sun/nio/fs/WindowsException'{0x000000062bc576c8}> (0x000000062bc576c8) 
thrown [s\open\src\hotspot\share\prims\jni.cpp, line 516]
Event: 72.747 Thread 0x0000022c34049560 Exception <a 'java/lang/NoSuchMethodError'{0x000000062bd043f8}: 'java.lang.Object java.lang.invoke.DirectMethodHandle$Holder.invokeSpecial(java.lang.Object, java.lang.Object, double, java.lang.Object)'> (0x000000062bd043f8) 
thrown [s\open\src\hotspot\share\interpreter\linkResolver.cpp, line 759]
Event: 90.330 Thread 0x0000022c34049560 Exception <a 'java/lang/NoSuchMethodError'{0x000000062c443398}: 'java.lang.Object java.lang.invoke.DirectMethodHandle$Holder.invokeInterface(java.lang.Object, java.lang.Object)'> (0x000000062c443398) 
thrown [s\open\src\hotspot\share\interpreter\linkResolver.cpp, line 759]
Event: 90.334 Thread 0x0000022c34049560 Exception <a 'java/lang/NoSuchMethodError'{0x000000062c46f698}: 'double java.lang.invoke.DirectMethodHandle$Holder.invokeVirtual(java.lang.Object, java.lang.Object)'> (0x000000062c46f698) 
thrown [s\open\src\hotspot\share\interpreter\linkResolver.cpp, line 759]
Event: 90.383 Thread 0x0000022c34049560 Exception <a 'java/lang/NoSuchMethodError'{0x000000062c1a1ae0}: 'void java.lang.invoke.DirectMethodHandle$Holder.invokeStatic(java.lang.Object, java.lang.Object, java.lang.Object)'> (0x000000062c1a1ae0) 
thrown [s\open\src\hotspot\share\interpreter\linkResolver.cpp, line 759]
Event: 90.383 Thread 0x0000022c34049560 Exception <a 'java/lang/NoSuchMethodError'{0x000000062c1b69c8}: 'java.lang.Object java.lang.invoke.DirectMethodHandle$Holder.invokeSpecial(java.lang.Object, java.lang.Object, java.lang.Object, double)'> (0x000000062c1b69c8) 
thrown [s\open\src\hotspot\share\interpreter\linkResolver.cpp, line 759]
Event: 90.384 Thread 0x0000022c34049560 Exception <a 'java/lang/NoSuchMethodError'{0x000000062c1ba490}: 'java.lang.Object java.lang.invoke.Invokers$Holder.linkToTargetMethod(java.lang.Object, double, java.lang.Object)'> (0x000000062c1ba490) 
thrown [s\open\src\hotspot\share\interpreter\linkResolver.cpp, line 759]
Event: 112.364 Thread 0x0000022c34049560 Exception <a 'sun/nio/fs/WindowsException'{0x000000062ccfed78}> (0x000000062ccfed78) 
thrown [s\open\src\hotspot\share\prims\jni.cpp, line 516]
Event: 135.829 Thread 0x0000022c34049560 Implicit null exception at 0x0000022bd11955a5 to 0x0000022bd119a080

VM Operations (20 events):
Event: 166.480 Executing VM operation: Cleanup done
Event: 167.481 Executing VM operation: Cleanup
Event: 167.481 Executing VM operation: Cleanup done
Event: 168.483 Executing VM operation: Cleanup
Event: 168.483 Executing VM operation: Cleanup done
Event: 169.494 Executing VM operation: Cleanup
Event: 169.494 Executing VM operation: Cleanup done
Event: 170.509 Executing VM operation: Cleanup
Event: 170.509 Executing VM operation: Cleanup done
Event: 171.523 Executing VM operation: Cleanup
Event: 171.523 Executing VM operation: Cleanup done
Event: 172.534 Executing VM operation: Cleanup
Event: 172.534 Executing VM operation: Cleanup done
Event: 174.555 Executing VM operation: Cleanup
Event: 174.555 Executing VM operation: Cleanup done
Event: 175.568 Executing VM operation: Cleanup
Event: 175.568 Executing VM operation: Cleanup done
Event: 176.140 Executing VM operation: HandshakeAllThreads
Event: 176.140 Executing VM operation: HandshakeAllThreads done
Event: 176.364 Executing VM operation: Exit

Events (20 events):
Event: 112.314 loading class sun/awt/image/ByteComponentRaster done
Event: 112.314 loading class sun/awt/image/ByteInterleavedRaster done
Event: 112.382 Thread 0x0000022c3d00b990 Thread added: 0x0000022c3d00b990
Event: 113.517 Thread 0x0000022c3d00b990 Thread exited: 0x0000022c3d00b990
Event: 123.845 Thread 0x0000022c3d00b990 Thread added: 0x0000022c3d00b990
Event: 123.845 Thread 0x0000022c3c1d92f0 Thread added: 0x0000022c3c1d92f0
Event: 125.292 Thread 0x0000022c3c1d92f0 Thread exited: 0x0000022c3c1d92f0
Event: 127.128 Thread 0x0000022c3d00b990 Thread exited: 0x0000022c3d00b990
Event: 166.117 Thread 0x0000022c3d643a40 Thread added: 0x0000022c3d643a40
Event: 166.397 Thread 0x0000022c3baf7010 Thread added: 0x0000022c3baf7010
Event: 167.331 Thread 0x0000022c3baf7010 Thread exited: 0x0000022c3baf7010
Event: 168.656 Thread 0x0000022c3d643a40 Thread exited: 0x0000022c3d643a40
Event: 176.253 Thread 0x0000022c3c02bf60 Thread added: 0x0000022c3c02bf60
Event: 176.253 Thread 0x0000022c3c02b030 Thread added: 0x0000022c3c02b030
Event: 176.253 Thread 0x0000022c3c028cc0 Thread added: 0x0000022c3c028cc0
Event: 176.254 Thread 0x0000022c3c02b030 Thread exited: 0x0000022c3c02b030
Event: 176.254 Thread 0x0000022c3c02bf60 Thread exited: 0x0000022c3c02bf60
Event: 176.254 Thread 0x0000022c345ab4b0 Thread exited: 0x0000022c345ab4b0
Event: 176.279 Thread 0x0000022c34055e70 Thread exited: 0x0000022c34055e70
Event: 176.364 Thread 0x0000022c3c028cc0 Thread exited: 0x0000022c3c028cc0


Dynamic libraries:
0x00007ff732800000 - 0x00007ff732810000 	C:\Program Files\Java\jdk-17\bin\java.exe
0x00007ffa6c020000 - 0x00007ffa6c287000 	C:\WINDOWS\SYSTEM32\ntdll.dll
0x00007ffa6af90000 - 0x00007ffa6b059000 	C:\WINDOWS\System32\KERNEL32.DLL
0x00007ffa68b00000 - 0x00007ffa68ef7000 	C:\WINDOWS\System32\KERNELBASE.dll
0x00007ffa69c50000 - 0x00007ffa69d9b000 	C:\WINDOWS\System32\ucrtbase.dll
0x00007ffa5b9f0000 - 0x00007ffa5ba0b000 	C:\Program Files\Java\jdk-17\bin\VCRUNTIME140.dll
0x00007ffa4d9e0000 - 0x00007ffa4d9f9000 	C:\Program Files\Java\jdk-17\bin\jli.dll
0x00007ffa6b110000 - 0x00007ffa6b1c6000 	C:\WINDOWS\System32\ADVAPI32.dll
0x00007ffa6b060000 - 0x00007ffa6b109000 	C:\WINDOWS\System32\msvcrt.dll
0x00007ffa6b260000 - 0x00007ffa6b307000 	C:\WINDOWS\System32\sechost.dll
0x00007ffa69ec0000 - 0x00007ffa69fd8000 	C:\WINDOWS\System32\RPCRT4.dll
0x00007ffa6ab60000 - 0x00007ffa6ad26000 	C:\WINDOWS\System32\USER32.dll
0x00007ffa69230000 - 0x00007ffa69257000 	C:\WINDOWS\System32\win32u.dll
0x00007ffa6a5b0000 - 0x00007ffa6a5db000 	C:\WINDOWS\System32\GDI32.dll
0x00007ffa4a750000 - 0x00007ffa4a9e2000 	C:\WINDOWS\WinSxS\amd64_microsoft.windows.common-controls_6595b64144ccf1df_6.0.26100.8457_none_3e0b2faee331e92d\COMCTL32.dll
0x00007ffa69100000 - 0x00007ffa6922c000 	C:\WINDOWS\System32\gdi32full.dll
0x00007ffa68a50000 - 0x00007ffa68af3000 	C:\WINDOWS\System32\msvcp_win.dll
0x00007ffa61960000 - 0x00007ffa6196b000 	C:\WINDOWS\SYSTEM32\VERSION.dll
0x00007ffa6a2d0000 - 0x00007ffa6a302000 	C:\WINDOWS\System32\IMM32.DLL
0x00007ffa64200000 - 0x00007ffa6420c000 	C:\Program Files\Java\jdk-17\bin\vcruntime140_1.dll
0x00007ffa3eb70000 - 0x00007ffa3ebfe000 	C:\Program Files\Java\jdk-17\bin\msvcp140.dll
0x00007ff950850000 - 0x00007ff951431000 	C:\Program Files\Java\jdk-17\bin\server\jvm.dll
0x00007ffa69eb0000 - 0x00007ffa69eb8000 	C:\WINDOWS\System32\PSAPI.DLL
0x00007ffa48a80000 - 0x00007ffa48a8a000 	C:\WINDOWS\SYSTEM32\WSOCK32.dll
0x00007ffa59ed0000 - 0x00007ffa59f06000 	C:\WINDOWS\SYSTEM32\WINMM.dll
0x00007ffa6a4b0000 - 0x00007ffa6a530000 	C:\WINDOWS\System32\WS2_32.dll
0x00007ffa67700000 - 0x00007ffa6771b000 	C:\WINDOWS\SYSTEM32\kernel.appcore.dll
0x00007ffa5bb30000 - 0x00007ffa5bb3a000 	C:\Program Files\Java\jdk-17\bin\jimage.dll
0x00007ffa5a640000 - 0x00007ffa5a882000 	C:\WINDOWS\SYSTEM32\DBGHELP.DLL
0x00007ffa6b4d0000 - 0x00007ffa6b853000 	C:\WINDOWS\System32\combase.dll
0x00007ffa6a5f0000 - 0x00007ffa6a6c9000 	C:\WINDOWS\System32\OLEAUT32.dll
0x00007ffa3f7d0000 - 0x00007ffa3f80b000 	C:\WINDOWS\SYSTEM32\dbgcore.DLL
0x00007ffa68f00000 - 0x00007ffa68fa8000 	C:\WINDOWS\System32\bcryptPrimitives.dll
0x00007ffa48af0000 - 0x00007ffa48b15000 	C:\Program Files\Java\jdk-17\bin\java.dll
0x00007ffa3bf90000 - 0x00007ffa3c067000 	C:\Program Files\Java\jdk-17\bin\jsvml.dll
0x00007ffa6b860000 - 0x00007ffa6bfce000 	C:\WINDOWS\System32\SHELL32.dll
0x00007ffa693e0000 - 0x00007ffa69c4c000 	C:\WINDOWS\System32\windows.storage.dll
0x00007ffa6ad30000 - 0x00007ffa6ae26000 	C:\WINDOWS\System32\SHCORE.dll
0x00007ffa6a540000 - 0x00007ffa6a5a6000 	C:\WINDOWS\System32\shlwapi.dll
0x00007ffa68970000 - 0x00007ffa68999000 	C:\WINDOWS\SYSTEM32\profapi.dll
0x00007ffa440b0000 - 0x00007ffa440c9000 	C:\Program Files\Java\jdk-17\bin\net.dll
0x00007ffa613e0000 - 0x00007ffa61509000 	C:\WINDOWS\SYSTEM32\WINHTTP.dll
0x00007ffa67cf0000 - 0x00007ffa67d5c000 	C:\WINDOWS\system32\mswsock.dll
0x00007ffa43f80000 - 0x00007ffa43f96000 	C:\Program Files\Java\jdk-17\bin\nio.dll
0x00007ffa43dd0000 - 0x00007ffa43de8000 	C:\Program Files\Java\jdk-17\bin\zip.dll
0x00007ff9ac040000 - 0x00007ff9ac1d1000 	C:\Program Files\Java\jdk-17\bin\awt.dll
0x00007ffa66410000 - 0x00007ffa664b0000 	C:\WINDOWS\SYSTEM32\apphelp.dll
0x00007ffa66530000 - 0x00007ffa665da000 	C:\WINDOWS\system32\uxtheme.dll
0x00007ffa6b310000 - 0x00007ffa6b46c000 	C:\WINDOWS\System32\MSCTF.dll
0x00007ffa6a310000 - 0x00007ffa6a4a7000 	C:\WINDOWS\System32\ole32.dll
0x00007ffa667d0000 - 0x00007ffa667ff000 	C:\WINDOWS\system32\DWMAPI.DLL
0x00007ff9dc670000 - 0x00007ff9dc77f000 	C:\WINDOWS\system32\opengl32.dll
0x00007ff9dc640000 - 0x00007ff9dc66d000 	C:\WINDOWS\SYSTEM32\GLU32.dll
0x00007ffa66610000 - 0x00007ffa66655000 	C:\WINDOWS\SYSTEM32\dxcore.dll
0x00007ffa68150000 - 0x00007ffa68163000 	C:\WINDOWS\SYSTEM32\msasn1.dll
0x00007ffa61510000 - 0x00007ffa6154b000 	C:\WINDOWS\SYSTEM32\cryptnet.dll
0x00007ffa69260000 - 0x00007ffa693d8000 	C:\WINDOWS\System32\CRYPT32.dll
0x00007ffa67f50000 - 0x00007ffa67f5c000 	C:\WINDOWS\SYSTEM32\cryptbase.dll
0x00007ffa67ff0000 - 0x00007ffa6805a000 	C:\WINDOWS\SYSTEM32\wldp.dll
0x00007ffa61260000 - 0x00007ffa613d8000 	C:\WINDOWS\SYSTEM32\drvstore.dll
0x00007ffa68660000 - 0x00007ffa6868d000 	C:\WINDOWS\SYSTEM32\devobj.dll
0x00007ffa68600000 - 0x00007ffa68651000 	C:\WINDOWS\SYSTEM32\cfgmgr32.dll
0x00007ffa68fb0000 - 0x00007ffa69032000 	C:\WINDOWS\System32\wintrust.dll
0x00007ffa69ff0000 - 0x00007ffa6a010000 	C:\WINDOWS\System32\imagehlp.dll
0x00007ffa680f0000 - 0x00007ffa6810b000 	C:\WINDOWS\SYSTEM32\CRYPTSP.dll
0x00007ffa67720000 - 0x00007ffa67759000 	C:\WINDOWS\system32\rsaenh.dll
0x00007ffa68940000 - 0x00007ffa6896a000 	C:\WINDOWS\SYSTEM32\bcrypt.dll
0x00007ff9aaf70000 - 0x00007ff9ab0b7000 	C:\WINDOWS\system32\nvspcap64.dll
0x00007ffa678c0000 - 0x00007ffa678f6000 	C:\WINDOWS\SYSTEM32\ntmarta.dll
0x00007ffa67d60000 - 0x00007ffa67d8f000 	C:\WINDOWS\SYSTEM32\gpapi.dll
0x00007ffa2de60000 - 0x00007ffa2e017000 	C:\WINDOWS\System32\DriverStore\FileRepository\nv_dispig.inf_amd64_f4c7a2fd13e0f763\nvppex.dll
0x00007ffa3d350000 - 0x00007ffa3d3d7000 	C:\Program Files\Java\jdk-17\bin\freetype.dll
0x00007ffa37790000 - 0x00007ffa37871000 	C:\Program Files\Java\jdk-17\bin\fontmanager.dll
0x00007ffa6ae30000 - 0x00007ffa6aede000 	C:\WINDOWS\System32\clbcatq.dll
0x00007ffa64720000 - 0x00007ffa6494d000 	C:\WINDOWS\SYSTEM32\WindowsCodecs.dll
0x00007ffa2e9d0000 - 0x00007ffa2ea2a000 	C:\WINDOWS\system32\dataexchange.dll
0x00007ffa59a00000 - 0x00007ffa59c4e000 	C:\WINDOWS\system32\twinapi.appcore.dll
0x00007ffa4a540000 - 0x00007ffa4a686000 	C:\WINDOWS\SYSTEM32\textinputframework.dll
0x00007ffa66030000 - 0x00007ffa66157000 	C:\WINDOWS\SYSTEM32\CoreMessaging.dll
0x00007ffa62050000 - 0x00007ffa62332000 	C:\WINDOWS\SYSTEM32\CoreUIComponents.dll
0x00007ffa630e0000 - 0x00007ffa6324a000 	C:\WINDOWS\SYSTEM32\wintypes.dll
0x00007ffa4d8c0000 - 0x00007ffa4d8f1000 	C:\Windows\System32\dpuareu_jni.dll
0x00007ffa42f20000 - 0x00007ffa42f86000 	C:\WINDOWS\SYSTEM32\dpfj.dll
0x00007ffa3cf70000 - 0x00007ffa3cfb2000 	C:\WINDOWS\SYSTEM32\dpfr6.dll
0x00007ffa40bd0000 - 0x00007ffa40c0d000 	C:\WINDOWS\SYSTEM32\dpfpdd.dll
0x00007ffa264d0000 - 0x00007ffa26543000 	C:\WINDOWS\SYSTEM32\nex_sdk.dll
0x00007ff94dd60000 - 0x00007ff94de0f000 	C:\WINDOWS\SYSTEM32\DPFPApi.DLL
0x00007ffa67da0000 - 0x00007ffa67dd3000 	C:\WINDOWS\SYSTEM32\USERENV.dll
0x00007ff9b49e0000 - 0x00007ff9b4a38000 	C:\WINDOWS\system32\DPCLBACK.dll
0x00007ffa4bdb0000 - 0x00007ffa4bdca000 	C:\WINDOWS\SYSTEM32\NETAPI32.dll
0x00007ffa67150000 - 0x00007ffa6715d000 	C:\WINDOWS\SYSTEM32\NETUTILS.DLL
0x00007ffa37120000 - 0x00007ffa37154000 	C:\WINDOWS\SYSTEM32\dpfpdd_4k.dll
0x00007ff94a5c0000 - 0x00007ff94a66f000 	C:\WINDOWS\SYSTEM32\dpDevDatx64.dll
0x00007ff94a670000 - 0x00007ff94a737000 	C:\WINDOWS\SYSTEM32\dpDevCtlx64.dll
0x00007ffa6a6d0000 - 0x00007ffa6ab57000 	C:\WINDOWS\System32\SETUPAPI.dll
0x00007ff9c7700000 - 0x00007ff9c7767000 	C:\WINDOWS\SYSTEM32\dpfpdd5000.dll
0x00007ffa43e40000 - 0x00007ffa43e6f000 	C:\WINDOWS\SYSTEM32\dpfpdd_ptapi.dll
0x0000000047000000 - 0x000000004710b000 	C:\WINDOWS\SYSTEM32\tfm.dll
0x00007ffa66e80000 - 0x00007ffa66e8f000 	C:\WINDOWS\SYSTEM32\HID.DLL
0x00007ffa29e80000 - 0x00007ffa29ecb000 	C:\WINDOWS\SYSTEM32\dpfpdd7k.dll

dbghelp: loaded successfully - version: 4.0.5 - missing functions: none
symbol engine: initialized successfully - sym options: 0x614 - pdb path: .;C:\Program Files\Java\jdk-17\bin;C:\WINDOWS\SYSTEM32;C:\WINDOWS\WinSxS\amd64_microsoft.windows.common-controls_6595b64144ccf1df_6.0.26100.8457_none_3e0b2faee331e92d;C:\Program Files\Java\jdk-17\bin\server;C:\WINDOWS\System32\DriverStore\FileRepository\nv_dispig.inf_amd64_f4c7a2fd13e0f763

VM Arguments:
java_command: com.unicesar.proyectogym.views.LoginFrame
java_class_path (initial): C:\Users\USUARIO\Documents\NetBeansProjects\ProyectoGym\target\classes;C:\Users\USUARIO\.m2\repository\com\digitalpersona\uareu\2.3.0\uareu-2.3.0.jar;C:\Users\USUARIO\.m2\repository\com\github\librepdf\openpdf\1.3.32\openpdf-1.3.32.jar;C:\Users\USUARIO\.m2\repository\org\jfree\jfreechart\1.0.19\jfreechart-1.0.19.jar;C:\Users\USUARIO\.m2\repository\org\jfree\jcommon\1.0.23\jcommon-1.0.23.jar
Launcher Type: SUN_STANDARD

[Global flags]
     intx CICompilerCount                          = 12                                        {product} {ergonomic}
     uint ConcGCThreads                            = 3                                         {product} {ergonomic}
     uint G1ConcRefinementThreads                  = 13                                        {product} {ergonomic}
   size_t G1HeapRegionSize                         = 4194304                                   {product} {ergonomic}
    uintx GCDrainStackTargetSize                   = 64                                        {product} {ergonomic}
   size_t InitialHeapSize                          = 524288000                                 {product} {ergonomic}
   size_t MarkStackSize                            = 4194304                                   {product} {ergonomic}
   size_t MaxHeapSize                              = 8355053568                                {product} {ergonomic}
   size_t MaxNewSize                               = 5012193280                                {product} {ergonomic}
   size_t MinHeapDeltaBytes                        = 4194304                                   {product} {ergonomic}
   size_t MinHeapSize                              = 8388608                                   {product} {ergonomic}
    uintx NonNMethodCodeHeapSize                   = 7602480                                {pd product} {ergonomic}
    uintx NonProfiledCodeHeapSize                  = 122027880                              {pd product} {ergonomic}
    uintx ProfiledCodeHeapSize                     = 122027880                              {pd product} {ergonomic}
    uintx ReservedCodeCacheSize                    = 251658240                              {pd product} {ergonomic}
     bool SegmentedCodeCache                       = true                                      {product} {ergonomic}
   size_t SoftMaxHeapSize                          = 8355053568                             {manageable} {ergonomic}
     bool UseCompressedClassPointers               = true                           {product lp64_product} {ergonomic}
     bool UseCompressedOops                        = true                           {product lp64_product} {ergonomic}
     bool UseG1GC                                  = true                                      {product} {ergonomic}
     bool UseLargePagesIndividualAllocation        = false                                  {pd product} {ergonomic}

Logging:
Log output configuration:
 #0: stdout all=off uptime,level,tags
 #1: stderr all=off uptime,level,tags

Environment Variables:
JAVA_HOME=C:\Program Files\Java\jdk-17
PATH=C:\oraclexe\app\oracle\product\11.2.0\server\bin;C:\Program Files\Common Files\Oracle\Java\javapath;C:\WINDOWS\system32;C:\WINDOWS;C:\WINDOWS\System32\Wbem;C:\WINDOWS\System32\WindowsPowerShell\v1.0\;C:\WINDOWS\System32\OpenSSH\;C:\Program Files\NVIDIA Corporation\NVIDIA app\NvDLISR;C:\Program Files (x86)\NVIDIA Corporation\PhysX\Common;C:\Program Files\Docker\Docker\resources\bin;C:\Program Files\Git\cmd;C:\Users\USUARIO\AppData\Local\nvm;C:\nvm4w\nodejs;C:\Program Files\dotnet\;C:\Program Files (x86)\Bitvise SSH Client;C:\Program Files\nodejs\;C:\Users\USUARIO\AppData\Local\Programs\Python\Python313\Scripts\;C:\Users\USUARIO\AppData\Local\Programs\Python\Python313\;C:\Users\USUARIO\AppData\Local\Programs\Python\Launcher\;C:\Users\USUARIO\AppData\Local\Microsoft\WindowsApps;C:\Program Files\JetBrains\IntelliJ IDEA 2024.3.4.1\bin;;C:\Program Files\JetBrains\WebStorm 2024.3.4\bin;;C:\Program Files\JetBrains\DataGrip 2024.3.5\bin;;C:\Users\USUARIO\AppData\Local\nvm;C:\nvm4w\nodejs;C:\Program Files\JetBrains\PyCharm 2025.2\bin;C:\Program Files\JetBrains\JetBrains Rider 2025.3.0.1\bin;C:\Users\USUARIO\AppData\Local\Programs\Antigravity\bin;C:\Users\USUARIO\AppData\Roaming\npm;C:\Users\USUARIO\AppData\Local\Programs\Antigravity IDE\bin
USERNAME=USUARIO
OS=Windows_NT
PROCESSOR_IDENTIFIER=AMD64 Family 25 Model 97 Stepping 2, AuthenticAMD



---------------  S Y S T E M  ---------------

OS:
 Windows 11 , 64 bit Build 26100 (10.0.26100.8328)
OS uptime: 0 days 5:50 hours
Hyper-V role detected

CPU: total 16 (initial active 16) (16 cores per cpu, 2 threads per core) family 25 model 97 stepping 2 microcode 0xa601206, cx8, cmov, fxsr, ht, mmx, 3dnowpref, sse, sse2, sse3, ssse3, sse4a, sse4.1, sse4.2, popcnt, lzcnt, tsc, tscinvbit, avx, avx2, aes, erms, clmul, bmi1, bmi2, adx, avx512f, avx512dq, avx512cd, avx512bw, avx512vl, sha, fma, vzeroupper, avx512_vpopcntdq, avx512_vpclmulqdq, avx512_vaes, avx512_vnni, clflush, clflushopt, avx512_vbmi2, avx512_vbmi, hv

Memory: 4k page, system-wide physical 31862M (16767M free)
TotalPageFile size 33910M (AvailPageFile size 12974M)
current process WorkingSet (physical memory assigned to process): 143M, peak: 187M
current process commit charge ("private bytes"): 692M, peak: 735M

vm_info: Java HotSpot(TM) 64-Bit Server VM (17.0.13+10-LTS-268) for windows-amd64 JRE (17.0.13+10-LTS-268), built on Sep 30 2024 06:33:13 by "mach5one" with MS VC++ 17.6 (VS2022)

END.
